{"meta": {"format": 3, "version": "7.8.0", "timestamp": "2025-05-20T12:22:15.071555", "branch_coverage": false, "show_contexts": false}, "files": {"argumentation_analysis\\__init__.py": {"executed_lines": [1, 9, 12, 13, 14, 15, 16, 17, 20, 21, 23, 26, 27], "summary": {"covered_lines": 12, "num_statements": 13, "percent_covered": 92.3076923076923, "percent_covered_display": "92", "missing_lines": 1, "excluded_lines": 0}, "missing_lines": [22], "excluded_lines": [], "functions": {"": {"executed_lines": [1, 9, 12, 13, 14, 15, 16, 17, 20, 21, 23, 26, 27], "summary": {"covered_lines": 12, "num_statements": 13, "percent_covered": 92.3076923076923, "percent_covered_display": "92", "missing_lines": 1, "excluded_lines": 0}, "missing_lines": [22], "excluded_lines": []}}, "classes": {"": {"executed_lines": [1, 9, 12, 13, 14, 15, 16, 17, 20, 21, 23, 26, 27], "summary": {"covered_lines": 12, "num_statements": 13, "percent_covered": 92.3076923076923, "percent_covered_display": "92", "missing_lines": 1, "excluded_lines": 0}, "missing_lines": [22], "excluded_lines": []}}}, "argumentation_analysis\\agents\\__init__.py": {"executed_lines": [1, 9, 10, 11], "summary": {"covered_lines": 3, "num_statements": 6, "percent_covered": 50.0, "percent_covered_display": "50", "missing_lines": 3, "excluded_lines": 0}, "missing_lines": [12, 13, 14], "excluded_lines": [], "functions": {"": {"executed_lines": [1, 9, 10, 11], "summary": {"covered_lines": 3, "num_statements": 6, "percent_covered": 50.0, "percent_covered_display": "50", "missing_lines": 3, "excluded_lines": 0}, "missing_lines": [12, 13, 14], "excluded_lines": []}}, "classes": {"": {"executed_lines": [1, 9, 10, 11], "summary": {"covered_lines": 3, "num_statements": 6, "percent_covered": 50.0, "percent_covered_display": "50", "missing_lines": 3, "excluded_lines": 0}, "missing_lines": [12, 13, 14], "excluded_lines": []}}}, "argumentation_analysis\\agents\\core\\__init__.py": {"executed_lines": [1, 9, 10], "summary": {"covered_lines": 2, "num_statements": 5, "percent_covered": 40.0, "percent_covered_display": "40", "missing_lines": 3, "excluded_lines": 0}, "missing_lines": [11, 12, 13], "excluded_lines": [], "functions": {"": {"executed_lines": [1, 9, 10], "summary": {"covered_lines": 2, "num_statements": 5, "percent_covered": 40.0, "percent_covered_display": "40", "missing_lines": 3, "excluded_lines": 0}, "missing_lines": [11, 12, 13], "excluded_lines": []}}, "classes": {"": {"executed_lines": [1, 9, 10], "summary": {"covered_lines": 2, "num_statements": 5, "percent_covered": 40.0, "percent_covered_display": "40", "missing_lines": 3, "excluded_lines": 0}, "missing_lines": [11, 12, 13], "excluded_lines": []}}}, "argumentation_analysis\\agents\\core\\extract\\__init__.py": {"executed_lines": [1, 10, 11, 14, 15, 16], "summary": {"covered_lines": 5, "num_statements": 7, "percent_covered": 71.42857142857143, "percent_covered_display": "71", "missing_lines": 2, "excluded_lines": 0}, "missing_lines": [12, 13], "excluded_lines": [], "functions": {"": {"executed_lines": [1, 10, 11, 14, 15, 16], "summary": {"covered_lines": 5, "num_statements": 7, "percent_covered": 71.42857142857143, "percent_covered_display": "71", "missing_lines": 2, "excluded_lines": 0}, "missing_lines": [12, 13], "excluded_lines": []}}, "classes": {"": {"executed_lines": [1, 10, 11, 14, 15, 16], "summary": {"covered_lines": 5, "num_statements": 7, "percent_covered": 71.42857142857143, "percent_covered_display": "71", "missing_lines": 2, "excluded_lines": 0}, "missing_lines": [12, 13], "excluded_lines": []}}}, "argumentation_analysis\\agents\\core\\extract\\extract_agent.py": {"executed_lines": [1, 8, 9, 10, 11, 12, 13, 14, 16], "summary": {"covered_lines": 8, "num_statements": 207, "percent_covered": 3.864734299516908, "percent_covered_display": "4", "missing_lines": 199, "excluded_lines": 1}, "missing_lines": [17, 18, 19, 22, 24, 25, 26, 30, 33, 34, 38, 40, 41, 42, 46, 49, 50, 51, 52, 53, 59, 64, 67, 68, 69, 72, 75, 93, 94, 95, 96, 97, 99, 114, 116, 119, 120, 121, 122, 130, 133, 134, 137, 140, 141, 143, 144, 145, 146, 147, 148, 149, 152, 153, 155, 156, 157, 158, 159, 162, 163, 166, 169, 176, 179, 180, 182, 183, 184, 185, 186, 187, 188, 196, 198, 199, 200, 203, 204, 206, 207, 208, 209, 211, 219, 220, 221, 222, 225, 226, 227, 236, 241, 242, 243, 255, 266, 269, 270, 272, 273, 274, 275, 276, 277, 278, 290, 292, 293, 294, 297, 298, 300, 301, 303, 309, 310, 313, 314, 315, 327, 328, 339, 356, 357, 359, 360, 361, 363, 364, 365, 367, 370, 371, 372, 373, 381, 386, 387, 388, 400, 403, 406, 407, 408, 410, 411, 413, 432, 433, 434, 436, 437, 438, 439, 440, 441, 442, 444, 445, 446, 447, 448, 449, 452, 463, 464, 466, 485, 486, 487, 489, 490, 491, 494, 500, 501, 504, 505, 508, 511, 520, 522, 525, 535, 538, 539, 540, 541, 542, 545, 546, 548, 550, 558, 567, 570, 578, 579], "excluded_lines": [104], "functions": {"ExtractAgent.__init__": {"executed_lines": [], "summary": {"covered_lines": 0, "num_statements": 5, "percent_covered": 0.0, "percent_covered_display": "0", "missing_lines": 5, "excluded_lines": 0}, "missing_lines": [93, 94, 95, 96, 97], "excluded_lines": []}, "ExtractAgent.extract_from_name": {"executed_lines": [], "summary": {"covered_lines": 0, "num_statements": 89, "percent_covered": 0.0, "percent_covered_display": "0", "missing_lines": 89, "excluded_lines": 1}, "missing_lines": [114, 116, 119, 120, 121, 122, 130, 133, 134, 137, 140, 141, 143, 144, 145, 146, 147, 148, 149, 152, 153, 155, 156, 157, 158, 159, 162, 163, 166, 169, 176, 179, 180, 182, 183, 184, 185, 186, 187, 188, 196, 198, 199, 200, 203, 204, 206, 207, 208, 209, 211, 219, 220, 221, 222, 225, 226, 227, 236, 241, 242, 243, 255, 266, 269, 270, 272, 273, 274, 275, 276, 277, 278, 290, 292, 293, 294, 297, 298, 300, 301, 303, 309, 310, 313, 314, 315, 327, 328], "excluded_lines": [104]}, "ExtractAgent.repair_extract": {"executed_lines": [], "summary": {"covered_lines": 0, "num_statements": 24, "percent_covered": 0.0, "percent_covered_display": "0", "missing_lines": 24, "excluded_lines": 0}, "missing_lines": [356, 357, 359, 360, 361, 363, 364, 365, 367, 370, 371, 372, 373, 381, 386, 387, 388, 400, 403, 406, 407, 408, 410, 411], "excluded_lines": []}, "ExtractAgent.update_extract_markers": {"executed_lines": [], "summary": {"covered_lines": 0, "num_statements": 19, "percent_covered": 0.0, "percent_covered_display": "0", "missing_lines": 19, "excluded_lines": 0}, "missing_lines": [432, 433, 434, 436, 437, 438, 439, 440, 441, 442, 444, 445, 446, 447, 448, 449, 452, 463, 464], "excluded_lines": []}, "ExtractAgent.add_new_extract": {"executed_lines": [], "summary": {"covered_lines": 0, "num_statements": 15, "percent_covered": 0.0, "percent_covered_display": "0", "missing_lines": 15, "excluded_lines": 0}, "missing_lines": [485, 486, 487, 489, 490, 491, 494, 500, 501, 504, 505, 508, 511, 520, 522], "excluded_lines": []}, "setup_extract_agent": {"executed_lines": [], "summary": {"covered_lines": 0, "num_statements": 15, "percent_covered": 0.0, "percent_covered_display": "0", "missing_lines": 15, "excluded_lines": 0}, "missing_lines": [535, 538, 539, 540, 541, 542, 545, 546, 548, 550, 558, 567, 570, 578, 579], "excluded_lines": []}, "": {"executed_lines": [1, 8, 9, 10, 11, 12, 13, 14, 16], "summary": {"covered_lines": 8, "num_statements": 40, "percent_covered": 20.0, "percent_covered_display": "20", "missing_lines": 32, "excluded_lines": 0}, "missing_lines": [17, 18, 19, 22, 24, 25, 26, 30, 33, 34, 38, 40, 41, 42, 46, 49, 50, 51, 52, 53, 59, 64, 67, 68, 69, 72, 75, 99, 339, 413, 466, 525], "excluded_lines": []}}, "classes": {"ExtractAgent": {"executed_lines": [], "summary": {"covered_lines": 0, "num_statements": 152, "percent_covered": 0.0, "percent_covered_display": "0", "missing_lines": 152, "excluded_lines": 1}, "missing_lines": [93, 94, 95, 96, 97, 114, 116, 119, 120, 121, 122, 130, 133, 134, 137, 140, 141, 143, 144, 145, 146, 147, 148, 149, 152, 153, 155, 156, 157, 158, 159, 162, 163, 166, 169, 176, 179, 180, 182, 183, 184, 185, 186, 187, 188, 196, 198, 199, 200, 203, 204, 206, 207, 208, 209, 211, 219, 220, 221, 222, 225, 226, 227, 236, 241, 242, 243, 255, 266, 269, 270, 272, 273, 274, 275, 276, 277, 278, 290, 292, 293, 294, 297, 298, 300, 301, 303, 309, 310, 313, 314, 315, 327, 328, 356, 357, 359, 360, 361, 363, 364, 365, 367, 370, 371, 372, 373, 381, 386, 387, 388, 400, 403, 406, 407, 408, 410, 411, 432, 433, 434, 436, 437, 438, 439, 440, 441, 442, 444, 445, 446, 447, 448, 449, 452, 463, 464, 485, 486, 487, 489, 490, 491, 494, 500, 501, 504, 505, 508, 511, 520, 522], "excluded_lines": [104]}, "": {"executed_lines": [1, 8, 9, 10, 11, 12, 13, 14, 16], "summary": {"covered_lines": 8, "num_statements": 55, "percent_covered": 14.545454545454545, "percent_covered_display": "15", "missing_lines": 47, "excluded_lines": 0}, "missing_lines": [17, 18, 19, 22, 24, 25, 26, 30, 33, 34, 38, 40, 41, 42, 46, 49, 50, 51, 52, 53, 59, 64, 67, 68, 69, 72, 75, 99, 339, 413, 466, 525, 535, 538, 539, 540, 541, 542, 545, 546, 548, 550, 558, 567, 570, 578, 579], "excluded_lines": []}}}, "argumentation_analysis\\agents\\core\\extract\\extract_definitions.py": {"executed_lines": [], "summary": {"covered_lines": 0, "num_statements": 94, "percent_covered": 0.0, "percent_covered_display": "0", "missing_lines": 94, "excluded_lines": 0}, "missing_lines": [8, 9, 10, 13, 18, 21, 22, 23, 26, 29, 55, 56, 57, 58, 59, 60, 61, 62, 63, 65, 67, 79, 80, 82, 95, 98, 100, 102, 121, 122, 124, 126, 128, 129, 131, 132, 134, 135, 136, 137, 139, 145, 146, 147, 148, 151, 152, 154, 155, 161, 163, 182, 183, 185, 186, 189, 190, 191, 192, 195, 197, 198, 199, 202, 203, 204, 206, 214, 216, 233, 234, 236, 237, 239, 240, 241, 242, 244, 250, 252, 254, 257, 260, 280, 281, 282, 283, 284, 285, 287, 289, 298, 299, 301], "excluded_lines": [], "functions": {"ExtractResult.__init__": {"executed_lines": [], "summary": {"covered_lines": 0, "num_statements": 9, "percent_covered": 0.0, "percent_covered_display": "0", "missing_lines": 9, "excluded_lines": 0}, "missing_lines": [55, 56, 57, 58, 59, 60, 61, 62, 63], "excluded_lines": []}, "ExtractResult.to_dict": {"executed_lines": [], "summary": {"covered_lines": 0, "num_statements": 1, "percent_covered": 0.0, "percent_covered_display": "0", "missing_lines": 1, "excluded_lines": 0}, "missing_lines": [67], "excluded_lines": []}, "ExtractResult.from_dict": {"executed_lines": [], "summary": {"covered_lines": 0, "num_statements": 1, "percent_covered": 0.0, "percent_covered_display": "0", "missing_lines": 1, "excluded_lines": 0}, "missing_lines": [82], "excluded_lines": []}, "ExtractAgentPlugin.__init__": {"executed_lines": [], "summary": {"covered_lines": 0, "num_statements": 1, "percent_covered": 0.0, "percent_covered_display": "0", "missing_lines": 1, "excluded_lines": 0}, "missing_lines": [100], "excluded_lines": []}, "ExtractAgentPlugin.find_similar_markers": {"executed_lines": [], "summary": {"covered_lines": 0, "num_statements": 22, "percent_covered": 0.0, "percent_covered_display": "0", "missing_lines": 22, "excluded_lines": 0}, "missing_lines": [121, 122, 124, 126, 128, 129, 131, 132, 134, 135, 136, 137, 139, 145, 146, 147, 148, 151, 152, 154, 155, 161], "excluded_lines": []}, "ExtractAgentPlugin.search_text_dichotomically": {"executed_lines": [], "summary": {"covered_lines": 0, "num_statements": 17, "percent_covered": 0.0, "percent_covered_display": "0", "missing_lines": 17, "excluded_lines": 0}, "missing_lines": [182, 183, 185, 186, 189, 190, 191, 192, 195, 197, 198, 199, 202, 203, 204, 206, 214], "excluded_lines": []}, "ExtractAgentPlugin.extract_blocks": {"executed_lines": [], "summary": {"covered_lines": 0, "num_statements": 10, "percent_covered": 0.0, "percent_covered_display": "0", "missing_lines": 10, "excluded_lines": 0}, "missing_lines": [233, 234, 236, 237, 239, 240, 241, 242, 244, 250], "excluded_lines": []}, "ExtractAgentPlugin.get_extract_results": {"executed_lines": [], "summary": {"covered_lines": 0, "num_statements": 1, "percent_covered": 0.0, "percent_covered_display": "0", "missing_lines": 1, "excluded_lines": 0}, "missing_lines": [254], "excluded_lines": []}, "ExtractDefinition.__init__": {"executed_lines": [], "summary": {"covered_lines": 0, "num_statements": 6, "percent_covered": 0.0, "percent_covered_display": "0", "missing_lines": 6, "excluded_lines": 0}, "missing_lines": [280, 281, 282, 283, 284, 285], "excluded_lines": []}, "ExtractDefinition.to_dict": {"executed_lines": [], "summary": {"covered_lines": 0, "num_statements": 1, "percent_covered": 0.0, "percent_covered_display": "0", "missing_lines": 1, "excluded_lines": 0}, "missing_lines": [289], "excluded_lines": []}, "ExtractDefinition.from_dict": {"executed_lines": [], "summary": {"covered_lines": 0, "num_statements": 1, "percent_covered": 0.0, "percent_covered_display": "0", "missing_lines": 1, "excluded_lines": 0}, "missing_lines": [301], "excluded_lines": []}, "": {"executed_lines": [], "summary": {"covered_lines": 0, "num_statements": 24, "percent_covered": 0.0, "percent_covered_display": "0", "missing_lines": 24, "excluded_lines": 0}, "missing_lines": [8, 9, 10, 13, 18, 21, 22, 23, 26, 29, 65, 79, 80, 95, 98, 102, 163, 216, 252, 257, 260, 287, 298, 299], "excluded_lines": []}}, "classes": {"ExtractResult": {"executed_lines": [], "summary": {"covered_lines": 0, "num_statements": 11, "percent_covered": 0.0, "percent_covered_display": "0", "missing_lines": 11, "excluded_lines": 0}, "missing_lines": [55, 56, 57, 58, 59, 60, 61, 62, 63, 67, 82], "excluded_lines": []}, "ExtractAgentPlugin": {"executed_lines": [], "summary": {"covered_lines": 0, "num_statements": 51, "percent_covered": 0.0, "percent_covered_display": "0", "missing_lines": 51, "excluded_lines": 0}, "missing_lines": [100, 121, 122, 124, 126, 128, 129, 131, 132, 134, 135, 136, 137, 139, 145, 146, 147, 148, 151, 152, 154, 155, 161, 182, 183, 185, 186, 189, 190, 191, 192, 195, 197, 198, 199, 202, 203, 204, 206, 214, 233, 234, 236, 237, 239, 240, 241, 242, 244, 250, 254], "excluded_lines": []}, "ExtractDefinition": {"executed_lines": [], "summary": {"covered_lines": 0, "num_statements": 8, "percent_covered": 0.0, "percent_covered_display": "0", "missing_lines": 8, "excluded_lines": 0}, "missing_lines": [280, 281, 282, 283, 284, 285, 289, 301], "excluded_lines": []}, "": {"executed_lines": [], "summary": {"covered_lines": 0, "num_statements": 24, "percent_covered": 0.0, "percent_covered_display": "0", "missing_lines": 24, "excluded_lines": 0}, "missing_lines": [8, 9, 10, 13, 18, 21, 22, 23, 26, 29, 65, 79, 80, 95, 98, 102, 163, 216, 252, 257, 260, 287, 298, 299], "excluded_lines": []}}}, "argumentation_analysis\\agents\\core\\extract\\prompts.py": {"executed_lines": [], "summary": {"covered_lines": 0, "num_statements": 4, "percent_covered": 0.0, "percent_covered_display": "0", "missing_lines": 4, "excluded_lines": 3}, "missing_lines": [37, 63, 83, 105], "excluded_lines": [1, 9, 130], "functions": {"": {"executed_lines": [], "summary": {"covered_lines": 0, "num_statements": 4, "percent_covered": 0.0, "percent_covered_display": "0", "missing_lines": 4, "excluded_lines": 3}, "missing_lines": [37, 63, 83, 105], "excluded_lines": [1, 9, 130]}}, "classes": {"": {"executed_lines": [], "summary": {"covered_lines": 0, "num_statements": 4, "percent_covered": 0.0, "percent_covered_display": "0", "missing_lines": 4, "excluded_lines": 3}, "missing_lines": [37, 63, 83, 105], "excluded_lines": [1, 9, 130]}}}, "argumentation_analysis\\agents\\core\\informal\\__init__.py": {"executed_lines": [], "summary": {"covered_lines": 0, "num_statements": 0, "percent_covered": 100.0, "percent_covered_display": "100", "missing_lines": 0, "excluded_lines": 0}, "missing_lines": [], "excluded_lines": [], "functions": {"": {"executed_lines": [], "summary": {"covered_lines": 0, "num_statements": 0, "percent_covered": 100.0, "percent_covered_display": "100", "missing_lines": 0, "excluded_lines": 0}, "missing_lines": [], "excluded_lines": []}}, "classes": {"": {"executed_lines": [], "summary": {"covered_lines": 0, "num_statements": 0, "percent_covered": 100.0, "percent_covered_display": "100", "missing_lines": 0, "excluded_lines": 0}, "missing_lines": [], "excluded_lines": []}}}, "argumentation_analysis\\agents\\core\\informal\\informal_definitions.py": {"executed_lines": [], "summary": {"covered_lines": 0, "num_statements": 223, "percent_covered": 0.0, "percent_covered_display": "0", "missing_lines": 223, "excluded_lines": 0}, "missing_lines": [13, 14, 15, 16, 17, 18, 19, 20, 21, 25, 26, 27, 28, 31, 36, 39, 41, 45, 54, 58, 59, 62, 63, 64, 67, 69, 74, 76, 78, 79, 82, 83, 84, 87, 88, 91, 92, 94, 95, 96, 97, 99, 103, 104, 105, 107, 111, 117, 118, 119, 122, 123, 126, 127, 128, 129, 132, 134, 136, 146, 148, 149, 151, 153, 155, 158, 159, 161, 163, 164, 165, 166, 169, 170, 176, 178, 180, 192, 194, 195, 198, 199, 200, 201, 204, 207, 208, 211, 212, 220, 222, 224, 228, 233, 234, 235, 238, 239, 240, 241, 244, 245, 246, 247, 249, 250, 251, 252, 255, 257, 258, 259, 261, 262, 263, 264, 266, 268, 269, 270, 271, 278, 280, 281, 283, 284, 286, 288, 291, 292, 293, 294, 295, 300, 302, 304, 315, 317, 318, 319, 320, 321, 323, 324, 325, 326, 328, 329, 330, 332, 334, 335, 336, 337, 338, 339, 341, 351, 353, 355, 356, 357, 358, 359, 360, 362, 363, 364, 365, 366, 367, 368, 370, 371, 372, 373, 374, 375, 376, 377, 379, 382, 387, 388, 390, 392, 393, 394, 395, 397, 398, 399, 400, 401, 402, 403, 405, 407, 414, 417, 418, 425, 426, 427, 430, 431, 438, 439, 440, 441, 442, 446, 447, 448, 449, 450, 452, 454, 456, 460, 536, 538, 541], "excluded_lines": [], "functions": {"InformalAnalysisPlugin.__init__": {"executed_lines": [], "summary": {"covered_lines": 0, "num_statements": 6, "percent_covered": 0.0, "percent_covered_display": "0", "missing_lines": 6, "excluded_lines": 0}, "missing_lines": [58, 59, 62, 63, 64, 67], "excluded_lines": []}, "InformalAnalysisPlugin._internal_load_and_prepare_dataframe": {"executed_lines": [], "summary": {"covered_lines": 0, "num_statements": 15, "percent_covered": 0.0, "percent_covered_display": "0", "missing_lines": 15, "excluded_lines": 0}, "missing_lines": [74, 76, 78, 79, 82, 83, 84, 87, 88, 91, 92, 94, 95, 96, 97], "excluded_lines": []}, "InformalAnalysisPlugin._get_taxonomy_dataframe": {"executed_lines": [], "summary": {"covered_lines": 0, "num_statements": 3, "percent_covered": 0.0, "percent_covered_display": "0", "missing_lines": 3, "excluded_lines": 0}, "missing_lines": [103, 104, 105], "excluded_lines": []}, "InformalAnalysisPlugin._internal_explore_hierarchy": {"executed_lines": [], "summary": {"covered_lines": 0, "num_statements": 30, "percent_covered": 0.0, "percent_covered_display": "0", "missing_lines": 30, "excluded_lines": 0}, "missing_lines": [111, 117, 118, 119, 122, 123, 126, 127, 128, 129, 132, 134, 136, 146, 148, 149, 151, 153, 155, 158, 159, 161, 163, 164, 165, 166, 169, 170, 176, 178], "excluded_lines": []}, "InformalAnalysisPlugin._internal_get_children_details": {"executed_lines": [], "summary": {"covered_lines": 0, "num_statements": 14, "percent_covered": 0.0, "percent_covered_display": "0", "missing_lines": 14, "excluded_lines": 0}, "missing_lines": [192, 194, 195, 198, 199, 200, 201, 204, 207, 208, 211, 212, 220, 222], "excluded_lines": []}, "InformalAnalysisPlugin._internal_get_node_details": {"executed_lines": [], "summary": {"covered_lines": 0, "num_statements": 43, "percent_covered": 0.0, "percent_covered_display": "0", "missing_lines": 43, "excluded_lines": 0}, "missing_lines": [228, 233, 234, 235, 238, 239, 240, 241, 244, 245, 246, 247, 249, 250, 251, 252, 255, 257, 258, 259, 261, 262, 263, 264, 266, 268, 269, 270, 271, 278, 280, 281, 283, 284, 286, 288, 291, 292, 293, 294, 295, 300, 302], "excluded_lines": []}, "InformalAnalysisPlugin.explore_fallacy_hierarchy": {"executed_lines": [], "summary": {"covered_lines": 0, "num_statements": 20, "percent_covered": 0.0, "percent_covered_display": "0", "missing_lines": 20, "excluded_lines": 0}, "missing_lines": [315, 317, 318, 319, 320, 321, 323, 324, 325, 326, 328, 329, 330, 332, 334, 335, 336, 337, 338, 339], "excluded_lines": []}, "InformalAnalysisPlugin.get_fallacy_details": {"executed_lines": [], "summary": {"covered_lines": 0, "num_statements": 23, "percent_covered": 0.0, "percent_covered_display": "0", "missing_lines": 23, "excluded_lines": 0}, "missing_lines": [351, 353, 355, 356, 357, 358, 359, 360, 362, 363, 364, 365, 366, 367, 368, 370, 371, 372, 373, 374, 375, 376, 377], "excluded_lines": []}, "setup_informal_kernel": {"executed_lines": [], "summary": {"covered_lines": 0, "num_statements": 37, "percent_covered": 0.0, "percent_covered_display": "0", "missing_lines": 37, "excluded_lines": 0}, "missing_lines": [387, 388, 390, 392, 393, 394, 395, 397, 398, 399, 400, 401, 402, 403, 405, 407, 414, 417, 418, 425, 426, 427, 430, 431, 438, 439, 440, 441, 442, 446, 447, 448, 449, 450, 452, 454, 456], "excluded_lines": []}, "": {"executed_lines": [], "summary": {"covered_lines": 0, "num_statements": 32, "percent_covered": 0.0, "percent_covered_display": "0", "missing_lines": 32, "excluded_lines": 0}, "missing_lines": [13, 14, 15, 16, 17, 18, 19, 20, 21, 25, 26, 27, 28, 31, 36, 39, 41, 45, 54, 69, 99, 107, 180, 224, 304, 341, 379, 382, 460, 536, 538, 541], "excluded_lines": []}}, "classes": {"InformalAnalysisPlugin": {"executed_lines": [], "summary": {"covered_lines": 0, "num_statements": 154, "percent_covered": 0.0, "percent_covered_display": "0", "missing_lines": 154, "excluded_lines": 0}, "missing_lines": [58, 59, 62, 63, 64, 67, 74, 76, 78, 79, 82, 83, 84, 87, 88, 91, 92, 94, 95, 96, 97, 103, 104, 105, 111, 117, 118, 119, 122, 123, 126, 127, 128, 129, 132, 134, 136, 146, 148, 149, 151, 153, 155, 158, 159, 161, 163, 164, 165, 166, 169, 170, 176, 178, 192, 194, 195, 198, 199, 200, 201, 204, 207, 208, 211, 212, 220, 222, 228, 233, 234, 235, 238, 239, 240, 241, 244, 245, 246, 247, 249, 250, 251, 252, 255, 257, 258, 259, 261, 262, 263, 264, 266, 268, 269, 270, 271, 278, 280, 281, 283, 284, 286, 288, 291, 292, 293, 294, 295, 300, 302, 315, 317, 318, 319, 320, 321, 323, 324, 325, 326, 328, 329, 330, 332, 334, 335, 336, 337, 338, 339, 351, 353, 355, 356, 357, 358, 359, 360, 362, 363, 364, 365, 366, 367, 368, 370, 371, 372, 373, 374, 375, 376, 377], "excluded_lines": []}, "": {"executed_lines": [], "summary": {"covered_lines": 0, "num_statements": 69, "percent_covered": 0.0, "percent_covered_display": "0", "missing_lines": 69, "excluded_lines": 0}, "missing_lines": [13, 14, 15, 16, 17, 18, 19, 20, 21, 25, 26, 27, 28, 31, 36, 39, 41, 45, 54, 69, 99, 107, 180, 224, 304, 341, 379, 382, 387, 388, 390, 392, 393, 394, 395, 397, 398, 399, 400, 401, 402, 403, 405, 407, 414, 417, 418, 425, 426, 427, 430, 431, 438, 439, 440, 441, 442, 446, 447, 448, 449, 450, 452, 454, 456, 460, 536, 538, 541], "excluded_lines": []}}}, "argumentation_analysis\\agents\\core\\informal\\prompts.py": {"executed_lines": [], "summary": {"covered_lines": 0, "num_statements": 5, "percent_covered": 0.0, "percent_covered_display": "0", "missing_lines": 5, "excluded_lines": 0}, "missing_lines": [2, 5, 30, 49, 73], "excluded_lines": [], "functions": {"": {"executed_lines": [], "summary": {"covered_lines": 0, "num_statements": 5, "percent_covered": 0.0, "percent_covered_display": "0", "missing_lines": 5, "excluded_lines": 0}, "missing_lines": [2, 5, 30, 49, 73], "excluded_lines": []}}, "classes": {"": {"executed_lines": [], "summary": {"covered_lines": 0, "num_statements": 5, "percent_covered": 0.0, "percent_covered_display": "0", "missing_lines": 5, "excluded_lines": 0}, "missing_lines": [2, 5, 30, 49, 73], "excluded_lines": []}}}, "argumentation_analysis\\agents\\core\\pl\\__init__.py": {"executed_lines": [], "summary": {"covered_lines": 0, "num_statements": 0, "percent_covered": 100.0, "percent_covered_display": "100", "missing_lines": 0, "excluded_lines": 0}, "missing_lines": [], "excluded_lines": [], "functions": {"": {"executed_lines": [], "summary": {"covered_lines": 0, "num_statements": 0, "percent_covered": 100.0, "percent_covered_display": "100", "missing_lines": 0, "excluded_lines": 0}, "missing_lines": [], "excluded_lines": []}}, "classes": {"": {"executed_lines": [], "summary": {"covered_lines": 0, "num_statements": 0, "percent_covered": 100.0, "percent_covered_display": "100", "missing_lines": 0, "excluded_lines": 0}, "missing_lines": [], "excluded_lines": []}}}, "argumentation_analysis\\agents\\core\\pl\\pl_definitions.py": {"executed_lines": [], "summary": {"covered_lines": 0, "num_statements": 178, "percent_covered": 0.0, "percent_covered_display": "0", "missing_lines": 178, "excluded_lines": 2}, "missing_lines": [2, 3, 4, 5, 6, 7, 10, 13, 14, 15, 18, 19, 22, 27, 28, 29, 30, 31, 32, 33, 35, 36, 37, 38, 39, 41, 44, 45, 46, 47, 50, 51, 53, 54, 55, 57, 58, 60, 61, 62, 63, 64, 66, 67, 68, 69, 70, 71, 72, 73, 74, 75, 76, 77, 78, 79, 81, 82, 83, 84, 85, 86, 87, 88, 90, 91, 92, 94, 95, 96, 97, 98, 100, 101, 102, 103, 104, 106, 107, 108, 109, 111, 112, 113, 114, 115, 117, 118, 121, 122, 124, 125, 128, 129, 132, 133, 134, 136, 137, 138, 139, 140, 141, 142, 143, 144, 145, 148, 152, 154, 155, 156, 157, 158, 159, 160, 161, 162, 163, 164, 165, 166, 168, 169, 170, 171, 172, 173, 174, 175, 176, 177, 178, 181, 185, 190, 191, 194, 195, 196, 199, 202, 203, 209, 210, 211, 214, 215, 216, 217, 220, 226, 227, 229, 230, 231, 234, 235, 242, 245, 246, 248, 249, 250, 251, 252, 253, 256, 257, 258, 259, 261, 263, 265, 269, 318, 319, 322], "excluded_lines": [105, 208], "functions": {"PropositionalLogicPlugin.__init__": {"executed_lines": [], "summary": {"covered_lines": 0, "num_statements": 4, "percent_covered": 0.0, "percent_covered_display": "0", "missing_lines": 4, "excluded_lines": 0}, "missing_lines": [36, 37, 38, 39], "excluded_lines": []}, "PropositionalLogicPlugin._initialize_jvm_components": {"executed_lines": [], "summary": {"covered_lines": 0, "num_statements": 16, "percent_covered": 0.0, "percent_covered_display": "0", "missing_lines": 16, "excluded_lines": 0}, "missing_lines": [44, 45, 46, 47, 50, 51, 53, 54, 55, 57, 58, 60, 61, 62, 63, 64], "excluded_lines": []}, "PropositionalLogicPlugin._internal_parse_formula": {"executed_lines": [], "summary": {"covered_lines": 0, "num_statements": 13, "percent_covered": 0.0, "percent_covered_display": "0", "missing_lines": 13, "excluded_lines": 0}, "missing_lines": [67, 68, 69, 70, 71, 72, 73, 74, 75, 76, 77, 78, 79], "excluded_lines": []}, "PropositionalLogicPlugin._internal_parse_belief_set": {"executed_lines": [], "summary": {"covered_lines": 0, "num_statements": 24, "percent_covered": 0.0, "percent_covered_display": "0", "missing_lines": 24, "excluded_lines": 1}, "missing_lines": [82, 83, 84, 85, 86, 87, 88, 90, 91, 92, 94, 95, 96, 97, 98, 100, 101, 102, 103, 104, 106, 107, 108, 109], "excluded_lines": [105]}, "PropositionalLogicPlugin._internal_execute_query": {"executed_lines": [], "summary": {"covered_lines": 0, "num_statements": 25, "percent_covered": 0.0, "percent_covered_display": "0", "missing_lines": 25, "excluded_lines": 0}, "missing_lines": [112, 113, 114, 115, 117, 118, 121, 122, 124, 125, 128, 129, 132, 133, 134, 136, 137, 138, 139, 140, 141, 142, 143, 144, 145], "excluded_lines": []}, "PropositionalLogicPlugin.execute_pl_query": {"executed_lines": [], "summary": {"covered_lines": 0, "num_statements": 24, "percent_covered": 0.0, "percent_covered_display": "0", "missing_lines": 24, "excluded_lines": 0}, "missing_lines": [154, 155, 156, 157, 158, 159, 160, 161, 162, 163, 164, 165, 166, 168, 169, 170, 171, 172, 173, 174, 175, 176, 177, 178], "excluded_lines": []}, "setup_pl_kernel": {"executed_lines": [], "summary": {"covered_lines": 0, "num_statements": 39, "percent_covered": 0.0, "percent_covered_display": "0", "missing_lines": 39, "excluded_lines": 1}, "missing_lines": [190, 191, 194, 195, 196, 199, 202, 203, 209, 210, 211, 214, 215, 216, 217, 220, 226, 227, 229, 230, 231, 234, 235, 242, 245, 246, 248, 249, 250, 251, 252, 253, 256, 257, 258, 259, 261, 263, 265], "excluded_lines": [208]}, "": {"executed_lines": [], "summary": {"covered_lines": 0, "num_statements": 33, "percent_covered": 0.0, "percent_covered_display": "0", "missing_lines": 33, "excluded_lines": 0}, "missing_lines": [2, 3, 4, 5, 6, 7, 10, 13, 14, 15, 18, 19, 22, 27, 28, 29, 30, 31, 32, 33, 35, 41, 66, 81, 111, 148, 152, 181, 185, 269, 318, 319, 322], "excluded_lines": []}}, "classes": {"PropositionalLogicPlugin": {"executed_lines": [], "summary": {"covered_lines": 0, "num_statements": 106, "percent_covered": 0.0, "percent_covered_display": "0", "missing_lines": 106, "excluded_lines": 1}, "missing_lines": [36, 37, 38, 39, 44, 45, 46, 47, 50, 51, 53, 54, 55, 57, 58, 60, 61, 62, 63, 64, 67, 68, 69, 70, 71, 72, 73, 74, 75, 76, 77, 78, 79, 82, 83, 84, 85, 86, 87, 88, 90, 91, 92, 94, 95, 96, 97, 98, 100, 101, 102, 103, 104, 106, 107, 108, 109, 112, 113, 114, 115, 117, 118, 121, 122, 124, 125, 128, 129, 132, 133, 134, 136, 137, 138, 139, 140, 141, 142, 143, 144, 145, 154, 155, 156, 157, 158, 159, 160, 161, 162, 163, 164, 165, 166, 168, 169, 170, 171, 172, 173, 174, 175, 176, 177, 178], "excluded_lines": [105]}, "": {"executed_lines": [], "summary": {"covered_lines": 0, "num_statements": 72, "percent_covered": 0.0, "percent_covered_display": "0", "missing_lines": 72, "excluded_lines": 1}, "missing_lines": [2, 3, 4, 5, 6, 7, 10, 13, 14, 15, 18, 19, 22, 27, 28, 29, 30, 31, 32, 33, 35, 41, 66, 81, 111, 148, 152, 181, 185, 190, 191, 194, 195, 196, 199, 202, 203, 209, 210, 211, 214, 215, 216, 217, 220, 226, 227, 229, 230, 231, 234, 235, 242, 245, 246, 248, 249, 250, 251, 252, 253, 256, 257, 258, 259, 261, 263, 265, 269, 318, 319, 322], "excluded_lines": [208]}}}, "argumentation_analysis\\agents\\core\\pl\\prompts.py": {"executed_lines": [], "summary": {"covered_lines": 0, "num_statements": 8, "percent_covered": 0.0, "percent_covered_display": "0", "missing_lines": 8, "excluded_lines": 0}, "missing_lines": [2, 5, 25, 47, 80, 81, 82, 85], "excluded_lines": [], "functions": {"": {"executed_lines": [], "summary": {"covered_lines": 0, "num_statements": 8, "percent_covered": 0.0, "percent_covered_display": "0", "missing_lines": 8, "excluded_lines": 0}, "missing_lines": [2, 5, 25, 47, 80, 81, 82, 85], "excluded_lines": []}}, "classes": {"": {"executed_lines": [], "summary": {"covered_lines": 0, "num_statements": 8, "percent_covered": 0.0, "percent_covered_display": "0", "missing_lines": 8, "excluded_lines": 0}, "missing_lines": [2, 5, 25, 47, 80, 81, 82, 85], "excluded_lines": []}}}, "argumentation_analysis\\agents\\core\\pm\\__init__.py": {"executed_lines": [], "summary": {"covered_lines": 0, "num_statements": 0, "percent_covered": 100.0, "percent_covered_display": "100", "missing_lines": 0, "excluded_lines": 0}, "missing_lines": [], "excluded_lines": [], "functions": {"": {"executed_lines": [], "summary": {"covered_lines": 0, "num_statements": 0, "percent_covered": 100.0, "percent_covered_display": "100", "missing_lines": 0, "excluded_lines": 0}, "missing_lines": [], "excluded_lines": []}}, "classes": {"": {"executed_lines": [], "summary": {"covered_lines": 0, "num_statements": 0, "percent_covered": 100.0, "percent_covered_display": "100", "missing_lines": 0, "excluded_lines": 0}, "missing_lines": [], "excluded_lines": []}}}, "argumentation_analysis\\agents\\core\\pm\\pm_definitions.py": {"executed_lines": [], "summary": {"covered_lines": 0, "num_statements": 33, "percent_covered": 0.0, "percent_covered_display": "0", "missing_lines": 33, "excluded_lines": 2}, "missing_lines": [2, 3, 5, 7, 8, 11, 16, 19, 21, 22, 24, 25, 26, 28, 30, 31, 32, 33, 34, 35, 36, 38, 39, 45, 46, 48, 49, 55, 56, 58, 89, 90, 93], "excluded_lines": [14, 62], "functions": {"setup_pm_kernel": {"executed_lines": [], "summary": {"covered_lines": 0, "num_statements": 22, "percent_covered": 0.0, "percent_covered_display": "0", "missing_lines": 22, "excluded_lines": 0}, "missing_lines": [21, 22, 24, 25, 26, 28, 30, 31, 32, 33, 34, 35, 36, 38, 39, 45, 46, 48, 49, 55, 56, 58], "excluded_lines": []}, "": {"executed_lines": [], "summary": {"covered_lines": 0, "num_statements": 11, "percent_covered": 0.0, "percent_covered_display": "0", "missing_lines": 11, "excluded_lines": 2}, "missing_lines": [2, 3, 5, 7, 8, 11, 16, 19, 89, 90, 93], "excluded_lines": [14, 62]}}, "classes": {"ProjectManagerPlugin": {"executed_lines": [], "summary": {"covered_lines": 0, "num_statements": 0, "percent_covered": 100.0, "percent_covered_display": "100", "missing_lines": 0, "excluded_lines": 0}, "missing_lines": [], "excluded_lines": []}, "": {"executed_lines": [], "summary": {"covered_lines": 0, "num_statements": 33, "percent_covered": 0.0, "percent_covered_display": "0", "missing_lines": 33, "excluded_lines": 2}, "missing_lines": [2, 3, 5, 7, 8, 11, 16, 19, 21, 22, 24, 25, 26, 28, 30, 31, 32, 33, 34, 35, 36, 38, 39, 45, 46, 48, 49, 55, 56, 58, 89, 90, 93], "excluded_lines": [14, 62]}}}, "argumentation_analysis\\agents\\core\\pm\\prompts.py": {"executed_lines": [], "summary": {"covered_lines": 0, "num_statements": 5, "percent_covered": 0.0, "percent_covered_display": "0", "missing_lines": 5, "excluded_lines": 1}, "missing_lines": [2, 56, 59, 92, 95], "excluded_lines": [5], "functions": {"": {"executed_lines": [], "summary": {"covered_lines": 0, "num_statements": 5, "percent_covered": 0.0, "percent_covered_display": "0", "missing_lines": 5, "excluded_lines": 1}, "missing_lines": [2, 56, 59, 92, 95], "excluded_lines": [5]}}, "classes": {"": {"executed_lines": [], "summary": {"covered_lines": 0, "num_statements": 5, "percent_covered": 0.0, "percent_covered_display": "0", "missing_lines": 5, "excluded_lines": 1}, "missing_lines": [2, 56, 59, 92, 95], "excluded_lines": [5]}}}, "argumentation_analysis\\agents\\docs\\__init__.py": {"executed_lines": [], "summary": {"covered_lines": 0, "num_statements": 0, "percent_covered": 100.0, "percent_covered_display": "100", "missing_lines": 0, "excluded_lines": 0}, "missing_lines": [], "excluded_lines": [], "functions": {"": {"executed_lines": [], "summary": {"covered_lines": 0, "num_statements": 0, "percent_covered": 100.0, "percent_covered_display": "100", "missing_lines": 0, "excluded_lines": 0}, "missing_lines": [], "excluded_lines": []}}, "classes": {"": {"executed_lines": [], "summary": {"covered_lines": 0, "num_statements": 0, "percent_covered": 100.0, "percent_covered_display": "100", "missing_lines": 0, "excluded_lines": 0}, "missing_lines": [], "excluded_lines": []}}}, "argumentation_analysis\\agents\\docs\\reports\\__init__.py": {"executed_lines": [], "summary": {"covered_lines": 0, "num_statements": 0, "percent_covered": 100.0, "percent_covered_display": "100", "missing_lines": 0, "excluded_lines": 0}, "missing_lines": [], "excluded_lines": [], "functions": {"": {"executed_lines": [], "summary": {"covered_lines": 0, "num_statements": 0, "percent_covered": 100.0, "percent_covered_display": "100", "missing_lines": 0, "excluded_lines": 0}, "missing_lines": [], "excluded_lines": []}}, "classes": {"": {"executed_lines": [], "summary": {"covered_lines": 0, "num_statements": 0, "percent_covered": 100.0, "percent_covered_display": "100", "missing_lines": 0, "excluded_lines": 0}, "missing_lines": [], "excluded_lines": []}}}, "argumentation_analysis\\agents\\extract\\__init__.py": {"executed_lines": [1, 9, 10, 17, 18, 19], "summary": {"covered_lines": 5, "num_statements": 8, "percent_covered": 62.5, "percent_covered_display": "62", "missing_lines": 3, "excluded_lines": 0}, "missing_lines": [11, 12, 16], "excluded_lines": [], "functions": {"": {"executed_lines": [1, 9, 10, 17, 18, 19], "summary": {"covered_lines": 5, "num_statements": 8, "percent_covered": 62.5, "percent_covered_display": "62", "missing_lines": 3, "excluded_lines": 0}, "missing_lines": [11, 12, 16], "excluded_lines": []}}, "classes": {"": {"executed_lines": [1, 9, 10, 17, 18, 19], "summary": {"covered_lines": 5, "num_statements": 8, "percent_covered": 62.5, "percent_covered_display": "62", "missing_lines": 3, "excluded_lines": 0}, "missing_lines": [11, 12, 16], "excluded_lines": []}}}, "argumentation_analysis\\agents\\initialize_cache.py": {"executed_lines": [], "summary": {"covered_lines": 0, "num_statements": 13, "percent_covered": 0.0, "percent_covered_display": "0", "missing_lines": 13, "excluded_lines": 8}, "missing_lines": [8, 9, 10, 11, 12, 15, 16, 17, 18, 21, 24, 27, 28], "excluded_lines": [30, 31, 34, 35, 36, 37, 40, 42], "functions": {"": {"executed_lines": [], "summary": {"covered_lines": 0, "num_statements": 13, "percent_covered": 0.0, "percent_covered_display": "0", "missing_lines": 13, "excluded_lines": 8}, "missing_lines": [8, 9, 10, 11, 12, 15, 16, 17, 18, 21, 24, 27, 28], "excluded_lines": [30, 31, 34, 35, 36, 37, 40, 42]}}, "classes": {"": {"executed_lines": [], "summary": {"covered_lines": 0, "num_statements": 13, "percent_covered": 0.0, "percent_covered_display": "0", "missing_lines": 13, "excluded_lines": 8}, "missing_lines": [8, 9, 10, 11, 12, 15, 16, 17, 18, 21, 24, 27, 28], "excluded_lines": [30, 31, 34, 35, 36, 37, 40, 42]}}}, "argumentation_analysis\\agents\\runners\\__init__.py": {"executed_lines": [0], "summary": {"covered_lines": 0, "num_statements": 0, "percent_covered": 100.0, "percent_covered_display": "100", "missing_lines": 0, "excluded_lines": 0}, "missing_lines": [], "excluded_lines": [], "functions": {"": {"executed_lines": [], "summary": {"covered_lines": 0, "num_statements": 0, "percent_covered": 100.0, "percent_covered_display": "100", "missing_lines": 0, "excluded_lines": 0}, "missing_lines": [], "excluded_lines": []}}, "classes": {"": {"executed_lines": [], "summary": {"covered_lines": 0, "num_statements": 0, "percent_covered": 100.0, "percent_covered_display": "100", "missing_lines": 0, "excluded_lines": 0}, "missing_lines": [], "excluded_lines": []}}}, "argumentation_analysis\\agents\\runners\\run_complete_test_and_analysis.py": {"executed_lines": [], "summary": {"covered_lines": 0, "num_statements": 101, "percent_covered": 0.0, "percent_covered_display": "0", "missing_lines": 101, "excluded_lines": 2}, "missing_lines": [13, 14, 15, 16, 17, 18, 19, 22, 23, 24, 25, 26, 29, 34, 36, 43, 45, 47, 53, 55, 56, 57, 60, 61, 64, 65, 66, 68, 69, 71, 72, 74, 75, 76, 77, 78, 79, 81, 83, 84, 85, 87, 97, 98, 99, 101, 103, 105, 111, 113, 114, 115, 118, 119, 122, 123, 124, 126, 127, 129, 130, 132, 133, 134, 135, 136, 137, 139, 141, 142, 143, 145, 152, 153, 154, 156, 158, 160, 161, 163, 164, 165, 166, 168, 170, 172, 173, 175, 179, 182, 184, 185, 186, 189, 191, 192, 193, 196, 198, 199, 200], "excluded_lines": [202, 203], "functions": {"run_orchestration_test": {"executed_lines": [], "summary": {"covered_lines": 0, "num_statements": 26, "percent_covered": 0.0, "percent_covered_display": "0", "missing_lines": 26, "excluded_lines": 0}, "missing_lines": [43, 45, 47, 53, 55, 56, 57, 60, 61, 64, 65, 66, 68, 69, 71, 72, 74, 75, 76, 77, 78, 79, 81, 83, 84, 85], "excluded_lines": []}, "run_trace_analysis": {"executed_lines": [], "summary": {"covered_lines": 0, "num_statements": 29, "percent_covered": 0.0, "percent_covered_display": "0", "missing_lines": 29, "excluded_lines": 0}, "missing_lines": [97, 98, 99, 101, 103, 105, 111, 113, 114, 115, 118, 119, 122, 123, 124, 126, 127, 129, 130, 132, 133, 134, 135, 136, 137, 139, 141, 142, 143], "excluded_lines": []}, "open_report": {"executed_lines": [], "summary": {"covered_lines": 0, "num_statements": 15, "percent_covered": 0.0, "percent_covered_display": "0", "missing_lines": 15, "excluded_lines": 0}, "missing_lines": [152, 153, 154, 156, 158, 160, 161, 163, 164, 165, 166, 168, 170, 172, 173], "excluded_lines": []}, "main": {"executed_lines": [], "summary": {"covered_lines": 0, "num_statements": 13, "percent_covered": 0.0, "percent_covered_display": "0", "missing_lines": 13, "excluded_lines": 0}, "missing_lines": [179, 182, 184, 185, 186, 189, 191, 192, 193, 196, 198, 199, 200], "excluded_lines": []}, "": {"executed_lines": [], "summary": {"covered_lines": 0, "num_statements": 18, "percent_covered": 0.0, "percent_covered_display": "0", "missing_lines": 18, "excluded_lines": 2}, "missing_lines": [13, 14, 15, 16, 17, 18, 19, 22, 23, 24, 25, 26, 29, 34, 36, 87, 145, 175], "excluded_lines": [202, 203]}}, "classes": {"": {"executed_lines": [], "summary": {"covered_lines": 0, "num_statements": 101, "percent_covered": 0.0, "percent_covered_display": "0", "missing_lines": 101, "excluded_lines": 2}, "missing_lines": [13, 14, 15, 16, 17, 18, 19, 22, 23, 24, 25, 26, 29, 34, 36, 43, 45, 47, 53, 55, 56, 57, 60, 61, 64, 65, 66, 68, 69, 71, 72, 74, 75, 76, 77, 78, 79, 81, 83, 84, 85, 87, 97, 98, 99, 101, 103, 105, 111, 113, 114, 115, 118, 119, 122, 123, 124, 126, 127, 129, 130, 132, 133, 134, 135, 136, 137, 139, 141, 142, 143, 145, 152, 153, 154, 156, 158, 160, 161, 163, 164, 165, 166, 168, 170, 172, 173, 175, 179, 182, 184, 185, 186, 189, 191, 192, 193, 196, 198, 199, 200], "excluded_lines": [202, 203]}}}, "argumentation_analysis\\agents\\runners\\test\\__init__.py": {"executed_lines": [0], "summary": {"covered_lines": 0, "num_statements": 0, "percent_covered": 100.0, "percent_covered_display": "100", "missing_lines": 0, "excluded_lines": 0}, "missing_lines": [], "excluded_lines": [], "functions": {"": {"executed_lines": [], "summary": {"covered_lines": 0, "num_statements": 0, "percent_covered": 100.0, "percent_covered_display": "100", "missing_lines": 0, "excluded_lines": 0}, "missing_lines": [], "excluded_lines": []}}, "classes": {"": {"executed_lines": [], "summary": {"covered_lines": 0, "num_statements": 0, "percent_covered": 100.0, "percent_covered_display": "100", "missing_lines": 0, "excluded_lines": 0}, "missing_lines": [], "excluded_lines": []}}}, "argumentation_analysis\\agents\\runners\\test\\informal\\__init__.py": {"executed_lines": [0], "summary": {"covered_lines": 0, "num_statements": 0, "percent_covered": 100.0, "percent_covered_display": "100", "missing_lines": 0, "excluded_lines": 0}, "missing_lines": [], "excluded_lines": [], "functions": {"": {"executed_lines": [], "summary": {"covered_lines": 0, "num_statements": 0, "percent_covered": 100.0, "percent_covered_display": "100", "missing_lines": 0, "excluded_lines": 0}, "missing_lines": [], "excluded_lines": []}}, "classes": {"": {"executed_lines": [], "summary": {"covered_lines": 0, "num_statements": 0, "percent_covered": 100.0, "percent_covered_display": "100", "missing_lines": 0, "excluded_lines": 0}, "missing_lines": [], "excluded_lines": []}}}, "argumentation_analysis\\agents\\runners\\test\\informal\\test_informal_agent.py": {"executed_lines": [4, 14, 15, 16, 17, 18, 19, 20, 23, 24, 25, 26, 27, 30, 35, 38, 39, 42, 72, 73, 76, 87, 91, 102, 115, 128, 150, 174, 192, 210, 239, 304, 341], "summary": {"covered_lines": 30, "num_statements": 135, "percent_covered": 22.22222222222222, "percent_covered_display": "22", "missing_lines": 105, "excluded_lines": 2}, "missing_lines": [77, 83, 84, 85, 89, 93, 94, 95, 100, 104, 105, 106, 113, 117, 118, 119, 126, 132, 133, 136, 139, 142, 145, 146, 148, 154, 157, 161, 162, 165, 166, 167, 168, 169, 171, 172, 178, 181, 182, 185, 186, 187, 188, 189, 190, 196, 199, 200, 203, 204, 205, 206, 207, 208, 214, 217, 219, 220, 221, 224, 227, 230, 236, 237, 243, 246, 247, 250, 251, 253, 254, 255, 258, 261, 273, 276, 279, 281, 282, 283, 284, 285, 292, 293, 294, 297, 298, 299, 301, 302, 308, 310, 311, 312, 313, 314, 315, 316, 317, 320, 334, 335, 336, 338, 339], "excluded_lines": [341, 342], "functions": {"StateManagerMock.__init__": {"executed_lines": [], "summary": {"covered_lines": 0, "num_statements": 4, "percent_covered": 0.0, "percent_covered_display": "0", "missing_lines": 4, "excluded_lines": 0}, "missing_lines": [77, 83, 84, 85], "excluded_lines": []}, "StateManagerMock.get_current_state_snapshot": {"executed_lines": [], "summary": {"covered_lines": 0, "num_statements": 1, "percent_covered": 0.0, "percent_covered_display": "0", "missing_lines": 1, "excluded_lines": 0}, "missing_lines": [89], "excluded_lines": []}, "StateManagerMock.add_identified_argument": {"executed_lines": [], "summary": {"covered_lines": 0, "num_statements": 4, "percent_covered": 0.0, "percent_covered_display": "0", "missing_lines": 4, "excluded_lines": 0}, "missing_lines": [93, 94, 95, 100], "excluded_lines": []}, "StateManagerMock.add_identified_fallacy": {"executed_lines": [], "summary": {"covered_lines": 0, "num_statements": 4, "percent_covered": 0.0, "percent_covered_display": "0", "missing_lines": 4, "excluded_lines": 0}, "missing_lines": [104, 105, 106, 113], "excluded_lines": []}, "StateManagerMock.add_answer": {"executed_lines": [], "summary": {"covered_lines": 0, "num_statements": 4, "percent_covered": 0.0, "percent_covered_display": "0", "missing_lines": 4, "excluded_lines": 0}, "missing_lines": [117, 118, 119, 126], "excluded_lines": []}, "setup_informal_agent": {"executed_lines": [], "summary": {"covered_lines": 0, "num_statements": 8, "percent_covered": 0.0, "percent_covered_display": "0", "missing_lines": 8, "excluded_lines": 0}, "missing_lines": [132, 133, 136, 139, 142, 145, 146, 148], "excluded_lines": []}, "test_identify_arguments": {"executed_lines": [], "summary": {"covered_lines": 0, "num_statements": 11, "percent_covered": 0.0, "percent_covered_display": "0", "missing_lines": 11, "excluded_lines": 0}, "missing_lines": [154, 157, 161, 162, 165, 166, 167, 168, 169, 171, 172], "excluded_lines": []}, "test_explore_fallacy_hierarchy": {"executed_lines": [], "summary": {"covered_lines": 0, "num_statements": 9, "percent_covered": 0.0, "percent_covered_display": "0", "missing_lines": 9, "excluded_lines": 0}, "missing_lines": [178, 181, 182, 185, 186, 187, 188, 189, 190], "excluded_lines": []}, "test_get_fallacy_details": {"executed_lines": [], "summary": {"covered_lines": 0, "num_statements": 9, "percent_covered": 0.0, "percent_covered_display": "0", "missing_lines": 9, "excluded_lines": 0}, "missing_lines": [196, 199, 200, 203, 204, 205, 206, 207, 208], "excluded_lines": []}, "test_attribute_fallacy": {"executed_lines": [], "summary": {"covered_lines": 0, "num_statements": 10, "percent_covered": 0.0, "percent_covered_display": "0", "missing_lines": 10, "excluded_lines": 0}, "missing_lines": [214, 217, 219, 220, 221, 224, 227, 230, 236, 237], "excluded_lines": []}, "run_informal_agent_test": {"executed_lines": [], "summary": {"covered_lines": 0, "num_statements": 26, "percent_covered": 0.0, "percent_covered_display": "0", "missing_lines": 26, "excluded_lines": 0}, "missing_lines": [243, 246, 247, 250, 251, 253, 254, 255, 258, 261, 273, 276, 279, 281, 282, 283, 284, 285, 292, 293, 294, 297, 298, 299, 301, 302], "excluded_lines": []}, "main": {"executed_lines": [], "summary": {"covered_lines": 0, "num_statements": 15, "percent_covered": 0.0, "percent_covered_display": "0", "missing_lines": 15, "excluded_lines": 0}, "missing_lines": [308, 310, 311, 312, 313, 314, 315, 316, 317, 320, 334, 335, 336, 338, 339], "excluded_lines": []}, "": {"executed_lines": [4, 14, 15, 16, 17, 18, 19, 20, 23, 24, 25, 26, 27, 30, 35, 38, 39, 42, 72, 73, 76, 87, 91, 102, 115, 128, 150, 174, 192, 210, 239, 304, 341], "summary": {"covered_lines": 30, "num_statements": 30, "percent_covered": 100.0, "percent_covered_display": "100", "missing_lines": 0, "excluded_lines": 2}, "missing_lines": [], "excluded_lines": [341, 342]}}, "classes": {"StateManagerMock": {"executed_lines": [], "summary": {"covered_lines": 0, "num_statements": 17, "percent_covered": 0.0, "percent_covered_display": "0", "missing_lines": 17, "excluded_lines": 0}, "missing_lines": [77, 83, 84, 85, 89, 93, 94, 95, 100, 104, 105, 106, 113, 117, 118, 119, 126], "excluded_lines": []}, "": {"executed_lines": [4, 14, 15, 16, 17, 18, 19, 20, 23, 24, 25, 26, 27, 30, 35, 38, 39, 42, 72, 73, 76, 87, 91, 102, 115, 128, 150, 174, 192, 210, 239, 304, 341], "summary": {"covered_lines": 30, "num_statements": 118, "percent_covered": 25.423728813559322, "percent_covered_display": "25", "missing_lines": 88, "excluded_lines": 2}, "missing_lines": [132, 133, 136, 139, 142, 145, 146, 148, 154, 157, 161, 162, 165, 166, 167, 168, 169, 171, 172, 178, 181, 182, 185, 186, 187, 188, 189, 190, 196, 199, 200, 203, 204, 205, 206, 207, 208, 214, 217, 219, 220, 221, 224, 227, 230, 236, 237, 243, 246, 247, 250, 251, 253, 254, 255, 258, 261, 273, 276, 279, 281, 282, 283, 284, 285, 292, 293, 294, 297, 298, 299, 301, 302, 308, 310, 311, 312, 313, 314, 315, 316, 317, 320, 334, 335, 336, 338, 339], "excluded_lines": [341, 342]}}}, "argumentation_analysis\\agents\\runners\\test\\orchestration\\__init__.py": {"executed_lines": [0], "summary": {"covered_lines": 0, "num_statements": 0, "percent_covered": 100.0, "percent_covered_display": "100", "missing_lines": 0, "excluded_lines": 0}, "missing_lines": [], "excluded_lines": [], "functions": {"": {"executed_lines": [], "summary": {"covered_lines": 0, "num_statements": 0, "percent_covered": 100.0, "percent_covered_display": "100", "missing_lines": 0, "excluded_lines": 0}, "missing_lines": [], "excluded_lines": []}}, "classes": {"": {"executed_lines": [], "summary": {"covered_lines": 0, "num_statements": 0, "percent_covered": 100.0, "percent_covered_display": "100", "missing_lines": 0, "excluded_lines": 0}, "missing_lines": [], "excluded_lines": []}}}, "argumentation_analysis\\agents\\runners\\verify_structure.py": {"executed_lines": [], "summary": {"covered_lines": 0, "num_statements": 59, "percent_covered": 0.0, "percent_covered_display": "0", "missing_lines": 59, "excluded_lines": 2}, "missing_lines": [13, 14, 15, 16, 17, 20, 25, 28, 29, 30, 31, 32, 34, 41, 43, 55, 56, 57, 58, 59, 61, 63, 65, 72, 74, 88, 89, 90, 91, 92, 94, 96, 98, 105, 108, 115, 116, 117, 118, 119, 120, 121, 122, 124, 126, 130, 133, 136, 139, 142, 143, 145, 147, 148, 150, 151, 153, 154, 156], "excluded_lines": [158, 159], "functions": {"check_directories": {"executed_lines": [], "summary": {"covered_lines": 0, "num_statements": 9, "percent_covered": 0.0, "percent_covered_display": "0", "missing_lines": 9, "excluded_lines": 0}, "missing_lines": [41, 43, 55, 56, 57, 58, 59, 61, 63], "excluded_lines": []}, "check_files": {"executed_lines": [], "summary": {"covered_lines": 0, "num_statements": 9, "percent_covered": 0.0, "percent_covered_display": "0", "missing_lines": 9, "excluded_lines": 0}, "missing_lines": [72, 74, 88, 89, 90, 91, 92, 94, 96], "excluded_lines": []}, "check_imports": {"executed_lines": [], "summary": {"covered_lines": 0, "num_statements": 11, "percent_covered": 0.0, "percent_covered_display": "0", "missing_lines": 11, "excluded_lines": 0}, "missing_lines": [105, 108, 115, 116, 117, 118, 119, 120, 121, 122, 124], "excluded_lines": []}, "main": {"executed_lines": [], "summary": {"covered_lines": 0, "num_statements": 14, "percent_covered": 0.0, "percent_covered_display": "0", "missing_lines": 14, "excluded_lines": 0}, "missing_lines": [130, 133, 136, 139, 142, 143, 145, 147, 148, 150, 151, 153, 154, 156], "excluded_lines": []}, "": {"executed_lines": [], "summary": {"covered_lines": 0, "num_statements": 16, "percent_covered": 0.0, "percent_covered_display": "0", "missing_lines": 16, "excluded_lines": 2}, "missing_lines": [13, 14, 15, 16, 17, 20, 25, 28, 29, 30, 31, 32, 34, 65, 98, 126], "excluded_lines": [158, 159]}}, "classes": {"": {"executed_lines": [], "summary": {"covered_lines": 0, "num_statements": 59, "percent_covered": 0.0, "percent_covered_display": "0", "missing_lines": 59, "excluded_lines": 2}, "missing_lines": [13, 14, 15, 16, 17, 20, 25, 28, 29, 30, 31, 32, 34, 41, 43, 55, 56, 57, 58, 59, 61, 63, 65, 72, 74, 88, 89, 90, 91, 92, 94, 96, 98, 105, 108, 115, 116, 117, 118, 119, 120, 121, 122, 124, 126, 130, 133, 136, 139, 142, 143, 145, 147, 148, 150, 151, 153, 154, 156], "excluded_lines": [158, 159]}}}, "argumentation_analysis\\agents\\test_scripts\\__init__.py": {"executed_lines": [0], "summary": {"covered_lines": 0, "num_statements": 0, "percent_covered": 100.0, "percent_covered_display": "100", "missing_lines": 0, "excluded_lines": 0}, "missing_lines": [], "excluded_lines": [], "functions": {"": {"executed_lines": [], "summary": {"covered_lines": 0, "num_statements": 0, "percent_covered": 100.0, "percent_covered_display": "100", "missing_lines": 0, "excluded_lines": 0}, "missing_lines": [], "excluded_lines": []}}, "classes": {"": {"executed_lines": [], "summary": {"covered_lines": 0, "num_statements": 0, "percent_covered": 100.0, "percent_covered_display": "100", "missing_lines": 0, "excluded_lines": 0}, "missing_lines": [], "excluded_lines": []}}}, "argumentation_analysis\\agents\\test_scripts\\informal\\__init__.py": {"executed_lines": [0], "summary": {"covered_lines": 0, "num_statements": 0, "percent_covered": 100.0, "percent_covered_display": "100", "missing_lines": 0, "excluded_lines": 0}, "missing_lines": [], "excluded_lines": [], "functions": {"": {"executed_lines": [], "summary": {"covered_lines": 0, "num_statements": 0, "percent_covered": 100.0, "percent_covered_display": "100", "missing_lines": 0, "excluded_lines": 0}, "missing_lines": [], "excluded_lines": []}}, "classes": {"": {"executed_lines": [], "summary": {"covered_lines": 0, "num_statements": 0, "percent_covered": 100.0, "percent_covered_display": "100", "missing_lines": 0, "excluded_lines": 0}, "missing_lines": [], "excluded_lines": []}}}, "argumentation_analysis\\agents\\test_scripts\\informal\\test_informal_agent.py": {"executed_lines": [4, 14, 15, 16, 17, 18, 19, 20, 23, 24, 25, 26, 30, 35, 38, 39, 42, 72, 73, 76, 87, 91, 102, 115, 128, 150, 174, 192, 210, 239, 304, 341], "summary": {"covered_lines": 29, "num_statements": 135, "percent_covered": 21.48148148148148, "percent_covered_display": "21", "missing_lines": 106, "excluded_lines": 2}, "missing_lines": [27, 77, 83, 84, 85, 89, 93, 94, 95, 100, 104, 105, 106, 113, 117, 118, 119, 126, 132, 133, 136, 139, 142, 145, 146, 148, 154, 157, 161, 162, 165, 166, 167, 168, 169, 171, 172, 178, 181, 182, 185, 186, 187, 188, 189, 190, 196, 199, 200, 203, 204, 205, 206, 207, 208, 214, 217, 219, 220, 221, 224, 227, 230, 236, 237, 243, 246, 247, 250, 251, 253, 254, 255, 258, 261, 273, 276, 279, 281, 282, 283, 284, 285, 292, 293, 294, 297, 298, 299, 301, 302, 308, 310, 311, 312, 313, 314, 315, 316, 317, 320, 334, 335, 336, 338, 339], "excluded_lines": [341, 342], "functions": {"StateManagerMock.__init__": {"executed_lines": [], "summary": {"covered_lines": 0, "num_statements": 4, "percent_covered": 0.0, "percent_covered_display": "0", "missing_lines": 4, "excluded_lines": 0}, "missing_lines": [77, 83, 84, 85], "excluded_lines": []}, "StateManagerMock.get_current_state_snapshot": {"executed_lines": [], "summary": {"covered_lines": 0, "num_statements": 1, "percent_covered": 0.0, "percent_covered_display": "0", "missing_lines": 1, "excluded_lines": 0}, "missing_lines": [89], "excluded_lines": []}, "StateManagerMock.add_identified_argument": {"executed_lines": [], "summary": {"covered_lines": 0, "num_statements": 4, "percent_covered": 0.0, "percent_covered_display": "0", "missing_lines": 4, "excluded_lines": 0}, "missing_lines": [93, 94, 95, 100], "excluded_lines": []}, "StateManagerMock.add_identified_fallacy": {"executed_lines": [], "summary": {"covered_lines": 0, "num_statements": 4, "percent_covered": 0.0, "percent_covered_display": "0", "missing_lines": 4, "excluded_lines": 0}, "missing_lines": [104, 105, 106, 113], "excluded_lines": []}, "StateManagerMock.add_answer": {"executed_lines": [], "summary": {"covered_lines": 0, "num_statements": 4, "percent_covered": 0.0, "percent_covered_display": "0", "missing_lines": 4, "excluded_lines": 0}, "missing_lines": [117, 118, 119, 126], "excluded_lines": []}, "setup_informal_agent": {"executed_lines": [], "summary": {"covered_lines": 0, "num_statements": 8, "percent_covered": 0.0, "percent_covered_display": "0", "missing_lines": 8, "excluded_lines": 0}, "missing_lines": [132, 133, 136, 139, 142, 145, 146, 148], "excluded_lines": []}, "test_identify_arguments": {"executed_lines": [], "summary": {"covered_lines": 0, "num_statements": 11, "percent_covered": 0.0, "percent_covered_display": "0", "missing_lines": 11, "excluded_lines": 0}, "missing_lines": [154, 157, 161, 162, 165, 166, 167, 168, 169, 171, 172], "excluded_lines": []}, "test_explore_fallacy_hierarchy": {"executed_lines": [], "summary": {"covered_lines": 0, "num_statements": 9, "percent_covered": 0.0, "percent_covered_display": "0", "missing_lines": 9, "excluded_lines": 0}, "missing_lines": [178, 181, 182, 185, 186, 187, 188, 189, 190], "excluded_lines": []}, "test_get_fallacy_details": {"executed_lines": [], "summary": {"covered_lines": 0, "num_statements": 9, "percent_covered": 0.0, "percent_covered_display": "0", "missing_lines": 9, "excluded_lines": 0}, "missing_lines": [196, 199, 200, 203, 204, 205, 206, 207, 208], "excluded_lines": []}, "test_attribute_fallacy": {"executed_lines": [], "summary": {"covered_lines": 0, "num_statements": 10, "percent_covered": 0.0, "percent_covered_display": "0", "missing_lines": 10, "excluded_lines": 0}, "missing_lines": [214, 217, 219, 220, 221, 224, 227, 230, 236, 237], "excluded_lines": []}, "run_informal_agent_test": {"executed_lines": [], "summary": {"covered_lines": 0, "num_statements": 26, "percent_covered": 0.0, "percent_covered_display": "0", "missing_lines": 26, "excluded_lines": 0}, "missing_lines": [243, 246, 247, 250, 251, 253, 254, 255, 258, 261, 273, 276, 279, 281, 282, 283, 284, 285, 292, 293, 294, 297, 298, 299, 301, 302], "excluded_lines": []}, "main": {"executed_lines": [], "summary": {"covered_lines": 0, "num_statements": 15, "percent_covered": 0.0, "percent_covered_display": "0", "missing_lines": 15, "excluded_lines": 0}, "missing_lines": [308, 310, 311, 312, 313, 314, 315, 316, 317, 320, 334, 335, 336, 338, 339], "excluded_lines": []}, "": {"executed_lines": [4, 14, 15, 16, 17, 18, 19, 20, 23, 24, 25, 26, 30, 35, 38, 39, 42, 72, 73, 76, 87, 91, 102, 115, 128, 150, 174, 192, 210, 239, 304, 341], "summary": {"covered_lines": 29, "num_statements": 30, "percent_covered": 96.66666666666667, "percent_covered_display": "97", "missing_lines": 1, "excluded_lines": 2}, "missing_lines": [27], "excluded_lines": [341, 342]}}, "classes": {"StateManagerMock": {"executed_lines": [], "summary": {"covered_lines": 0, "num_statements": 17, "percent_covered": 0.0, "percent_covered_display": "0", "missing_lines": 17, "excluded_lines": 0}, "missing_lines": [77, 83, 84, 85, 89, 93, 94, 95, 100, 104, 105, 106, 113, 117, 118, 119, 126], "excluded_lines": []}, "": {"executed_lines": [4, 14, 15, 16, 17, 18, 19, 20, 23, 24, 25, 26, 30, 35, 38, 39, 42, 72, 73, 76, 87, 91, 102, 115, 128, 150, 174, 192, 210, 239, 304, 341], "summary": {"covered_lines": 29, "num_statements": 118, "percent_covered": 24.576271186440678, "percent_covered_display": "25", "missing_lines": 89, "excluded_lines": 2}, "missing_lines": [27, 132, 133, 136, 139, 142, 145, 146, 148, 154, 157, 161, 162, 165, 166, 167, 168, 169, 171, 172, 178, 181, 182, 185, 186, 187, 188, 189, 190, 196, 199, 200, 203, 204, 205, 206, 207, 208, 214, 217, 219, 220, 221, 224, 227, 230, 236, 237, 243, 246, 247, 250, 251, 253, 254, 255, 258, 261, 273, 276, 279, 281, 282, 283, 284, 285, 292, 293, 294, 297, 298, 299, 301, 302, 308, 310, 311, 312, 313, 314, 315, 316, 317, 320, 334, 335, 336, 338, 339], "excluded_lines": [341, 342]}}}, "argumentation_analysis\\agents\\test_scripts\\orchestration\\__init__.py": {"executed_lines": [0], "summary": {"covered_lines": 0, "num_statements": 0, "percent_covered": 100.0, "percent_covered_display": "100", "missing_lines": 0, "excluded_lines": 0}, "missing_lines": [], "excluded_lines": [], "functions": {"": {"executed_lines": [], "summary": {"covered_lines": 0, "num_statements": 0, "percent_covered": 100.0, "percent_covered_display": "100", "missing_lines": 0, "excluded_lines": 0}, "missing_lines": [], "excluded_lines": []}}, "classes": {"": {"executed_lines": [], "summary": {"covered_lines": 0, "num_statements": 0, "percent_covered": 100.0, "percent_covered_display": "100", "missing_lines": 0, "excluded_lines": 0}, "missing_lines": [], "excluded_lines": []}}}, "argumentation_analysis\\agents\\tools\\__init__.py": {"executed_lines": [], "summary": {"covered_lines": 0, "num_statements": 0, "percent_covered": 100.0, "percent_covered_display": "100", "missing_lines": 0, "excluded_lines": 0}, "missing_lines": [], "excluded_lines": [], "functions": {"": {"executed_lines": [], "summary": {"covered_lines": 0, "num_statements": 0, "percent_covered": 100.0, "percent_covered_display": "100", "missing_lines": 0, "excluded_lines": 0}, "missing_lines": [], "excluded_lines": []}}, "classes": {"": {"executed_lines": [], "summary": {"covered_lines": 0, "num_statements": 0, "percent_covered": 100.0, "percent_covered_display": "100", "missing_lines": 0, "excluded_lines": 0}, "missing_lines": [], "excluded_lines": []}}}, "argumentation_analysis\\agents\\tools\\analysis\\__init__.py": {"executed_lines": [], "summary": {"covered_lines": 0, "num_statements": 6, "percent_covered": 0.0, "percent_covered_display": "0", "missing_lines": 6, "excluded_lines": 0}, "missing_lines": [9, 10, 11, 12, 13, 15], "excluded_lines": [], "functions": {"": {"executed_lines": [], "summary": {"covered_lines": 0, "num_statements": 6, "percent_covered": 0.0, "percent_covered_display": "0", "missing_lines": 6, "excluded_lines": 0}, "missing_lines": [9, 10, 11, 12, 13, 15], "excluded_lines": []}}, "classes": {"": {"executed_lines": [], "summary": {"covered_lines": 0, "num_statements": 6, "percent_covered": 0.0, "percent_covered_display": "0", "missing_lines": 6, "excluded_lines": 0}, "missing_lines": [9, 10, 11, 12, 13, 15], "excluded_lines": []}}}, "argumentation_analysis\\agents\\tools\\analysis\\complex_fallacy_analyzer.py": {"executed_lines": [], "summary": {"covered_lines": 0, "num_statements": 167, "percent_covered": 0.0, "percent_covered_display": "0", "missing_lines": 167, "excluded_lines": 11}, "missing_lines": [12, 13, 14, 15, 16, 17, 20, 21, 22, 23, 26, 27, 30, 35, 38, 46, 50, 51, 52, 53, 54, 56, 64, 93, 116, 130, 133, 138, 141, 144, 145, 148, 153, 155, 161, 162, 165, 175, 177, 179, 193, 196, 197, 198, 204, 205, 207, 209, 212, 215, 216, 217, 228, 229, 230, 240, 242, 244, 257, 260, 261, 264, 265, 266, 267, 270, 271, 273, 275, 276, 278, 279, 281, 290, 292, 293, 295, 296, 298, 306, 308, 321, 324, 325, 328, 329, 330, 331, 332, 333, 334, 336, 337, 338, 342, 346, 355, 357, 370, 373, 376, 377, 378, 379, 381, 387, 388, 390, 395, 398, 401, 402, 403, 414, 415, 416, 426, 428, 430, 440, 443, 444, 447, 448, 449, 450, 452, 453, 454, 455, 458, 459, 461, 462, 463, 465, 466, 467, 468, 469, 470, 473, 474, 481, 483, 493, 496, 497, 500, 514, 515, 516, 517, 520, 522, 523, 524, 525, 526, 527, 528, 530, 531, 532, 534, 535, 546], "excluded_lines": [550, 551, 554, 556, 557, 560, 566, 567, 570, 584, 585], "functions": {"ComplexFallacyAnalyzer.__init__": {"executed_lines": [], "summary": {"covered_lines": 0, "num_statements": 5, "percent_covered": 0.0, "percent_covered_display": "0", "missing_lines": 5, "excluded_lines": 0}, "missing_lines": [50, 51, 52, 53, 54], "excluded_lines": []}, "ComplexFallacyAnalyzer._load_fallacy_combinations": {"executed_lines": [], "summary": {"covered_lines": 0, "num_statements": 2, "percent_covered": 0.0, "percent_covered_display": "0", "missing_lines": 2, "excluded_lines": 0}, "missing_lines": [64, 93], "excluded_lines": []}, "ComplexFallacyAnalyzer.identify_combined_fallacies": {"executed_lines": [], "summary": {"covered_lines": 0, "num_statements": 14, "percent_covered": 0.0, "percent_covered_display": "0", "missing_lines": 14, "excluded_lines": 0}, "missing_lines": [130, 133, 138, 141, 144, 145, 148, 153, 155, 161, 162, 165, 175, 177], "excluded_lines": []}, "ComplexFallacyAnalyzer.analyze_structural_fallacies": {"executed_lines": [], "summary": {"covered_lines": 0, "num_statements": 17, "percent_covered": 0.0, "percent_covered_display": "0", "missing_lines": 17, "excluded_lines": 0}, "missing_lines": [193, 196, 197, 198, 204, 205, 207, 209, 212, 215, 216, 217, 228, 229, 230, 240, 242], "excluded_lines": []}, "ComplexFallacyAnalyzer._detect_contradictions": {"executed_lines": [], "summary": {"covered_lines": 0, "num_statements": 22, "percent_covered": 0.0, "percent_covered_display": "0", "missing_lines": 22, "excluded_lines": 0}, "missing_lines": [257, 260, 261, 264, 265, 266, 267, 270, 271, 273, 275, 276, 278, 279, 281, 290, 292, 293, 295, 296, 298, 306], "excluded_lines": []}, "ComplexFallacyAnalyzer._detect_circular_arguments": {"executed_lines": [], "summary": {"covered_lines": 0, "num_statements": 16, "percent_covered": 0.0, "percent_covered_display": "0", "missing_lines": 16, "excluded_lines": 0}, "missing_lines": [321, 324, 325, 328, 329, 330, 331, 332, 333, 334, 336, 337, 338, 342, 346, 355], "excluded_lines": []}, "ComplexFallacyAnalyzer.identify_fallacy_patterns": {"executed_lines": [], "summary": {"covered_lines": 0, "num_statements": 20, "percent_covered": 0.0, "percent_covered_display": "0", "missing_lines": 20, "excluded_lines": 0}, "missing_lines": [370, 373, 376, 377, 378, 379, 381, 387, 388, 390, 395, 398, 401, 402, 403, 414, 415, 416, 426, 428], "excluded_lines": []}, "ComplexFallacyAnalyzer._detect_alternation_patterns": {"executed_lines": [], "summary": {"covered_lines": 0, "num_statements": 25, "percent_covered": 0.0, "percent_covered_display": "0", "missing_lines": 25, "excluded_lines": 0}, "missing_lines": [440, 443, 444, 447, 448, 449, 450, 452, 453, 454, 455, 458, 459, 461, 462, 463, 465, 466, 467, 468, 469, 470, 473, 474, 481], "excluded_lines": []}, "ComplexFallacyAnalyzer._detect_escalation_patterns": {"executed_lines": [], "summary": {"covered_lines": 0, "num_statements": 22, "percent_covered": 0.0, "percent_covered_display": "0", "missing_lines": 22, "excluded_lines": 0}, "missing_lines": [493, 496, 497, 500, 514, 515, 516, 517, 520, 522, 523, 524, 525, 526, 527, 528, 530, 531, 532, 534, 535, 546], "excluded_lines": []}, "": {"executed_lines": [], "summary": {"covered_lines": 0, "num_statements": 24, "percent_covered": 0.0, "percent_covered_display": "0", "missing_lines": 24, "excluded_lines": 11}, "missing_lines": [12, 13, 14, 15, 16, 17, 20, 21, 22, 23, 26, 27, 30, 35, 38, 46, 56, 116, 179, 244, 308, 357, 430, 483], "excluded_lines": [550, 551, 554, 556, 557, 560, 566, 567, 570, 584, 585]}}, "classes": {"ComplexFallacyAnalyzer": {"executed_lines": [], "summary": {"covered_lines": 0, "num_statements": 143, "percent_covered": 0.0, "percent_covered_display": "0", "missing_lines": 143, "excluded_lines": 0}, "missing_lines": [50, 51, 52, 53, 54, 64, 93, 130, 133, 138, 141, 144, 145, 148, 153, 155, 161, 162, 165, 175, 177, 193, 196, 197, 198, 204, 205, 207, 209, 212, 215, 216, 217, 228, 229, 230, 240, 242, 257, 260, 261, 264, 265, 266, 267, 270, 271, 273, 275, 276, 278, 279, 281, 290, 292, 293, 295, 296, 298, 306, 321, 324, 325, 328, 329, 330, 331, 332, 333, 334, 336, 337, 338, 342, 346, 355, 370, 373, 376, 377, 378, 379, 381, 387, 388, 390, 395, 398, 401, 402, 403, 414, 415, 416, 426, 428, 440, 443, 444, 447, 448, 449, 450, 452, 453, 454, 455, 458, 459, 461, 462, 463, 465, 466, 467, 468, 469, 470, 473, 474, 481, 493, 496, 497, 500, 514, 515, 516, 517, 520, 522, 523, 524, 525, 526, 527, 528, 530, 531, 532, 534, 535, 546], "excluded_lines": []}, "": {"executed_lines": [], "summary": {"covered_lines": 0, "num_statements": 24, "percent_covered": 0.0, "percent_covered_display": "0", "missing_lines": 24, "excluded_lines": 11}, "missing_lines": [12, 13, 14, 15, 16, 17, 20, 21, 22, 23, 26, 27, 30, 35, 38, 46, 56, 116, 179, 244, 308, 357, 430, 483], "excluded_lines": [550, 551, 554, 556, 557, 560, 566, 567, 570, 584, 585]}}}, "argumentation_analysis\\agents\\tools\\analysis\\contextual_fallacy_analyzer.py": {"executed_lines": [], "summary": {"covered_lines": 0, "num_statements": 93, "percent_covered": 0.0, "percent_covered_display": "0", "missing_lines": 93, "excluded_lines": 8}, "missing_lines": [12, 13, 14, 15, 16, 17, 20, 21, 22, 23, 26, 31, 34, 43, 50, 51, 52, 54, 64, 66, 68, 69, 72, 73, 74, 77, 78, 79, 80, 81, 82, 83, 85, 101, 104, 105, 108, 109, 112, 113, 116, 123, 125, 135, 138, 139, 140, 141, 142, 143, 144, 145, 146, 147, 149, 151, 165, 168, 180, 182, 183, 184, 186, 187, 188, 189, 191, 198, 200, 212, 222, 223, 226, 227, 228, 230, 231, 232, 235, 236, 237, 239, 241, 255, 258, 261, 266, 268, 270, 282, 314, 315, 317], "excluded_lines": [321, 322, 325, 326, 328, 329, 332, 333], "functions": {"ContextualFallacyAnalyzer.__init__": {"executed_lines": [], "summary": {"covered_lines": 0, "num_statements": 3, "percent_covered": 0.0, "percent_covered_display": "0", "missing_lines": 3, "excluded_lines": 0}, "missing_lines": [50, 51, 52], "excluded_lines": []}, "ContextualFallacyAnalyzer._load_taxonomy": {"executed_lines": [], "summary": {"covered_lines": 0, "num_statements": 14, "percent_covered": 0.0, "percent_covered_display": "0", "missing_lines": 14, "excluded_lines": 0}, "missing_lines": [64, 66, 68, 69, 72, 73, 74, 77, 78, 79, 80, 81, 82, 83], "excluded_lines": []}, "ContextualFallacyAnalyzer.analyze_context": {"executed_lines": [], "summary": {"covered_lines": 0, "num_statements": 9, "percent_covered": 0.0, "percent_covered_display": "0", "missing_lines": 9, "excluded_lines": 0}, "missing_lines": [101, 104, 105, 108, 109, 112, 113, 116, 123], "excluded_lines": []}, "ContextualFallacyAnalyzer._determine_context_type": {"executed_lines": [], "summary": {"covered_lines": 0, "num_statements": 12, "percent_covered": 0.0, "percent_covered_display": "0", "missing_lines": 12, "excluded_lines": 0}, "missing_lines": [135, 138, 139, 140, 141, 142, 143, 144, 145, 146, 147, 149], "excluded_lines": []}, "ContextualFallacyAnalyzer._identify_potential_fallacies": {"executed_lines": [], "summary": {"covered_lines": 0, "num_statements": 12, "percent_covered": 0.0, "percent_covered_display": "0", "missing_lines": 12, "excluded_lines": 0}, "missing_lines": [165, 168, 180, 182, 183, 184, 186, 187, 188, 189, 191, 198], "excluded_lines": []}, "ContextualFallacyAnalyzer._filter_by_context": {"executed_lines": [], "summary": {"covered_lines": 0, "num_statements": 13, "percent_covered": 0.0, "percent_covered_display": "0", "missing_lines": 13, "excluded_lines": 0}, "missing_lines": [212, 222, 223, 226, 227, 228, 230, 231, 232, 235, 236, 237, 239], "excluded_lines": []}, "ContextualFallacyAnalyzer.identify_contextual_fallacies": {"executed_lines": [], "summary": {"covered_lines": 0, "num_statements": 5, "percent_covered": 0.0, "percent_covered_display": "0", "missing_lines": 5, "excluded_lines": 0}, "missing_lines": [255, 258, 261, 266, 268], "excluded_lines": []}, "ContextualFallacyAnalyzer.get_contextual_fallacy_examples": {"executed_lines": [], "summary": {"covered_lines": 0, "num_statements": 4, "percent_covered": 0.0, "percent_covered_display": "0", "missing_lines": 4, "excluded_lines": 0}, "missing_lines": [282, 314, 315, 317], "excluded_lines": []}, "": {"executed_lines": [], "summary": {"covered_lines": 0, "num_statements": 21, "percent_covered": 0.0, "percent_covered_display": "0", "missing_lines": 21, "excluded_lines": 8}, "missing_lines": [12, 13, 14, 15, 16, 17, 20, 21, 22, 23, 26, 31, 34, 43, 54, 85, 125, 151, 200, 241, 270], "excluded_lines": [321, 322, 325, 326, 328, 329, 332, 333]}}, "classes": {"ContextualFallacyAnalyzer": {"executed_lines": [], "summary": {"covered_lines": 0, "num_statements": 72, "percent_covered": 0.0, "percent_covered_display": "0", "missing_lines": 72, "excluded_lines": 0}, "missing_lines": [50, 51, 52, 64, 66, 68, 69, 72, 73, 74, 77, 78, 79, 80, 81, 82, 83, 101, 104, 105, 108, 109, 112, 113, 116, 123, 135, 138, 139, 140, 141, 142, 143, 144, 145, 146, 147, 149, 165, 168, 180, 182, 183, 184, 186, 187, 188, 189, 191, 198, 212, 222, 223, 226, 227, 228, 230, 231, 232, 235, 236, 237, 239, 255, 258, 261, 266, 268, 282, 314, 315, 317], "excluded_lines": []}, "": {"executed_lines": [], "summary": {"covered_lines": 0, "num_statements": 21, "percent_covered": 0.0, "percent_covered_display": "0", "missing_lines": 21, "excluded_lines": 8}, "missing_lines": [12, 13, 14, 15, 16, 17, 20, 21, 22, 23, 26, 31, 34, 43, 54, 85, 125, 151, 200, 241, 270], "excluded_lines": [321, 322, 325, 326, 328, 329, 332, 333]}}}, "argumentation_analysis\\agents\\tools\\analysis\\enhanced\\__init__.py": {"executed_lines": [], "summary": {"covered_lines": 0, "num_statements": 5, "percent_covered": 0.0, "percent_covered_display": "0", "missing_lines": 5, "excluded_lines": 0}, "missing_lines": [11, 12, 13, 14, 16], "excluded_lines": [], "functions": {"": {"executed_lines": [], "summary": {"covered_lines": 0, "num_statements": 5, "percent_covered": 0.0, "percent_covered_display": "0", "missing_lines": 5, "excluded_lines": 0}, "missing_lines": [11, 12, 13, 14, 16], "excluded_lines": []}}, "classes": {"": {"executed_lines": [], "summary": {"covered_lines": 0, "num_statements": 5, "percent_covered": 0.0, "percent_covered_display": "0", "missing_lines": 5, "excluded_lines": 0}, "missing_lines": [11, 12, 13, 14, 16], "excluded_lines": []}}}, "argumentation_analysis\\agents\\tools\\analysis\\enhanced\\complex_fallacy_analyzer.py": {"executed_lines": [], "summary": {"covered_lines": 0, "num_statements": 394, "percent_covered": 0.0, "percent_covered_display": "0", "missing_lines": 394, "excluded_lines": 104}, "missing_lines": [12, 13, 14, 15, 16, 17, 18, 19, 20, 23, 24, 25, 26, 29, 32, 33, 36, 41, 44, 53, 57, 58, 61, 62, 65, 68, 71, 73, 75, 82, 115, 117, 124, 162, 164, 179, 182, 183, 184, 185, 186, 193, 196, 199, 202, 213, 220, 222, 232, 233, 236, 238, 241, 243, 245, 254, 256, 266, 269, 270, 273, 282, 283, 284, 285, 287, 288, 291, 293, 296, 298, 306, 308, 320, 321, 324, 325, 328, 329, 331, 333, 345, 346, 355, 356, 357, 358, 359, 362, 363, 364, 365, 367, 370, 371, 372, 373, 374, 376, 379, 382, 385, 391, 394, 395, 396, 397, 398, 399, 401, 403, 418, 421, 422, 423, 424, 425, 426, 427, 429, 432, 435, 438, 441, 446, 457, 464, 466, 481, 484, 485, 486, 487, 490, 491, 492, 493, 496, 497, 498, 499, 500, 501, 502, 505, 507, 512, 514, 518, 521, 532, 534, 551, 553, 555, 557, 559, 561, 563, 565, 567, 569, 572, 574, 585, 600, 601, 604, 605, 606, 607, 609, 610, 613, 614, 615, 616, 617, 619, 620, 621, 624, 625, 627, 629, 640, 643, 644, 645, 646, 647, 649, 650, 652, 653, 656, 657, 658, 661, 662, 663, 664, 666, 667, 669, 670, 671, 672, 673, 676, 677, 679, 680, 682, 698, 701, 702, 703, 704, 705, 708, 709, 712, 715, 717, 719, 722, 723, 725, 728, 730, 732, 748, 751, 752, 753, 754, 755, 758, 759, 762, 764, 765, 766, 767, 768, 771, 773, 775, 786, 796, 797, 799, 800, 801, 802, 803, 806, 807, 810, 812, 814, 834, 835, 836, 839, 840, 841, 844, 845, 846, 850, 851, 852, 854, 859, 860, 869, 870, 873, 874, 875, 876, 877, 878, 880, 882, 892, 907, 910, 913, 916, 919, 922, 925, 933, 944, 951, 953, 964, 965, 973, 974, 975, 976, 980, 981, 983, 984, 985, 988, 989, 992, 993, 994, 996, 997, 998, 1000, 1003, 1004, 1005, 1006, 1014, 1016, 1019, 1022, 1023, 1024, 1027, 1028, 1029, 1030, 1031, 1032, 1034, 1036, 1043, 1059, 1060, 1068, 1069, 1070, 1071, 1072, 1081, 1084, 1085, 1086, 1087, 1088, 1091, 1093, 1094, 1101, 1102, 1110, 1111, 1114, 1116, 1118, 1119, 1122, 1123, 1124, 1125, 1126, 1127, 1129, 1131, 1138, 1158, 1159, 1160, 1163, 1166, 1167, 1170, 1171, 1172, 1173, 1174, 1175, 1177, 1180, 1182, 1183, 1185, 1186, 1188, 1189, 1191, 1192, 1194], "excluded_lines": [511, 1206, 1207, 1210, 1217, 1218, 1221, 1222, 1225, 1226, 1228, 1229, 1230, 1231, 1232, 1233, 1234, 1235, 1236, 1237, 1238, 1239, 1240, 1241, 1242, 1243, 1244, 1245, 1246, 1247, 1248, 1249, 1250, 1251, 1252, 1253, 1254, 1255, 1256, 1257, 1258, 1260, 1261, 1262, 1263, 1264, 1265, 1266, 1267, 1268, 1269, 1270, 1271, 1272, 1273, 1274, 1275, 1276, 1277, 1278, 1279, 1280, 1281, 1282, 1283, 1284, 1285, 1286, 1287, 1288, 1289, 1290, 1291, 1292, 1293, 1294, 1295, 1296, 1297, 1298, 1299, 1300, 1301, 1302, 1303, 1304, 1305, 1306, 1307, 1308, 1309, 1310, 1311, 1312, 1313, 1314, 1315, 1316, 1317, 1318, 1319, 1320, 1321, 1322], "functions": {"EnhancedComplexFallacyAnalyzer.__init__": {"executed_lines": [], "summary": {"covered_lines": 0, "num_statements": 8, "percent_covered": 0.0, "percent_covered_display": "0", "missing_lines": 8, "excluded_lines": 0}, "missing_lines": [57, 58, 61, 62, 65, 68, 71, 73], "excluded_lines": []}, "EnhancedComplexFallacyAnalyzer._define_argument_structure_patterns": {"executed_lines": [], "summary": {"covered_lines": 0, "num_statements": 2, "percent_covered": 0.0, "percent_covered_display": "0", "missing_lines": 2, "excluded_lines": 0}, "missing_lines": [82, 115], "excluded_lines": []}, "EnhancedComplexFallacyAnalyzer._define_advanced_fallacy_combinations": {"executed_lines": [], "summary": {"covered_lines": 0, "num_statements": 2, "percent_covered": 0.0, "percent_covered_display": "0", "missing_lines": 2, "excluded_lines": 0}, "missing_lines": [124, 162], "excluded_lines": []}, "EnhancedComplexFallacyAnalyzer.analyze_argument_structure": {"executed_lines": [], "summary": {"covered_lines": 0, "num_statements": 12, "percent_covered": 0.0, "percent_covered_display": "0", "missing_lines": 12, "excluded_lines": 0}, "missing_lines": [179, 182, 183, 184, 185, 186, 193, 196, 199, 202, 213, 220], "excluded_lines": []}, "EnhancedComplexFallacyAnalyzer._identify_argument_structures": {"executed_lines": [], "summary": {"covered_lines": 0, "num_statements": 8, "percent_covered": 0.0, "percent_covered_display": "0", "missing_lines": 8, "excluded_lines": 0}, "missing_lines": [232, 233, 236, 238, 241, 243, 245, 254], "excluded_lines": []}, "EnhancedComplexFallacyAnalyzer._identify_argument_relations": {"executed_lines": [], "summary": {"covered_lines": 0, "num_statements": 15, "percent_covered": 0.0, "percent_covered_display": "0", "missing_lines": 15, "excluded_lines": 0}, "missing_lines": [266, 269, 270, 273, 282, 283, 284, 285, 287, 288, 291, 293, 296, 298, 306], "excluded_lines": []}, "EnhancedComplexFallacyAnalyzer._calculate_simple_similarity": {"executed_lines": [], "summary": {"covered_lines": 0, "num_statements": 7, "percent_covered": 0.0, "percent_covered_display": "0", "missing_lines": 7, "excluded_lines": 0}, "missing_lines": [320, 321, 324, 325, 328, 329, 331], "excluded_lines": []}, "EnhancedComplexFallacyAnalyzer._evaluate_argument_coherence": {"executed_lines": [], "summary": {"covered_lines": 0, "num_statements": 29, "percent_covered": 0.0, "percent_covered_display": "0", "missing_lines": 29, "excluded_lines": 0}, "missing_lines": [345, 346, 355, 356, 357, 358, 359, 362, 363, 364, 365, 367, 370, 371, 372, 373, 374, 376, 379, 382, 385, 391, 394, 395, 396, 397, 398, 399, 401], "excluded_lines": []}, "EnhancedComplexFallacyAnalyzer.detect_composite_fallacies": {"executed_lines": [], "summary": {"covered_lines": 0, "num_statements": 16, "percent_covered": 0.0, "percent_covered_display": "0", "missing_lines": 16, "excluded_lines": 0}, "missing_lines": [418, 421, 422, 423, 424, 425, 426, 427, 429, 432, 435, 438, 441, 446, 457, 464], "excluded_lines": []}, "EnhancedComplexFallacyAnalyzer._identify_advanced_fallacy_combinations": {"executed_lines": [], "summary": {"covered_lines": 0, "num_statements": 23, "percent_covered": 0.0, "percent_covered_display": "0", "missing_lines": 23, "excluded_lines": 1}, "missing_lines": [481, 484, 485, 486, 487, 490, 491, 492, 493, 496, 497, 498, 499, 500, 501, 502, 505, 507, 512, 514, 518, 521, 532], "excluded_lines": [511]}, "EnhancedComplexFallacyAnalyzer._evaluate_pattern_match": {"executed_lines": [], "summary": {"covered_lines": 0, "num_statements": 11, "percent_covered": 0.0, "percent_covered_display": "0", "missing_lines": 11, "excluded_lines": 0}, "missing_lines": [551, 553, 555, 557, 559, 561, 563, 565, 567, 569, 572], "excluded_lines": []}, "EnhancedComplexFallacyAnalyzer._evaluate_escalation_pattern": {"executed_lines": [], "summary": {"covered_lines": 0, "num_statements": 20, "percent_covered": 0.0, "percent_covered_display": "0", "mis
[...]
percent_covered_display": "0", "missing_lines": 123, "excluded_lines": 0}, "missing_lines": [563, 565, 566, 568, 570, 572, 574, 577, 580, 581, 582, 583, 584, 586, 587, 588, 591, 592, 595, 596, 597, 600, 601, 602, 603, 604, 605, 607, 610, 611, 612, 613, 614, 615, 616, 617, 618, 621, 622, 623, 627, 630, 632, 633, 636, 637, 639, 640, 641, 643, 644, 647, 648, 649, 650, 651, 652, 653, 655, 656, 659, 660, 661, 662, 663, 664, 665, 666, 667, 668, 669, 670, 673, 674, 675, 676, 677, 678, 679, 680, 681, 684, 685, 686, 687, 688, 689, 690, 691, 692, 693, 696, 697, 698, 701, 702, 703, 704, 706, 707, 708, 709, 710, 711, 713, 714, 715, 717, 718, 719, 720, 721, 722, 723, 724, 727, 728, 729, 730, 731, 734, 735, 736], "excluded_lines": []}, "": {"executed_lines": [], "summary": {"covered_lines": 0, "num_statements": 112, "percent_covered": 0.0, "percent_covered_display": "0", "missing_lines": 112, "excluded_lines": 2}, "missing_lines": [14, 15, 16, 17, 18, 19, 20, 23, 28, 31, 32, 33, 35, 36, 37, 38, 40, 41, 42, 43, 47, 48, 49, 50, 51, 53, 54, 55, 56, 60, 61, 62, 63, 66, 69, 70, 71, 73, 74, 75, 77, 78, 79, 80, 81, 82, 84, 86, 89, 92, 93, 95, 97, 100, 101, 102, 103, 104, 107, 108, 110, 111, 112, 114, 115, 116, 118, 120, 121, 122, 124, 125, 126, 127, 128, 129, 130, 131, 132, 133, 135, 136, 137, 138, 139, 140, 141, 142, 143, 144, 146, 147, 148, 150, 152, 153, 155, 156, 157, 164, 166, 168, 169, 170, 173, 175, 177, 202, 233, 340, 405, 561], "excluded_lines": [738, 739]}}, "classes": {"": {"executed_lines": [], "summary": {"covered_lines": 0, "num_statements": 368, "percent_covered": 0.0, "percent_covered_display": "0", "missing_lines": 368, "excluded_lines": 3}, "missing_lines": [14, 15, 16, 17, 18, 19, 20, 23, 28, 31, 32, 33, 35, 36, 37, 38, 40, 41, 42, 43, 47, 48, 49, 50, 51, 53, 54, 55, 56, 60, 61, 62, 63, 66, 69, 70, 71, 73, 74, 75, 77, 78, 79, 80, 81, 82, 84, 86, 89, 92, 93, 95, 97, 100, 101, 102, 103, 104, 107, 108, 110, 111, 112, 114, 115, 116, 118, 120, 121, 122, 124, 125, 126, 127, 128, 129, 130, 131, 132, 133, 135, 136, 137, 138, 139, 140, 141, 142, 143, 144, 146, 147, 148, 150, 152, 153, 155, 156, 157, 164, 166, 168, 169, 170, 173, 175, 177, 202, 204, 206, 207, 209, 210, 211, 212, 213, 214, 215, 217, 218, 225, 226, 227, 228, 230, 231, 233, 240, 241, 242, 244, 247, 271, 272, 273, 275, 276, 278, 279, 280, 281, 282, 283, 284, 285, 286, 287, 288, 289, 290, 291, 294, 296, 297, 298, 301, 302, 304, 305, 306, 307, 308, 310, 319, 320, 321, 322, 323, 326, 338, 339, 340, 342, 345, 348, 351, 352, 353, 356, 357, 358, 359, 361, 362, 363, 364, 365, 366, 368, 371, 376, 377, 378, 379, 380, 381, 383, 385, 393, 396, 400, 402, 403, 405, 407, 410, 417, 418, 419, 420, 422, 423, 424, 425, 428, 429, 430, 431, 432, 435, 436, 437, 440, 502, 503, 504, 505, 508, 509, 511, 512, 513, 514, 516, 517, 518, 519, 521, 538, 540, 550, 557, 558, 560, 561, 563, 565, 566, 568, 570, 572, 574, 577, 580, 581, 582, 583, 584, 586, 587, 588, 591, 592, 595, 596, 597, 600, 601, 602, 603, 604, 605, 607, 610, 611, 612, 613, 614, 615, 616, 617, 618, 621, 622, 623, 627, 630, 632, 633, 636, 637, 639, 640, 641, 643, 644, 647, 648, 649, 650, 651, 652, 653, 655, 656, 659, 660, 661, 662, 663, 664, 665, 666, 667, 668, 669, 670, 673, 674, 675, 676, 677, 678, 679, 680, 681, 684, 685, 686, 687, 688, 689, 690, 691, 692, 693, 696, 697, 698, 701, 702, 703, 704, 706, 707, 708, 709, 710, 711, 713, 714, 715, 717, 718, 719, 720, 721, 722, 723, 724, 727, 728, 729, 730, 731, 734, 735, 736], "excluded_lines": [375, 738, 739]}}}, "argumentation_analysis\\utils\\restore_config.py": {"executed_lines": [], "summary": {"covered_lines": 0, "num_statements": 60, "percent_covered": 0.0, "percent_covered_display": "0", "missing_lines": 60, "excluded_lines": 2}, "missing_lines": [11, 12, 13, 14, 15, 18, 23, 26, 29, 30, 31, 32, 33, 34, 35, 36, 39, 40, 41, 42, 44, 51, 54, 55, 56, 59, 60, 61, 62, 65, 67, 68, 69, 72, 73, 74, 76, 79, 82, 85, 86, 88, 91, 94, 97, 98, 100, 102, 104, 106, 109, 110, 111, 112, 113, 115, 116, 117, 119, 120], "excluded_lines": [122, 123], "functions": {"restore_config_files": {"executed_lines": [], "summary": {"covered_lines": 0, "num_statements": 27, "percent_covered": 0.0, "percent_covered_display": "0", "missing_lines": 27, "excluded_lines": 0}, "missing_lines": [51, 54, 55, 56, 59, 60, 61, 62, 65, 67, 68, 69, 72, 73, 74, 76, 79, 82, 85, 86, 88, 91, 94, 97, 98, 100, 102], "excluded_lines": []}, "main": {"executed_lines": [], "summary": {"covered_lines": 0, "num_statements": 11, "percent_covered": 0.0, "percent_covered_display": "0", "missing_lines": 11, "excluded_lines": 0}, "missing_lines": [106, 109, 110, 111, 112, 113, 115, 116, 117, 119, 120], "excluded_lines": []}, "": {"executed_lines": [], "summary": {"covered_lines": 0, "num_statements": 22, "percent_covered": 0.0, "percent_covered_display": "0", "missing_lines": 22, "excluded_lines": 2}, "missing_lines": [11, 12, 13, 14, 15, 18, 23, 26, 29, 30, 31, 32, 33, 34, 35, 36, 39, 40, 41, 42, 44, 104], "excluded_lines": [122, 123]}}, "classes": {"": {"executed_lines": [], "summary": {"covered_lines": 0, "num_statements": 60, "percent_covered": 0.0, "percent_covered_display": "0", "missing_lines": 60, "excluded_lines": 2}, "missing_lines": [11, 12, 13, 14, 15, 18, 23, 26, 29, 30, 31, 32, 33, 34, 35, 36, 39, 40, 41, 42, 44, 51, 54, 55, 56, 59, 60, 61, 62, 65, 67, 68, 69, 72, 73, 74, 76, 79, 82, 85, 86, 88, 91, 94, 97, 98, 100, 102, 104, 106, 109, 110, 111, 112, 113, 115, 116, 117, 119, 120], "excluded_lines": [122, 123]}}}, "argumentation_analysis\\utils\\run_verify_extracts.py": {"executed_lines": [], "summary": {"covered_lines": 0, "num_statements": 78, "percent_covered": 0.0, "percent_covered_display": "0", "missing_lines": 78, "excluded_lines": 2}, "missing_lines": [11, 12, 13, 14, 15, 18, 21, 26, 29, 30, 31, 33, 35, 36, 38, 40, 42, 45, 48, 49, 50, 51, 52, 54, 55, 56, 59, 61, 62, 65, 66, 67, 68, 69, 70, 71, 72, 73, 74, 77, 78, 79, 81, 82, 83, 85, 88, 89, 90, 91, 94, 95, 96, 100, 103, 104, 105, 108, 109, 110, 111, 114, 115, 116, 117, 119, 120, 121, 122, 123, 124, 127, 128, 129, 130, 131, 134, 135], "excluded_lines": [137, 138], "functions": {"main": {"executed_lines": [], "summary": {"covered_lines": 0, "num_statements": 66, "percent_covered": 0.0, "percent_covered_display": "0", "missing_lines": 66, "excluded_lines": 0}, "missing_lines": [35, 36, 38, 40, 42, 45, 48, 49, 50, 51, 52, 54, 55, 56, 59, 61, 62, 65, 66, 67, 68, 69, 70, 71, 72, 73, 74, 77, 78, 79, 81, 82, 83, 85, 88, 89, 90, 91, 94, 95, 96, 100, 103, 104, 105, 108, 109, 110, 111, 114, 115, 116, 117, 119, 120, 121, 122, 123, 124, 127, 128, 129, 130, 131, 134, 135], "excluded_lines": []}, "": {"executed_lines": [], "summary": {"covered_lines": 0, "num_statements": 12, "percent_covered": 0.0, "percent_covered_display": "0", "missing_lines": 12, "excluded_lines": 2}, "missing_lines": [11, 12, 13, 14, 15, 18, 21, 26, 29, 30, 31, 33], "excluded_lines": [137, 138]}}, "classes": {"": {"executed_lines": [], "summary": {"covered_lines": 0, "num_statements": 78, "percent_covered": 0.0, "percent_covered_display": "0", "missing_lines": 78, "excluded_lines": 2}, "missing_lines": [11, 12, 13, 14, 15, 18, 21, 26, 29, 30, 31, 33, 35, 36, 38, 40, 42, 45, 48, 49, 50, 51, 52, 54, 55, 56, 59, 61, 62, 65, 66, 67, 68, 69, 70, 71, 72, 73, 74, 77, 78, 79, 81, 82, 83, 85, 88, 89, 90, 91, 94, 95, 96, 100, 103, 104, 105, 108, 109, 110, 111, 114, 115, 116, 117, 119, 120, 121, 122, 123, 124, 127, 128, 129, 130, 131, 134, 135], "excluded_lines": [137, 138]}}}, "argumentation_analysis\\utils\\run_verify_extracts_with_llm.py": {"executed_lines": [], "summary": {"covered_lines": 0, "num_statements": 116, "percent_covered": 0.0, "percent_covered_display": "0", "missing_lines": 116, "excluded_lines": 2}, "missing_lines": [12, 13, 14, 15, 16, 17, 20, 23, 28, 31, 32, 33, 35, 37, 38, 40, 42, 44, 46, 49, 52, 53, 54, 55, 56, 58, 59, 60, 63, 65, 66, 69, 70, 71, 72, 73, 74, 75, 76, 77, 78, 79, 82, 83, 84, 86, 87, 88, 90, 93, 94, 95, 96, 99, 100, 101, 105, 108, 110, 111, 114, 115, 117, 118, 119, 121, 122, 125, 126, 127, 128, 129, 130, 131, 133, 134, 137, 138, 139, 140, 141, 142, 145, 146, 147, 150, 151, 152, 153, 156, 157, 158, 161, 162, 163, 164, 166, 167, 168, 169, 170, 171, 173, 174, 175, 177, 178, 179, 180, 181, 182, 183, 184, 187, 188, 189], "excluded_lines": [191, 192], "functions": {"main": {"executed_lines": [], "summary": {"covered_lines": 0, "num_statements": 103, "percent_covered": 0.0, "percent_covered_display": "0", "missing_lines": 103, "excluded_lines": 0}, "missing_lines": [37, 38, 40, 42, 44, 46, 49, 52, 53, 54, 55, 56, 58, 59, 60, 63, 65, 66, 69, 70, 71, 72, 73, 74, 75, 76, 77, 78, 79, 82, 83, 84, 86, 87, 88, 90, 93, 94, 95, 96, 99, 100, 101, 105, 108, 110, 111, 114, 115, 117, 118, 119, 121, 122, 125, 126, 127, 128, 129, 130, 131, 133, 134, 137, 138, 139, 140, 141, 142, 145, 146, 147, 150, 151, 152, 153, 156, 157, 158, 161, 162, 163, 164, 166, 167, 168, 169, 170, 171, 173, 174, 175, 177, 178, 179, 180, 181, 182, 183, 184, 187, 188, 189], "excluded_lines": []}, "": {"executed_lines": [], "summary": {"covered_lines": 0, "num_statements": 13, "percent_covered": 0.0, "percent_covered_display": "0", "missing_lines": 13, "excluded_lines": 2}, "missing_lines": [12, 13, 14, 15, 16, 17, 20, 23, 28, 31, 32, 33, 35], "excluded_lines": [191, 192]}}, "classes": {"": {"executed_lines": [], "summary": {"covered_lines": 0, "num_statements": 116, "percent_covered": 0.0, "percent_covered_display": "0", "missing_lines": 116, "excluded_lines": 2}, "missing_lines": [12, 13, 14, 15, 16, 17, 20, 23, 28, 31, 32, 33, 35, 37, 38, 40, 42, 44, 46, 49, 52, 53, 54, 55, 56, 58, 59, 60, 63, 65, 66, 69, 70, 71, 72, 73, 74, 75, 76, 77, 78, 79, 82, 83, 84, 86, 87, 88, 90, 93, 94, 95, 96, 99, 100, 101, 105, 108, 110, 111, 114, 115, 117, 118, 119, 121, 122, 125, 126, 127, 128, 129, 130, 131, 133, 134, 137, 138, 139, 140, 141, 142, 145, 146, 147, 150, 151, 152, 153, 156, 157, 158, 161, 162, 163, 164, 166, 167, 168, 169, 170, 171, 173, 174, 175, 177, 178, 179, 180, 181, 182, 183, 184, 187, 188, 189], "excluded_lines": [191, 192]}}}, "argumentation_analysis\\utils\\system_utils.py": {"executed_lines": [], "summary": {"covered_lines": 0, "num_statements": 51, "percent_covered": 0.0, "percent_covered_display": "0", "missing_lines": 51, "excluded_lines": 0}, "missing_lines": [2, 3, 4, 5, 7, 8, 9, 12, 22, 25, 28, 30, 31, 33, 34, 37, 38, 39, 40, 41, 42, 43, 45, 52, 53, 56, 59, 61, 63, 70, 73, 75, 77, 78, 79, 80, 81, 82, 83, 85, 86, 88, 89, 90, 91, 92, 93, 94, 95, 98, 99], "excluded_lines": [], "functions": {"ensure_directory_exists": {"executed_lines": [], "summary": {"covered_lines": 0, "num_statements": 14, "percent_covered": 0.0, "percent_covered_display": "0", "missing_lines": 14, "excluded_lines": 0}, "missing_lines": [22, 25, 28, 30, 31, 33, 34, 37, 38, 39, 40, 41, 42, 43], "excluded_lines": []}, "get_project_root": {"executed_lines": [], "summary": {"covered_lines": 0, "num_statements": 5, "percent_covered": 0.0, "percent_covered_display": "0", "missing_lines": 5, "excluded_lines": 0}, "missing_lines": [52, 53, 56, 59, 61], "excluded_lines": []}, "is_running_in_notebook": {"executed_lines": [], "summary": {"covered_lines": 0, "num_statements": 2, "percent_covered": 0.0, "percent_covered_display": "0", "missing_lines": 2, "excluded_lines": 0}, "missing_lines": [70, 73], "excluded_lines": []}, "check_and_install": {"executed_lines": [], "summary": {"covered_lines": 0, "num_statements": 17, "percent_covered": 0.0, "percent_covered_display": "0", "missing_lines": 17, "excluded_lines": 0}, "missing_lines": [77, 78, 79, 80, 81, 82, 83, 85, 86, 88, 89, 90, 91, 92, 93, 94, 95], "excluded_lines": []}, "": {"executed_lines": [], "summary": {"covered_lines": 0, "num_statements": 13, "percent_covered": 0.0, "percent_covered_display": "0", "missing_lines": 13, "excluded_lines": 0}, "missing_lines": [2, 3, 4, 5, 7, 8, 9, 12, 45, 63, 75, 98, 99], "excluded_lines": []}}, "classes": {"": {"executed_lines": [], "summary": {"covered_lines": 0, "num_statements": 51, "percent_covered": 0.0, "percent_covered_display": "0", "missing_lines": 51, "excluded_lines": 0}, "missing_lines": [2, 3, 4, 5, 7, 8, 9, 12, 22, 25, 28, 30, 31, 33, 34, 37, 38, 39, 40, 41, 42, 43, 45, 52, 53, 56, 59, 61, 63, 70, 73, 75, 77, 78, 79, 80, 81, 82, 83, 85, 86, 88, 89, 90, 91, 92, 93, 94, 95, 98, 99], "excluded_lines": []}}}, "argumentation_analysis\\utils\\taxonomy_loader.py": {"executed_lines": [1, 19, 20, 21, 22, 25, 26, 29, 31, 32, 38, 40, 103, 157, 168, 169, 182, 191], "summary": {"covered_lines": 15, "num_statements": 60, "percent_covered": 25.0, "percent_covered_display": "25", "missing_lines": 45, "excluded_lines": 11}, "missing_lines": [60, 61, 63, 66, 67, 68, 71, 72, 73, 76, 80, 100, 123, 124, 126, 127, 130, 131, 133, 134, 135, 137, 138, 139, 140, 141, 142, 143, 145, 146, 147, 148, 150, 151, 153, 154, 155, 189, 210, 211, 214, 215, 253, 254, 258], "excluded_lines": [101, 157, 159, 160, 161, 163, 164, 165, 166, 192, 259], "functions": {"get_taxonomy_path": {"executed_lines": [], "summary": {"covered_lines": 0, "num_statements": 12, "percent_covered": 0.0, "percent_covered_display": "0", "missing_lines": 12, "excluded_lines": 1}, "missing_lines": [60, 61, 63, 66, 67, 68, 71, 72, 73, 76, 80, 100], "excluded_lines": [101]}, "validate_taxonomy_file": {"executed_lines": [], "summary": {"covered_lines": 0, "num_statements": 25, "percent_covered": 0.0, "percent_covered_display": "0", "missing_lines": 25, "excluded_lines": 0}, "missing_lines": [123, 124, 126, 127, 130, 131, 133, 134, 135, 137, 138, 139, 140, 141, 142, 143, 145, 146, 147, 148, 150, 151, 153, 154, 155], "excluded_lines": []}, "TaxonomyLoader.__init__": {"executed_lines": [], "summary": {"covered_lines": 0, "num_statements": 1, "percent_covered": 0.0, "percent_covered_display": "0", "missing_lines": 1, "excluded_lines": 0}, "missing_lines": [189], "excluded_lines": []}, "TaxonomyLoader.load_taxonomy": {"executed_lines": [], "summary": {"covered_lines": 0, "num_statements": 7, "percent_covered": 0.0, "percent_covered_display": "0", "missing_lines": 7, "excluded_lines": 2}, "missing_lines": [210, 211, 214, 215, 253, 254, 258], "excluded_lines": [192, 259]}, "": {"executed_lines": [1, 19, 20, 21, 22, 25, 26, 29, 31, 32, 38, 40, 103, 157, 168, 169, 182, 191], "summary": {"covered_lines": 15, "num_statements": 15, "percent_covered": 100.0, "percent_covered_display": "100", "missing_lines": 0, "excluded_lines": 8}, "missing_lines": [], "excluded_lines": [157, 159, 160, 161, 163, 164, 165, 166]}}, "classes": {"TaxonomyLoader": {"executed_lines": [], "summary": {"covered_lines": 0, "num_statements": 8, "percent_covered": 0.0, "percent_covered_display": "0", "missing_lines": 8, "excluded_lines": 2}, "missing_lines": [189, 210, 211, 214, 215, 253, 254, 258], "excluded_lines": [192, 259]}, "": {"executed_lines": [1, 19, 20, 21, 22, 25, 26, 29, 31, 32, 38, 40, 103, 157, 168, 169, 182, 191], "summary": {"covered_lines": 15, "num_statements": 52, "percent_covered": 28.846153846153847, "percent_covered_display": "29", "missing_lines": 37, "excluded_lines": 9}, "missing_lines": [60, 61, 63, 66, 67, 68, 71, 72, 73, 76, 80, 100, 123, 124, 126, 127, 130, 131, 133, 134, 135, 137, 138, 139, 140, 141, 142, 143, 145, 146, 147, 148, 150, 151, 153, 154, 155], "excluded_lines": [101, 157, 159, 160, 161, 163, 164, 165, 166]}}}, "argumentation_analysis\\utils\\test_informal_integration.py": {"executed_lines": [4, 9, 10, 11, 12, 13, 16, 17, 20, 21, 24, 26, 80], "summary": {"covered_lines": 11, "num_statements": 40, "percent_covered": 27.5, "percent_covered_display": "28", "missing_lines": 29, "excluded_lines": 3}, "missing_lines": [30, 32, 34, 37, 38, 41, 42, 45, 48, 49, 50, 53, 54, 55, 57, 58, 59, 62, 63, 65, 66, 69, 70, 72, 74, 75, 76, 77, 78], "excluded_lines": [80, 81, 82], "functions": {"test_informal_integration": {"executed_lines": [], "summary": {"covered_lines": 0, "num_statements": 29, "percent_covered": 0.0, "percent_covered_display": "0", "missing_lines": 29, "excluded_lines": 0}, "missing_lines": [30, 32, 34, 37, 38, 41, 42, 45, 48, 49, 50, 53, 54, 55, 57, 58, 59, 62, 63, 65, 66, 69, 70, 72, 74, 75, 76, 77, 78], "excluded_lines": []}, "": {"executed_lines": [4, 9, 10, 11, 12, 13, 16, 17, 20, 21, 24, 26, 80], "summary": {"covered_lines": 11, "num_statements": 11, "percent_covered": 100.0, "percent_covered_display": "100", "missing_lines": 0, "excluded_lines": 3}, "missing_lines": [], "excluded_lines": [80, 81, 82]}}, "classes": {"": {"executed_lines": [4, 9, 10, 11, 12, 13, 16, 17, 20, 21, 24, 26, 80], "summary": {"covered_lines": 11, "num_statements": 40, "percent_covered": 27.5, "percent_covered_display": "28", "missing_lines": 29, "excluded_lines": 3}, "missing_lines": [30, 32, 34, 37, 38, 41, 42, 45, 48, 49, 50, 53, 54, 55, 57, 58, 59, 62, 63, 65, 66, 69, 70, 72, 74, 75, 76, 77, 78], "excluded_lines": [80, 81, 82]}}}, "argumentation_analysis\\utils\\test_taxonomy_loader.py": {"executed_lines": [4, 9, 10, 11, 14, 15, 18, 20, 54], "summary": {"covered_lines": 7, "num_statements": 25, "percent_covered": 28.0, "percent_covered_display": "28", "missing_lines": 18, "excluded_lines": 3}, "missing_lines": [24, 26, 28, 29, 32, 33, 34, 37, 38, 40, 41, 42, 45, 46, 48, 50, 51, 52], "excluded_lines": [54, 55, 56], "functions": {"test_taxonomy_loader": {"executed_lines": [], "summary": {"covered_lines": 0, "num_statements": 18, "percent_covered": 0.0, "percent_covered_display": "0", "missing_lines": 18, "excluded_lines": 0}, "missing_lines": [24, 26, 28, 29, 32, 33, 34, 37, 38, 40, 41, 42, 45, 46, 48, 50, 51, 52], "excluded_lines": []}, "": {"executed_lines": [4, 9, 10, 11, 14, 15, 18, 20, 54], "summary": {"covered_lines": 7, "num_statements": 7, "percent_covered": 100.0, "percent_covered_display": "100", "missing_lines": 0, "excluded_lines": 3}, "missing_lines": [], "excluded_lines": [54, 55, 56]}}, "classes": {"": {"executed_lines": [4, 9, 10, 11, 14, 15, 18, 20, 54], "summary": {"covered_lines": 7, "num_statements": 25, "percent_covered": 28.0, "percent_covered_display": "28", "missing_lines": 18, "excluded_lines": 3}, "missing_lines": [24, 26, 28, 29, 32, 33, 34, 37, 38, 40, 41, 42, 45, 46, 48, 50, 51, 52], "excluded_lines": [54, 55, 56]}}}, "argumentation_analysis\\utils\\update_encrypted_config.py": {"executed_lines": [], "summary": {"covered_lines": 0, "num_statements": 29, "percent_covered": 0.0, "percent_covered_display": "0", "missing_lines": 29, "excluded_lines": 19}, "missing_lines": [6, 7, 8, 9, 12, 15, 16, 18, 24, 27, 28, 29, 32, 33, 34, 36, 38, 39, 41, 42, 45, 47, 48, 49, 51, 52, 54, 55, 56], "excluded_lines": [58, 59, 62, 63, 64, 65, 68, 71, 72, 75, 76, 77, 78, 79, 80, 81, 82, 83, 85], "functions": {"update_encrypted_config": {"executed_lines": [], "summary": {"covered_lines": 0, "num_statements": 21, "percent_covered": 0.0, "percent_covered_display": "0", "missing_lines": 21, "excluded_lines": 0}, "missing_lines": [24, 27, 28, 29, 32, 33, 34, 36, 38, 39, 41, 42, 45, 47, 48, 49, 51, 52, 54, 55, 56], "excluded_lines": []}, "": {"executed_lines": [], "summary": {"covered_lines": 0, "num_statements": 8, "percent_covered": 0.0, "percent_covered_display": "0", "missing_lines": 8, "excluded_lines": 19}, "missing_lines": [6, 7, 8, 9, 12, 15, 16, 18], "excluded_lines": [58, 59, 62, 63, 64, 65, 68, 71, 72, 75, 76, 77, 78, 79, 80, 81, 82, 83, 85]}}, "classes": {"": {"executed_lines": [], "summary": {"covered_lines": 0, "num_statements": 29, "percent_covered": 0.0, "percent_covered_display": "0", "missing_lines": 29, "excluded_lines": 19}, "missing_lines": [6, 7, 8, 9, 12, 15, 16, 18, 24, 27, 28, 29, 32, 33, 34, 36, 38, 39, 41, 42, 45, 47, 48, 49, 51, 52, 54, 55, 56], "excluded_lines": [58, 59, 62, 63, 64, 65, 68, 71, 72, 75, 76, 77, 78, 79, 80, 81, 82, 83, 85]}}}}, "totals": {"covered_lines": 631, "num_statements": 14328, "percent_covered": 4.403964265773311, "percent_covered_display": "4", "missing_lines": 13697, "excluded_lines": 603}}