{"meta": {"format": 3, "version": "7.8.0", "timestamp": "2025-05-17T14:27:18.914112", "branch_coverage": false, "show_contexts": false}, "files": {"__init__.py": {"executed_lines": [1, 9, 12, 13, 14, 15, 16, 17, 20, 21, 22], "summary": {"covered_lines": 10, "num_statements": 13, "percent_covered": 76.92307692307692, "percent_covered_display": "77", "missing_lines": 3, "excluded_lines": 0}, "missing_lines": [23, 26, 27], "excluded_lines": [], "functions": {"": {"executed_lines": [1, 9, 12, 13, 14, 15, 16, 17, 20, 21, 22], "summary": {"covered_lines": 10, "num_statements": 13, "percent_covered": 76.92307692307692, "percent_covered_display": "77", "missing_lines": 3, "excluded_lines": 0}, "missing_lines": [23, 26, 27], "excluded_lines": []}}, "classes": {"": {"executed_lines": [1, 9, 12, 13, 14, 15, 16, 17, 20, 21, 22], "summary": {"covered_lines": 10, "num_statements": 13, "percent_covered": 76.92307692307692, "percent_covered_display": "77", "missing_lines": 3, "excluded_lines": 0}, "missing_lines": [23, 26, 27], "excluded_lines": []}}}, "agents\\__init__.py": {"executed_lines": [1, 9, 10, 11], "summary": {"covered_lines": 3, "num_statements": 6, "percent_covered": 50.0, "percent_covered_display": "50", "missing_lines": 3, "excluded_lines": 0}, "missing_lines": [12, 13, 14], "excluded_lines": [], "functions": {"": {"executed_lines": [1, 9, 10, 11], "summary": {"covered_lines": 3, "num_statements": 6, "percent_covered": 50.0, "percent_covered_display": "50", "missing_lines": 3, "excluded_lines": 0}, "missing_lines": [12, 13, 14], "excluded_lines": []}}, "classes": {"": {"executed_lines": [1, 9, 10, 11], "summary": {"covered_lines": 3, "num_statements": 6, "percent_covered": 50.0, "percent_covered_display": "50", "missing_lines": 3, "excluded_lines": 0}, "missing_lines": [12, 13, 14], "excluded_lines": []}}}, "agents\\core\\__init__.py": {"executed_lines": [1, 9, 10], "summary": {"covered_lines": 2, "num_statements": 5, "percent_covered": 40.0, "percent_covered_display": "40", "missing_lines": 3, "excluded_lines": 0}, "missing_lines": [11, 12, 13], "excluded_lines": [], "functions": {"": {"executed_lines": [1, 9, 10], "summary": {"covered_lines": 2, "num_statements": 5, "percent_covered": 40.0, "percent_covered_display": "40", "missing_lines": 3, "excluded_lines": 0}, "missing_lines": [11, 12, 13], "excluded_lines": []}}, "classes": {"": {"executed_lines": [1, 9, 10], "summary": {"covered_lines": 2, "num_statements": 5, "percent_covered": 40.0, "percent_covered_display": "40", "missing_lines": 3, "excluded_lines": 0}, "missing_lines": [11, 12, 13], "excluded_lines": []}}}, "agents\\core\\extract\\__init__.py": {"executed_lines": [1, 10, 11, 12, 13], "summary": {"covered_lines": 4, "num_statements": 7, "percent_covered": 57.142857142857146, "percent_covered_display": "57", "missing_lines": 3, "excluded_lines": 0}, "missing_lines": [14, 15, 16], "excluded_lines": [], "functions": {"": {"executed_lines": [1, 10, 11, 12, 13], "summary": {"covered_lines": 4, "num_statements": 7, "percent_covered": 57.142857142857146, "percent_covered_display": "57", "missing_lines": 3, "excluded_lines": 0}, "missing_lines": [14, 15, 16], "excluded_lines": []}}, "classes": {"": {"executed_lines": [1, 10, 11, 12, 13], "summary": {"covered_lines": 4, "num_statements": 7, "percent_covered": 57.142857142857146, "percent_covered_display": "57", "missing_lines": 3, "excluded_lines": 0}, "missing_lines": [14, 15, 16], "excluded_lines": []}}}, "agents\\core\\extract\\extract_agent.py": {"executed_lines": [1, 8, 9, 10, 11, 12, 13, 14, 16, 17, 18, 19, 22, 24, 25, 26, 30, 33, 34, 59, 64, 67, 68, 69, 72, 73, 75, 99, 339, 413, 466, 525], "summary": {"covered_lines": 30, "num_statements": 207, "percent_covered": 14.492753623188406, "percent_covered_display": "14", "missing_lines": 177, "excluded_lines": 1}, "missing_lines": [38, 40, 41, 42, 46, 49, 50, 51, 52, 53, 93, 94, 95, 96, 97, 114, 116, 119, 120, 121, 122, 130, 133, 134, 137, 140, 141, 143, 144, 145, 146, 147, 148, 149, 152, 153, 155, 156, 157, 158, 159, 162, 163, 166, 169, 176, 179, 180, 182, 183, 184, 185, 186, 187, 188, 196, 198, 199, 200, 203, 204, 206, 207, 208, 209, 211, 219, 220, 221, 222, 225, 226, 227, 236, 241, 242, 243, 255, 266, 269, 270, 272, 273, 274, 275, 276, 277, 278, 290, 292, 293, 294, 297, 298, 300, 301, 303, 309, 310, 313, 314, 315, 327, 328, 356, 357, 359, 360, 361, 363, 364, 365, 367, 370, 371, 372, 373, 381, 386, 387, 388, 400, 403, 406, 407, 408, 410, 411, 432, 433, 434, 436, 437, 438, 439, 440, 441, 442, 444, 445, 446, 447, 448, 449, 452, 463, 464, 485, 486, 487, 489, 490, 491, 494, 500, 501, 504, 505, 508, 511, 520, 522, 535, 538, 539, 540, 541, 542, 545, 546, 548, 550, 558, 567, 570, 578, 579], "excluded_lines": [104], "functions": {"ExtractAgent.__init__": {"executed_lines": [], "summary": {"covered_lines": 0, "num_statements": 5, "percent_covered": 0.0, "percent_covered_display": "0", "missing_lines": 5, "excluded_lines": 0}, "missing_lines": [93, 94, 95, 96, 97], "excluded_lines": []}, "ExtractAgent.extract_from_name": {"executed_lines": [], "summary": {"covered_lines": 0, "num_statements": 89, "percent_covered": 0.0, "percent_covered_display": "0", "missing_lines": 89, "excluded_lines": 1}, "missing_lines": [114, 116, 119, 120, 121, 122, 130, 133, 134, 137, 140, 141, 143, 144, 145, 146, 147, 148, 149, 152, 153, 155, 156, 157, 158, 159, 162, 163, 166, 169, 176, 179, 180, 182, 183, 184, 185, 186, 187, 188, 196, 198, 199, 200, 203, 204, 206, 207, 208, 209, 211, 219, 220, 221, 222, 225, 226, 227, 236, 241, 242, 243, 255, 266, 269, 270, 272, 273, 274, 275, 276, 277, 278, 290, 292, 293, 294, 297, 298, 300, 301, 303, 309, 310, 313, 314, 315, 327, 328], "excluded_lines": [104]}, "ExtractAgent.repair_extract": {"executed_lines": [], "summary": {"covered_lines": 0, "num_statements": 24, "percent_covered": 0.0, "percent_covered_display": "0", "missing_lines": 24, "excluded_lines": 0}, "missing_lines": [356, 357, 359, 360, 361, 363, 364, 365, 367, 370, 371, 372, 373, 381, 386, 387, 388, 400, 403, 406, 407, 408, 410, 411], "excluded_lines": []}, "ExtractAgent.update_extract_markers": {"executed_lines": [], "summary": {"covered_lines": 0, "num_statements": 19, "percent_covered": 0.0, "percent_covered_display": "0", "missing_lines": 19, "excluded_lines": 0}, "missing_lines": [432, 433, 434, 436, 437, 438, 439, 440, 441, 442, 444, 445, 446, 447, 448, 449, 452, 463, 464], "excluded_lines": []}, "ExtractAgent.add_new_extract": {"executed_lines": [], "summary": {"covered_lines": 0, "num_statements": 15, "percent_covered": 0.0, "percent_covered_display": "0", "missing_lines": 15, "excluded_lines": 0}, "missing_lines": [485, 486, 487, 489, 490, 491, 494, 500, 501, 504, 505, 508, 511, 520, 522], "excluded_lines": []}, "setup_extract_agent": {"executed_lines": [], "summary": {"covered_lines": 0, "num_statements": 15, "percent_covered": 0.0, "percent_covered_display": "0", "missing_lines": 15, "excluded_lines": 0}, "missing_lines": [535, 538, 539, 540, 541, 542, 545, 546, 548, 550, 558, 567, 570, 578, 579], "excluded_lines": []}, "": {"executed_lines": [1, 8, 9, 10, 11, 12, 13, 14, 16, 17, 18, 19, 22, 24, 25, 26, 30, 33, 34, 59, 64, 67, 68, 69, 72, 73, 75, 99, 339, 413, 466, 525], "summary": {"covered_lines": 30, "num_statements": 40, "percent_covered": 75.0, "percent_covered_display": "75", "missing_lines": 10, "excluded_lines": 0}, "missing_lines": [38, 40, 41, 42, 46, 49, 50, 51, 52, 53], "excluded_lines": []}}, "classes": {"ExtractAgent": {"executed_lines": [], "summary": {"covered_lines": 0, "num_statements": 152, "percent_covered": 0.0, "percent_covered_display": "0", "missing_lines": 152, "excluded_lines": 1}, "missing_lines": [93, 94, 95, 96, 97, 114, 116, 119, 120, 121, 122, 130, 133, 134, 137, 140, 141, 143, 144, 145, 146, 147, 148, 149, 152, 153, 155, 156, 157, 158, 159, 162, 163, 166, 169, 176, 179, 180, 182, 183, 184, 185, 186, 187, 188, 196, 198, 199, 200, 203, 204, 206, 207, 208, 209, 211, 219, 220, 221, 222, 225, 226, 227, 236, 241, 242, 243, 255, 266, 269, 270, 272, 273, 274, 275, 276, 277, 278, 290, 292, 293, 294, 297, 298, 300, 301, 303, 309, 310, 313, 314, 315, 327, 328, 356, 357, 359, 360, 361, 363, 364, 365, 367, 370, 371, 372, 373, 381, 386, 387, 388, 400, 403, 406, 407, 408, 410, 411, 432, 433, 434, 436, 437, 438, 439, 440, 441, 442, 444, 445, 446, 447, 448, 449, 452, 463, 464, 485, 486, 487, 489, 490, 491, 494, 500, 501, 504, 505, 508, 511, 520, 522], "excluded_lines": [104]}, "": {"executed_lines": [1, 8, 9, 10, 11, 12, 13, 14, 16, 17, 18, 19, 22, 24, 25, 26, 30, 33, 34, 59, 64, 67, 68, 69, 72, 73, 75, 99, 339, 413, 466, 525], "summary": {"covered_lines": 30, "num_statements": 55, "percent_covered": 54.54545454545455, "percent_covered_display": "55", "missing_lines": 25, "excluded_lines": 0}, "missing_lines": [38, 40, 41, 42, 46, 49, 50, 51, 52, 53, 535, 538, 539, 540, 541, 542, 545, 546, 548, 550, 558, 567, 570, 578, 579], "excluded_lines": []}}}, "agents\\core\\extract\\extract_definitions.py": {"executed_lines": [1, 8, 9, 10, 13, 18, 21, 22, 23, 26, 27, 29, 65, 79, 80, 95, 96, 98, 102, 163, 216, 252, 257, 258, 260, 287, 298, 299], "summary": {"covered_lines": 24, "num_statements": 94, "percent_covered": 25.53191489361702, "percent_covered_display": "26", "missing_lines": 70, "excluded_lines": 0}, "missing_lines": [55, 56, 57, 58, 59, 60, 61, 62, 63, 67, 82, 100, 121, 122, 124, 126, 128, 129, 131, 132, 134, 135, 136, 137, 139, 145, 146, 147, 148, 151, 152, 154, 155, 161, 182, 183, 185, 186, 189, 190, 191, 192, 195, 197, 198, 199, 202, 203, 204, 206, 214, 233, 234, 236, 237, 239, 240, 241, 242, 244, 250, 254, 280, 281, 282, 283, 284, 285, 289, 301], "excluded_lines": [], "functions": {"ExtractResult.__init__": {"executed_lines": [], "summary": {"covered_lines": 0, "num_statements": 9, "percent_covered": 0.0, "percent_covered_display": "0", "missing_lines": 9, "excluded_lines": 0}, "missing_lines": [55, 56, 57, 58, 59, 60, 61, 62, 63], "excluded_lines": []}, "ExtractResult.to_dict": {"executed_lines": [], "summary": {"covered_lines": 0, "num_statements": 1, "percent_covered": 0.0, "percent_covered_display": "0", "missing_lines": 1, "excluded_lines": 0}, "missing_lines": [67], "excluded_lines": []}, "ExtractResult.from_dict": {"executed_lines": [], "summary": {"covered_lines": 0, "num_statements": 1, "percent_covered": 0.0, "percent_covered_display": "0", "missing_lines": 1, "excluded_lines": 0}, "missing_lines": [82], "excluded_lines": []}, "ExtractAgentPlugin.__init__": {"executed_lines": [], "summary": {"covered_lines": 0, "num_statements": 1, "percent_covered": 0.0, "percent_covered_display": "0", "missing_lines": 1, "excluded_lines": 0}, "missing_lines": [100], "excluded_lines": []}, "ExtractAgentPlugin.find_similar_markers": {"executed_lines": [], "summary": {"covered_lines": 0, "num_statements": 22, "percent_covered": 0.0, "percent_covered_display": "0", "missing_lines": 22, "excluded_lines": 0}, "missing_lines": [121, 122, 124, 126, 128, 129, 131, 132, 134, 135, 136, 137, 139, 145, 146, 147, 148, 151, 152, 154, 155, 161], "excluded_lines": []}, "ExtractAgentPlugin.search_text_dichotomically": {"executed_lines": [], "summary": {"covered_lines": 0, "num_statements": 17, "percent_covered": 0.0, "percent_covered_display": "0", "missing_lines": 17, "excluded_lines": 0}, "missing_lines": [182, 183, 185, 186, 189, 190, 191, 192, 195, 197, 198, 199, 202, 203, 204, 206, 214], "excluded_lines": []}, "ExtractAgentPlugin.extract_blocks": {"executed_lines": [], "summary": {"covered_lines": 0, "num_statements": 10, "percent_covered": 0.0, "percent_covered_display": "0", "missing_lines": 10, "excluded_lines": 0}, "missing_lines": [233, 234, 236, 237, 239, 240, 241, 242, 244, 250], "excluded_lines": []}, "ExtractAgentPlugin.get_extract_results": {"executed_lines": [], "summary": {"covered_lines": 0, "num_statements": 1, "percent_covered": 0.0, "percent_covered_display": "0", "missing_lines": 1, "excluded_lines": 0}, "missing_lines": [254], "excluded_lines": []}, "ExtractDefinition.__init__": {"executed_lines": [], "summary": {"covered_lines": 0, "num_statements": 6, "percent_covered": 0.0, "percent_covered_display": "0", "missing_lines": 6, "excluded_lines": 0}, "missing_lines": [280, 281, 282, 283, 284, 285], "excluded_lines": []}, "ExtractDefinition.to_dict": {"executed_lines": [], "summary": {"covered_lines": 0, "num_statements": 1, "percent_covered": 0.0, "percent_covered_display": "0", "missing_lines": 1, "excluded_lines": 0}, "missing_lines": [289], "excluded_lines": []}, "ExtractDefinition.from_dict": {"executed_lines": [], "summary": {"covered_lines": 0, "num_statements": 1, "percent_covered": 0.0, "percent_covered_display": "0", "missing_lines": 1, "excluded_lines": 0}, "missing_lines": [301], "excluded_lines": []}, "": {"executed_lines": [1, 8, 9, 10, 13, 18, 21, 22, 23, 26, 27, 29, 65, 79, 80, 95, 96, 98, 102, 163, 216, 252, 257, 258, 260, 287, 298, 299], "summary": {"covered_lines": 24, "num_statements": 24, "percent_covered": 100.0, "percent_covered_display": "100", "missing_lines": 0, "excluded_lines": 0}, "missing_lines": [], "excluded_lines": []}}, "classes": {"ExtractResult": {"executed_lines": [], "summary": {"covered_lines": 0, "num_statements": 11, "percent_covered": 0.0, "percent_covered_display": "0", "missing_lines": 11, "excluded_lines": 0}, "missing_lines": [55, 56, 57, 58, 59, 60, 61, 62, 63, 67, 82], "excluded_lines": []}, "ExtractAgentPlugin": {"executed_lines": [], "summary": {"covered_lines": 0, "num_statements": 51, "percent_covered": 0.0, "percent_covered_display": "0", "missing_lines": 51, "excluded_lines": 0}, "missing_lines": [100, 121, 122, 124, 126, 128, 129, 131, 132, 134, 135, 136, 137, 139, 145, 146, 147, 148, 151, 152, 154, 155, 161, 182, 183, 185, 186, 189, 190, 191, 192, 195, 197, 198, 199, 202, 203, 204, 206, 214, 233, 234, 236, 237, 239, 240, 241, 242, 244, 250, 254], "excluded_lines": []}, "ExtractDefinition": {"executed_lines": [], "summary": {"covered_lines": 0, "num_statements": 8, "percent_covered": 0.0, "percent_covered_display": "0", "missing_lines": 8, "excluded_lines": 0}, "missing_lines": [280, 281, 282, 283, 284, 285, 289, 301], "excluded_lines": []}, "": {"executed_lines": [1, 8, 9, 10, 13, 18, 21, 22, 23, 26, 27, 29, 65, 79, 80, 95, 96, 98, 102, 163, 216, 252, 257, 258, 260, 287, 298, 299], "summary": {"covered_lines": 24, "num_statements": 24, "percent_covered": 100.0, "percent_covered_display": "100", "missing_lines": 0, "excluded_lines": 0}, "missing_lines": [], "excluded_lines": []}}}, "agents\\core\\extract\\prompts.py": {"executed_lines": [1, 9, 37, 63, 83, 105, 130], "summary": {"covered_lines": 4, "num_statements": 4, "percent_covered": 100.0, "percent_covered_display": "100", "missing_lines": 0, "excluded_lines": 3}, "missing_lines": [], "excluded_lines": [1, 9, 130], "functions": {"": {"executed_lines": [1, 9, 37, 63, 83, 105, 130], "summary": {"covered_lines": 4, "num_statements": 4, "percent_covered": 100.0, "percent_covered_display": "100", "missing_lines": 0, "excluded_lines": 3}, "missing_lines": [], "excluded_lines": [1, 9, 130]}}, "classes": {"": {"executed_lines": [1, 9, 37, 63, 83, 105, 130], "summary": {"covered_lines": 4, "num_statements": 4, "percent_covered": 100.0, "percent_covered_display": "100", "missing_lines": 0, "excluded_lines": 3}, "missing_lines": [], "excluded_lines": [1, 9, 130]}}}, "agents\\core\\informal\\__init__.py": {"executed_lines": [2], "summary": {"covered_lines": 0, "num_statements": 0, "percent_covered": 100.0, "percent_covered_display": "100", "missing_lines": 0, "excluded_lines": 0}, "missing_lines": [], "excluded_lines": [], "functions": {"": {"executed_lines": [2], "summary": {"covered_lines": 0, "num_statements": 0, "percent_covered": 100.0, "percent_covered_display": "100", "missing_lines": 0, "excluded_lines": 0}, "missing_lines": [], "excluded_lines": []}}, "classes": {"": {"executed_lines": [2], "summary": {"covered_lines": 0, "num_statements": 0, "percent_covered": 100.0, "percent_covered_display": "100", "missing_lines": 0, "excluded_lines": 0}, "missing_lines": [], "excluded_lines": []}}}, "agents\\core\\informal\\informal_definitions.py": {"executed_lines": [4, 13, 14, 15, 16, 17, 18, 19, 20, 21, 25, 26, 27, 28, 31, 36, 39, 41, 45, 46, 54, 69, 99, 107, 180, 224, 304, 341, 379, 382, 460, 536, 538, 541], "summary": {"covered_lines": 32, "num_statements": 223, "percent_covered": 14.349775784753364, "percent_covered_display": "14", "missing_lines": 191, "excluded_lines": 0}, "missing_lines": [58, 59, 62, 63, 64, 67, 74, 76, 78, 79, 82, 83, 84, 87, 88, 91, 92, 94, 95, 96, 97, 103, 104, 105, 111, 117, 118, 119, 122, 123, 126, 127, 128, 129, 132, 134, 136, 146, 148, 149, 151, 153, 155, 158, 159, 161, 163, 164, 165, 166, 169, 170, 176, 178, 192, 194, 195, 198, 199, 200, 201, 204, 207, 208, 211, 212, 220, 222, 228, 233, 234, 235, 238, 239, 240, 241, 244, 245, 246, 247, 249, 250, 251, 252, 255, 257, 258, 259, 261, 262, 263, 264, 266, 268, 269, 270, 271, 278, 280, 281, 283, 284, 286, 288, 291, 292, 293, 294, 295, 300, 302, 315, 317, 318, 319, 320, 321, 323, 324, 325, 326, 328, 329, 330, 332, 334, 335, 336, 337, 338, 339, 351, 353, 355, 356, 357, 358, 359, 360, 362, 363, 364, 365, 366, 367, 368, 370, 371, 372, 373, 374, 375, 376, 377, 387, 388, 390, 392, 393, 394, 395, 397, 398, 399, 400, 401, 402, 403, 405, 407, 414, 417, 418, 425, 426, 427, 430, 431, 438, 439, 440, 441, 442, 446, 447, 448, 449, 450, 452, 454, 456], "excluded_lines": [], "functions": {"InformalAnalysisPlugin.__init__": {"executed_lines": [], "summary": {"covered_lines": 0, "num_statements": 6, "percent_covered": 0.0, "percent_covered_display": "0", "missing_lines": 6, "excluded_lines": 0}, "missing_lines": [58, 59, 62, 63, 64, 67], "excluded_lines": []}, "InformalAnalysisPlugin._internal_load_and_prepare_dataframe": {"executed_lines": [], "summary": {"covered_lines": 0, "num_statements": 15, "percent_covered": 0.0, "percent_covered_display": "0", "missing_lines": 15, "excluded_lines": 0}, "missing_lines": [74, 76, 78, 79, 82, 83, 84, 87, 88, 91, 92, 94, 95, 96, 97], "excluded_lines": []}, "InformalAnalysisPlugin._get_taxonomy_dataframe": {"executed_lines": [], "summary": {"covered_lines": 0, "num_statements": 3, "percent_covered": 0.0, "percent_covered_display": "0", "missing_lines": 3, "excluded_lines": 0}, "missing_lines": [103, 104, 105], "excluded_lines": []}, "InformalAnalysisPlugin._internal_explore_hierarchy": {"executed_lines": [], "summary": {"covered_lines": 0, "num_statements": 30, "percent_covered": 0.0, "percent_covered_display": "0", "missing_lines": 30, "excluded_lines": 0}, "missing_lines": [111, 117, 118, 119, 122, 123, 126, 127, 128, 129, 132, 134, 136, 146, 148, 149, 151, 153, 155, 158, 159, 161, 163, 164, 165, 166, 169, 170, 176, 178], "excluded_lines": []}, "InformalAnalysisPlugin._internal_get_children_details": {"executed_lines": [], "summary": {"covered_lines": 0, "num_statements": 14, "percent_covered": 0.0, "percent_covered_display": "0", "missing_lines": 14, "excluded_lines": 0}, "missing_lines": [192, 194, 195, 198, 199, 200, 201, 204, 207, 208, 211, 212, 220, 222], "excluded_lines": []}, "InformalAnalysisPlugin._internal_get_node_details": {"executed_lines": [], "summary": {"covered_lines": 0, "num_statements": 43, "percent_covered": 0.0, "percent_covered_display": "0", "missing_lines": 43, "excluded_lines": 0}, "missing_lines": [228, 233, 234, 235, 238, 239, 240, 241, 244, 245, 246, 247, 249, 250, 251, 252, 255, 257, 258, 259, 261, 262, 263, 264, 266, 268, 269, 270, 271, 278, 280, 281, 283, 284, 286, 288, 291, 292, 293, 294, 295, 300, 302], "excluded_lines": []}, "InformalAnalysisPlugin.explore_fallacy_hierarchy": {"executed_lines": [], "summary": {"covered_lines": 0, "num_statements": 20, "percent_covered": 0.0, "percent_covered_display": "0", "missing_lines": 20, "excluded_lines": 0}, "missing_lines": [315, 317, 318, 319, 320, 321, 323, 324, 325, 326, 328, 329, 330, 332, 334, 335, 336, 337, 338, 339], "excluded_lines": []}, "InformalAnalysisPlugin.get_fallacy_details": {"executed_lines": [], "summary": {"covered_lines": 0, "num_statements": 23, "percent_covered": 0.0, "percent_covered_display": "0", "missing_lines": 23, "excluded_lines": 0}, "missing_lines": [351, 353, 355, 356, 357, 358, 359, 360, 362, 363, 364, 365, 366, 367, 368, 370, 371, 372, 373, 374, 375, 376, 377], "excluded_lines": []}, "setup_informal_kernel": {"executed_lines": [], "summary": {"covered_lines": 0, "num_statements": 37, "percent_covered": 0.0, "percent_covered_display": "0", "missing_lines": 37, "excluded_lines": 0}, "missing_lines": [387, 388, 390, 392, 393, 394, 395, 397, 398, 399, 400, 401, 402, 403, 405, 407, 414, 417, 418, 425, 426, 427, 430, 431, 438, 439, 440, 441, 442, 446, 447, 448, 449, 450, 452, 454, 456], "excluded_lines": []}, "": {"executed_lines": [4, 13, 14, 15, 16, 17, 18, 19, 20, 21, 25, 26, 27, 28, 31, 36, 39, 41, 45, 46, 54, 69, 99, 107, 180, 224, 304, 341, 379, 382, 460, 536, 538, 541], "summary": {"covered_lines": 32, "num_statements": 32, "percent_covered": 100.0, "percent_covered_display": "100", "missing_lines": 0, "excluded_lines": 0}, "missing_lines": [], "excluded_lines": []}}, "classes": {"InformalAnalysisPlugin": {"executed_lines": [], "summary": {"covered_lines": 0, "num_statements": 154, "percent_covered": 0.0, "percent_covered_display": "0", "missing_lines": 154, "excluded_lines": 0}, "missing_lines": [58, 59, 62, 63, 64, 67, 74, 76, 78, 79, 82, 83, 84, 87, 88, 91, 92, 94, 95, 96, 97, 103, 104, 105, 111, 117, 118, 119, 122, 123, 126, 127, 128, 129, 132, 134, 136, 146, 148, 149, 151, 153, 155, 158, 159, 161, 163, 164, 165, 166, 169, 170, 176, 178, 192, 194, 195, 198, 199, 200, 201, 204, 207, 208, 211, 212, 220, 222, 228, 233, 234, 235, 238, 239, 240, 241, 244, 245, 246, 247, 249, 250, 251, 252, 255, 257, 258, 259, 261, 262, 263, 264, 266, 268, 269, 270, 271, 278, 280, 281, 283, 284, 286, 288, 291, 292, 293, 294, 295, 300, 302, 315, 317, 318, 319, 320, 321, 323, 324, 325, 326, 328, 329, 330, 332, 334, 335, 336, 337, 338, 339, 351, 353, 355, 356, 357, 358, 359, 360, 362, 363, 364, 365, 366, 367, 368, 370, 371, 372, 373, 374, 375, 376, 377], "excluded_lines": []}, "": {"executed_lines": [4, 13, 14, 15, 16, 17, 18, 19, 20, 21, 25, 26, 27, 28, 31, 36, 39, 41, 45, 46, 54, 69, 99, 107, 180, 224, 304, 341, 379, 382, 460, 536, 538, 541], "summary": {"covered_lines": 32, "num_statements": 69, "percent_covered": 46.3768115942029, "percent_covered_display": "46", "missing_lines": 37, "excluded_lines": 0}, "missing_lines": [387, 388, 390, 392, 393, 394, 395, 397, 398, 399, 400, 401, 402, 403, 405, 407, 414, 417, 418, 425, 426, 427, 430, 431, 438, 439, 440, 441, 442, 446, 447, 448, 449, 450, 452, 454, 456], "excluded_lines": []}}}, "agents\\core\\informal\\prompts.py": {"executed_lines": [2, 5, 30, 49, 73], "summary": {"covered_lines": 5, "num_statements": 5, "percent_covered": 100.0, "percent_covered_display": "100", "missing_lines": 0, "excluded_lines": 0}, "missing_lines": [], "excluded_lines": [], "functions": {"": {"executed_lines": [2, 5, 30, 49, 73], "summary": {"covered_lines": 5, "num_statements": 5, "percent_covered": 100.0, "percent_covered_display": "100", "missing_lines": 0, "excluded_lines": 0}, "missing_lines": [], "excluded_lines": []}}, "classes": {"": {"executed_lines": [2, 5, 30, 49, 73], "summary": {"covered_lines": 5, "num_statements": 5, "percent_covered": 100.0, "percent_covered_display": "100", "missing_lines": 0, "excluded_lines": 0}, "missing_lines": [], "excluded_lines": []}}}, "agents\\core\\pl\\__init__.py": {"executed_lines": [0], "summary": {"covered_lines": 0, "num_statements": 0, "percent_covered": 100.0, "percent_covered_display": "100", "missing_lines": 0, "excluded_lines": 0}, "missing_lines": [], "excluded_lines": [], "functions": {"": {"executed_lines": [], "summary": {"covered_lines": 0, "num_statements": 0, "percent_covered": 100.0, "percent_covered_display": "100", "missing_lines": 0, "excluded_lines": 0}, "missing_lines": [], "excluded_lines": []}}, "classes": {"": {"executed_lines": [], "summary": {"covered_lines": 0, "num_statements": 0, "percent_covered": 100.0, "percent_covered_display": "100", "missing_lines": 0, "excluded_lines": 0}, "missing_lines": [], "excluded_lines": []}}}, "agents\\core\\pl\\pl_definitions.py": {"executed_lines": [2, 3, 4, 5, 6, 7, 10, 13, 14, 15, 18, 22, 23, 27, 28, 29, 30, 31, 32, 33, 35, 41, 66, 81, 111, 148, 152, 181, 185, 269, 318, 319, 322], "summary": {"covered_lines": 32, "num_statements": 178, "percent_covered": 17.97752808988764, "percent_covered_display": "18", "missing_lines": 146, "excluded_lines": 2}, "missing_lines": [19, 36, 37, 38, 39, 44, 45, 46, 47, 50, 51, 53, 54, 55, 57, 58, 60, 61, 62, 63, 64, 67, 68, 69, 70, 71, 72, 73, 74, 75, 76, 77, 78, 79, 82, 83, 84, 85, 86, 87, 88, 90, 91, 92, 94, 95, 96, 97, 98, 100, 101, 102, 103, 104, 106, 107, 108, 109, 112, 113, 114, 115, 117, 118, 121, 122, 124, 125, 128, 129, 132, 133, 134, 136, 137, 138, 139, 140, 141, 142, 143, 144, 145, 154, 155, 156, 157, 158, 159, 160, 161, 162, 163, 164, 165, 166, 168, 169, 170, 171, 172, 173, 174, 175, 176, 177, 178, 190, 191, 194, 195, 196, 199, 202, 203, 209, 210, 211, 214, 215, 216, 217, 220, 226, 227, 229, 230, 231, 234, 235, 242, 245, 246, 248, 249, 250, 251, 252, 253, 256, 257, 258, 259, 261, 263, 265], "excluded_lines": [105, 208], "functions": {"PropositionalLogicPlugin.__init__": {"executed_lines": [], "summary": {"covered_lines": 0, "num_statements": 4, "percent_covered": 0.0, "percent_covered_display": "0", "missing_lines": 4, "excluded_lines": 0}, "missing_lines": [36, 37, 38, 39], "excluded_lines": []}, "PropositionalLogicPlugin._initialize_jvm_components": {"executed_lines": [], "summary": {"covered_lines": 0, "num_statements": 16, "percent_covered": 0.0, "percent_covered_display": "0", "missing_lines": 16, "excluded_lines": 0}, "missing_lines": [44, 45, 46, 47, 50, 51, 53, 54, 55, 57, 58, 60, 61, 62, 63, 64], "excluded_lines": []}, "PropositionalLogicPlugin._internal_parse_formula": {"executed_lines": [], "summary": {"covered_lines": 0, "num_statements": 13, "percent_covered": 0.0, "percent_covered_display": "0", "missing_lines": 13, "excluded_lines": 0}, "missing_lines": [67, 68, 69, 70, 71, 72, 73, 74, 75, 76, 77, 78, 79], "excluded_lines": []}, "PropositionalLogicPlugin._internal_parse_belief_set": {"executed_lines": [], "summary": {"covered_lines": 0, "num_statements": 24, "percent_covered": 0.0, "percent_covered_display": "0", "missing_lines": 24, "excluded_lines": 1}, "missing_lines": [82, 83, 84, 85, 86, 87, 88, 90, 91, 92, 94, 95, 96, 97, 98, 100, 101, 102, 103, 104, 106, 107, 108, 109], "excluded_lines": [105]}, "PropositionalLogicPlugin._internal_execute_query": {"executed_lines": [], "summary": {"covered_lines": 0, "num_statements": 25, "percent_covered": 0.0, "percent_covered_display": "0", "missing_lines": 25, "excluded_lines": 0}, "missing_lines": [112, 113, 114, 115, 117, 118, 121, 122, 124, 125, 128, 129, 132, 133, 134, 136, 137, 138, 139, 140, 141, 142, 143, 144, 145], "excluded_lines": []}, "PropositionalLogicPlugin.execute_pl_query": {"executed_lines": [], "summary": {"covered_lines": 0, "num_statements": 24, "percent_covered": 0.0, "percent_covered_display": "0", "missing_lines": 24, "excluded_lines": 0}, "missing_lines": [154, 155, 156, 157, 158, 159, 160, 161, 162, 163, 164, 165, 166, 168, 169, 170, 171, 172, 173, 174, 175, 176, 177, 178], "excluded_lines": []}, "setup_pl_kernel": {"executed_lines": [], "summary": {"covered_lines": 0, "num_statements": 39, "percent_covered": 0.0, "percent_covered_display": "0", "missing_lines": 39, "excluded_lines": 1}, "missing_lines": [190, 191, 194, 195, 196, 199, 202, 203, 209, 210, 211, 214, 215, 216, 217, 220, 226, 227, 229, 230, 231, 234, 235, 242, 245, 246, 248, 249, 250, 251, 252, 253, 256, 257, 258, 259, 261, 263, 265], "excluded_lines": [208]}, "": {"executed_lines": [2, 3, 4, 5, 6, 7, 10, 13, 14, 15, 18, 22, 23, 27, 28, 29, 30, 31, 32, 33, 35, 41, 66, 81, 111, 148, 152, 181, 185, 269, 318, 319, 322], "summary": {"covered_lines": 32, "num_statements": 33, "percent_covered": 96.96969696969697, "percent_covered_display": "97", "missing_lines": 1, "excluded_lines": 0}, "missing_lines": [19], "excluded_lines": []}}, "classes": {"PropositionalLogicPlugin": {"executed_lines": [], "summary": {"covered_lines": 0, "num_statements": 106, "percent_covered": 0.0, "percent_covered_display": "0", "missing_lines": 106, "excluded_lines": 1}, "missing_lines": [36, 37, 38, 39, 44, 45, 46, 47, 50, 51, 53, 54, 55, 57, 58, 60, 61, 62, 63, 64, 67, 68, 69, 70, 71, 72, 73, 74, 75, 76, 77, 78, 79, 82, 83, 84, 85, 86, 87, 88, 90, 91, 92, 94, 95, 96, 97, 98, 100, 101, 102, 103, 104, 106, 107, 108, 109, 112, 113, 114, 115, 117, 118, 121, 122, 124, 125, 128, 129, 132, 133, 134, 136, 137, 138, 139, 140, 141, 142, 143, 144, 145, 154, 155, 156, 157, 158, 159, 160, 161, 162, 163, 164, 165, 166, 168, 169, 170, 171, 172, 173, 174, 175, 176, 177, 178], "excluded_lines": [105]}, "": {"executed_lines": [2, 3, 4, 5, 6, 7, 10, 13, 14, 15, 18, 22, 23, 27, 28, 29, 30, 31, 32, 33, 35, 41, 66, 81, 111, 148, 152, 181, 185, 269, 318, 319, 322], "summary": {"covered_lines": 32, "num_statements": 72, "percent_covered": 44.44444444444444, "percent_covered_display": "44", "missing_lines": 40, "excluded_lines": 1}, "missing_lines": [19, 190, 191, 194, 195, 196, 199, 202, 203, 209, 210, 211, 214, 215, 216, 217, 220, 226, 227, 229, 230, 231, 234, 235, 242, 245, 246, 248, 249, 250, 251, 252, 253, 256, 257, 258, 259, 261, 263, 265], "excluded_lines": [208]}}}, "agents\\core\\pl\\prompts.py": {"executed_lines": [2, 5, 25, 47, 80, 81, 82, 85], "summary": {"covered_lines": 8, "num_statements": 8, "percent_covered": 100.0, "percent_covered_display": "100", "missing_lines": 0, "excluded_lines": 0}, "missing_lines": [], "excluded_lines": [], "functions": {"": {"executed_lines": [2, 5, 25, 47, 80, 81, 82, 85], "summary": {"covered_lines": 8, "num_statements": 8, "percent_covered": 100.0, "percent_covered_display": "100", "missing_lines": 0, "excluded_lines": 0}, "missing_lines": [], "excluded_lines": []}}, "classes": {"": {"executed_lines": [2, 5, 25, 47, 80, 81, 82, 85], "summary": {"covered_lines": 8, "num_statements": 8, "percent_covered": 100.0, "percent_covered_display": "100", "missing_lines": 0, "excluded_lines": 0}, "missing_lines": [], "excluded_lines": []}}}, "agents\\core\\pm\\__init__.py": {"executed_lines": [0], "summary": {"covered_lines": 0, "num_statements": 0, "percent_covered": 100.0, "percent_covered_display": "100", "missing_lines": 0, "excluded_lines": 0}, "missing_lines": [], "excluded_lines": [], "functions": {"": {"executed_lines": [], "summary": {"covered_lines": 0, "num_statements": 0, "percent_covered": 100.0, "percent_covered_display": "100", "missing_lines": 0, "excluded_lines": 0}, "missing_lines": [], "excluded_lines": []}}, "classes": {"": {"executed_lines": [], "summary": {"covered_lines": 0, "num_statements": 0, "percent_covered": 100.0, "percent_covered_display": "100", "missing_lines": 0, "excluded_lines": 0}, "missing_lines": [], "excluded_lines": []}}}, "agents\\core\\pm\\pm_definitions.py": {"executed_lines": [2, 3, 5, 7, 8, 11, 12, 14, 16, 19, 62, 89, 90, 93], "summary": {"covered_lines": 11, "num_statements": 33, "percent_covered": 33.333333333333336, "percent_covered_display": "33", "missing_lines": 22, "excluded_lines": 2}, "missing_lines": [21, 22, 24, 25, 26, 28, 30, 31, 32, 33, 34, 35, 36, 38, 39, 45, 46, 48, 49, 55, 56, 58], "excluded_lines": [14, 62], "functions": {"setup_pm_kernel": {"executed_lines": [], "summary": {"covered_lines": 0, "num_statements": 22, "percent_covered": 0.0, "percent_covered_display": "0", "missing_lines": 22, "excluded_lines": 0}, "missing_lines": [21, 22, 24, 25, 26, 28, 30, 31, 32, 33, 34, 35, 36, 38, 39, 45, 46, 48, 49, 55, 56, 58], "excluded_lines": []}, "": {"executed_lines": [2, 3, 5, 7, 8, 11, 12, 14, 16, 19, 62, 89, 90, 93], "summary": {"covered_lines": 11, "num_statements": 11, "percent_covered": 100.0, "percent_covered_display": "100", "missing_lines": 0, "excluded_lines": 2}, "missing_lines": [], "excluded_lines": [14, 62]}}, "classes": {"ProjectManagerPlugin": {"executed_lines": [], "summary": {"covered_lines": 0, "num_statements": 0, "percent_covered": 100.0, "percent_covered_display": "100", "missing_lines": 0, "excluded_lines": 0}, "missing_lines": [], "excluded_lines": []}, "": {"executed_lines": [2, 3, 5, 7, 8, 11, 12, 14, 16, 19, 62, 89, 90, 93], "summary": {"covered_lines": 11, "num_statements": 33, "percent_covered": 33.333333333333336, "percent_covered_display": "33", "missing_lines": 22, "excluded_lines": 2}, "missing_lines": [21, 22, 24, 25, 26, 28, 30, 31, 32, 33, 34, 35, 36, 38, 39, 45, 46, 48, 49, 55, 56, 58], "excluded_lines": [14, 62]}}}, "agents\\core\\pm\\prompts.py": {"executed_lines": [2, 5, 56, 59, 92, 95], "summary": {"covered_lines": 5, "num_statements": 5, "percent_covered": 100.0, "percent_covered_display": "100", "missing_lines": 0, "excluded_lines": 1}, "missing_lines": [], "excluded_lines": [5], "functions": {"": {"executed_lines": [2, 5, 56, 59, 92, 95], "summary": {"covered_lines": 5, "num_statements": 5, "percent_covered": 100.0, "percent_covered_display": "100", "missing_lines": 0, "excluded_lines": 1}, "missing_lines": [], "excluded_lines": [5]}}, "classes": {"": {"executed_lines": [2, 5, 56, 59, 92, 95], "summary": {"covered_lines": 5, "num_statements": 5, "percent_covered": 100.0, "percent_covered_display": "100", "missing_lines": 0, "excluded_lines": 1}, "missing_lines": [], "excluded_lines": [5]}}}, "agents\\extract\\__init__.py": {"executed_lines": [1, 9, 10, 11, 12, 16], "summary": {"covered_lines": 5, "num_statements": 8, "percent_covered": 62.5, "percent_covered_display": "62", "missing_lines": 3, "excluded_lines": 0}, "missing_lines": [17, 18, 19], "excluded_lines": [], "functions": {"": {"executed_lines": [1, 9, 10, 11, 12, 16], "summary": {"covered_lines": 5, "num_statements": 8, "percent_covered": 62.5, "percent_covered_display": "62", "missing_lines": 3, "excluded_lines": 0}, "missing_lines": [17, 18, 19], "excluded_lines": []}}, "classes": {"": {"executed_lines": [1, 9, 10, 11, 12, 16], "summary": {"covered_lines": 5, "num_statements": 8, "percent_covered": 62.5, "percent_covered_display": "62", "missing_lines": 3, "excluded_lines": 0}, "missing_lines": [17, 18, 19], "excluded_lines": []}}}, "agents\\runners\\__init__.py": {"executed_lines": [0], "summary": {"covered_lines": 0, "num_statements": 0, "percent_covered": 100.0, "percent_covered_display": "100", "missing_lines": 0, "excluded_lines": 0}, "missing_lines": [], "excluded_lines": [], "functions": {"": {"executed_lines": [], "summary": {"covered_lines": 0, "num_statements": 0, "percent_covered": 100.0, "percent_covered_display": "100", "missing_lines": 0, "excluded_lines": 0}, "missing_lines": [], "excluded_lines": []}}, "classes": {"": {"executed_lines": [], "summary": {"covered_lines": 0, "num_statements": 0, "percent_covered": 100.0, "percent_covered_display": "100", "missing_lines": 0, "excluded_lines": 0}, "missing_lines": [], "excluded_lines": []}}}, "agents\\runners\\test\\__init__.py": {"executed_lines": [0], "summary": {"covered_lines": 0, "num_statements": 0, "percent_covered": 100.0, "percent_covered_display": "100", "missing_lines": 0, "excluded_lines": 0}, "missing_lines": [], "excluded_lines": [], "functions": {"": {"executed_lines": [], "summary": {"covered_lines": 0, "num_statements": 0, "percent_covered": 100.0, "percent_covered_display": "100", "missing_lines": 0, "excluded_lines": 0}, "missing_lines": [], "excluded_lines": []}}, "classes": {"": {"executed_lines": [], "summary": {"covered_lines": 0, "num_statements": 0, "percent_covered": 100.0, "percent_covered_display": "100", "missing_lines": 0, "excluded_lines": 0}, "missing_lines": [], "excluded_lines": []}}}, "agents\\runners\\test\\informal\\__init__.py": {"executed_lines": [0], "summary": {"covered_lines": 0, "num_statements": 0, "percent_covered": 100.0, "percent_covered_display": "100", "missing_lines": 0, "excluded_lines": 0}, "missing_lines": [], "excluded_lines": [], "functions": {"": {"executed_lines": [], "summary": {"covered_lines": 0, "num_statements": 0, "percent_covered": 100.0, "percent_covered_display": "100", "missing_lines": 0, "excluded_lines": 0}, "missing_lines": [], "excluded_lines": []}}, "classes": {"": {"executed_lines": [], "summary": {"covered_lines": 0, "num_statements": 0, "percent_covered": 100.0, "percent_covered_display": "100", "missing_lines": 0, "excluded_lines": 0}, "missing_lines": [], "excluded_lines": []}}}, "agents\\runners\\test\\informal\\test_informal_agent.py": {"executed_lines": [4, 14, 15, 16, 17, 18, 19, 20, 23, 24, 25, 26, 27, 30, 35, 38, 39, 42, 72, 73, 76, 87, 91, 102, 115, 128, 150, 174, 192, 210, 239, 304, 341], "summary": {"covered_lines": 30, "num_statements": 135, "percent_covered": 22.22222222222222, "percent_covered_display": "22", "missing_lines": 105, "excluded_lines": 2}, "missing_lines": [77, 83, 84, 85, 89, 93, 94, 95, 100, 104, 105, 106, 113, 117, 118, 119, 126, 132, 133, 136, 139, 142, 145, 146, 148, 154, 157, 161, 162, 165, 166, 167, 168, 169, 171, 172, 178, 181, 182, 185, 186, 187, 188, 189, 190, 196, 199, 200, 203, 204, 205, 206, 207, 208, 214, 217, 219, 220, 221, 224, 227, 230, 236, 237, 243, 246, 247, 250, 251, 253, 254, 255, 258, 261, 273, 276, 279, 281, 282, 283, 284, 285, 292, 293, 294, 297, 298, 299, 301, 302, 308, 310, 311, 312, 313, 314, 315, 316, 317, 320, 334, 335, 336, 338, 339], "excluded_lines": [341, 342], "functions": {"StateManagerMock.__init__": {"executed_lines": [], "summary": {"covered_lines": 0, "num_statements": 4, "percent_covered": 0.0, "percent_covered_display": "0", "missing_lines": 4, "excluded_lines": 0}, "missing_lines": [77, 83, 84, 85], "excluded_lines": []}, "StateManagerMock.get_current_state_snapshot": {"executed_lines": [], "summary": {"covered_lines": 0, "num_statements": 1, "percent_covered": 0.0, "percent_covered_display": "0", "missing_lines": 1, "excluded_lines": 0}, "missing_lines": [89], "excluded_lines": []}, "StateManagerMock.add_identified_argument": {"executed_lines": [], "summary": {"covered_lines": 0, "num_statements": 4, "percent_covered": 0.0, "percent_covered_display": "0", "missing_lines": 4, "excluded_lines": 0}, "missing_lines": [93, 94, 95, 100], "excluded_lines": []}, "StateManagerMock.add_identified_fallacy": {"executed_lines": [], "summary": {"covered_lines": 0, "num_statements": 4, "percent_covered": 0.0, "percent_covered_display": "0", "missing_lines": 4, "excluded_lines": 0}, "missing_lines": [104, 105, 106, 113], "excluded_lines": []}, "StateManagerMock.add_answer": {"executed_lines": [], "summary": {"covered_lines": 0, "num_statements": 4, "percent_covered": 0.0, "percent_covered_display": "0", "missing_lines": 4, "excluded_lines": 0}, "missing_lines": [117, 118, 119, 126], "excluded_lines": []}, "setup_informal_agent": {"executed_lines": [], "summary": {"covered_lines": 0, "num_statements": 8, "percent_covered": 0.0, "percent_covered_display": "0", "missing_lines": 8, "excluded_lines": 0}, "missing_lines": [132, 133, 136, 139, 142, 145, 146, 148], "excluded_lines": []}, "test_identify_arguments": {"executed_lines": [], "summary": {"covered_lines": 0, "num_statements": 11, "percent_covered": 0.0, "percent_covered_display": "0", "missing_lines": 11, "excluded_lines": 0}, "missing_lines": [154, 157, 161, 162, 165, 166, 167, 168, 169, 171, 172], "excluded_lines": []}, "test_explore_fallacy_hierarchy": {"executed_lines": [], "summary": {"covered_lines": 0, "num_statements": 9, "percent_covered": 0.0, "percent_covered_display": "0", "missing_lines": 9, "excluded_lines": 0}, "missing_lines": [178, 181, 182, 185, 186, 187, 188, 189, 190], "excluded_lines": []}, "test_get_fallacy_details": {"executed_lines": [], "summary": {"covered_lines": 0, "num_statements": 9, "percent_covered": 0.0, "percent_covered_display": "0", "missing_lines": 9, "excluded_lines": 0}, "missing_lines": [196, 199, 200, 203, 204, 205, 206, 207, 208], "excluded_lines": []}, "test_attribute_fallacy": {"executed_lines": [], "summary": {"covered_lines": 0, "num_statements": 10, "percent_covered": 0.0, "percent_covered_display": "0", "missing_lines": 10, "excluded_lines": 0}, "missing_lines": [214, 217, 219, 220, 221, 224, 227, 230, 236, 237], "excluded_lines": []}, "run_informal_agent_test": {"executed_lines": [], "summary": {"covered_lines": 0, "num_statements": 26, "percent_covered": 0.0, "percent_covered_display": "0", "missing_lines": 26, "excluded_lines": 0}, "missing_lines": [243, 246, 247, 250, 251, 253, 254, 255, 258, 261, 273, 276, 279, 281, 282, 283, 284, 285, 292, 293, 294, 297, 298, 299, 301, 302], "excluded_lines": []}, "main": {"executed_lines": [], "summary": {"covered_lines": 0, "num_statements": 15, "percent_covered": 0.0, "percent_covered_display": "0", "missing_lines": 15, "excluded_lines": 0}, "missing_lines": [308, 310, 311, 312, 313, 314, 315, 316, 317, 320, 334, 335, 336, 338, 339], "excluded_lines": []}, "": {"executed_lines": [4, 14, 15, 16, 17, 18, 19, 20, 23, 24, 25, 26, 27, 30, 35, 38, 39, 42, 72, 73, 76, 87, 91, 102, 115, 128, 150, 174, 192, 210, 239, 304, 341], "summary": {"covered_lines": 30, "num_statements": 30, "percent_covered": 100.0, "percent_covered_display": "100", "missing_lines": 0, "excluded_lines": 2}, "missing_lines": [], "excluded_lines": [341, 342]}}, "classes": {"StateManagerMock": {"executed_lines": [], "summary": {"covered_lines": 0, "num_statements": 17, "percent_covered": 0.0, "percent_covered_display": "0", "missing_lines": 17, "excluded_lines": 0}, "missing_lines": [77, 83, 84, 85, 89, 93, 94, 95, 100, 104, 105, 106, 113, 117, 118, 119, 126], "excluded_lines": []}, "": {"executed_lines": [4, 14, 15, 16, 17, 18, 19, 20, 23, 24, 25, 26, 27, 30, 35, 38, 39, 42, 72, 73, 76, 87, 91, 102, 115, 128, 150, 174, 192, 210, 239, 304, 341], "summary": {"covered_lines": 30, "num_statements": 118, "percent_covered": 25.423728813559322, "percent_covered_display": "25", "missing_lines": 88, "excluded_lines": 2}, "missing_lines": [132, 133, 136, 139, 142, 145, 146, 148, 154, 157, 161, 162, 165, 166, 167, 168, 169, 171, 172, 178, 181, 182, 185, 186, 187, 188, 189, 190, 196, 199, 200, 203, 204, 205, 206, 207, 208, 214, 217, 219, 220, 221, 224, 227, 230, 236, 237, 243, 246, 247, 250, 251, 253, 254, 255, 258, 261, 273, 276, 279, 281, 282, 283, 284, 285, 292, 293, 294, 297, 298, 299, 301, 302, 308, 310, 311, 312, 313, 314, 315, 316, 317, 320, 334, 335, 336, 338, 339], "excluded_lines": [341, 342]}}}, "agents\\runners\\test\\orchestration\\__init__.py": {"executed_lines": [0], "summary": {"covered_lines": 0, "num_statements": 0, "percent_covered": 100.0, "percent_covered_display": "100", "missing_lines": 0, "excluded_lines": 0}, "missing_lines": [], "excluded_lines": [], "functions": {"": {"executed_lines": [], "summary": {"covered_lines": 0, "num_statements": 0, "percent_covered": 100.0, "percent_covered_display": "100", "missing_lines": 0, "excluded_lines": 0}, "missing_lines": [], "excluded_lines": []}}, "classes": {"": {"executed_lines": [], "summary": {"covered_lines": 0, "num_statements": 0, "percent_covered": 100.0, "percent_covered_display": "100", "missing_lines": 0, "excluded_lines": 0}, "missing_lines": [], "excluded_lines": []}}}, "agents\\test_scripts\\__init__.py": {"executed_lines": [0], "summary": {"covered_lines": 0, "num_statements": 0, "percent_covered": 100.0, "percent_covered_display": "100", "missing_lines": 0, "excluded_lines": 0}, "missing_lines": [], "excluded_lines": [], "functions": {"": {"executed_lines": [], "summary": {"covered_lines": 0, "num_statements": 0, "percent_covered": 100.0, "percent_covered_display": "100", "missing_lines": 0, "excluded_lines": 0}, "missing_lines": [], "excluded_lines": []}}, "classes": {"": {"executed_lines": [], "summary": {"covered_lines": 0, "num_statements": 0, "percent_covered": 100.0, "percent_covered_display": "100", "missing_lines": 0, "excluded_lines": 0}, "missing_lines": [], "excluded_lines": []}}}, "agents\\test_scripts\\informal\\__init__.py": {"executed_lines": [0], "summary": {"covered_lines": 0, "num_statements": 0, "percent_covered": 100.0, "percent_covered_display": "100", "missing_lines": 0, "excluded_lines": 0}, "missing_lines": [], "excluded_lines": [], "functions": {"": {"executed_lines": [], "summary": {"covered_lines": 0, "num_statements": 0, "percent_covered": 100.0, "percent_covered_display": "100", "missing_lines": 0, "excluded_lines": 0}, "missing_lines": [], "excluded_lines": []}}, "classes": {"": {"executed_lines": [], "summary": {"covered_lines": 0, "num_statements": 0, "percent_covered": 100.0, "percent_covered_display": "100", "missing_lines": 0, "excluded_lines": 0}, "missing_lines": [], "excluded_lines": []}}}, "agents\\test_scripts\\informal\\test_informal_agent.py": {"executed_lines": [4, 14, 15, 16, 17, 18, 19, 20, 23, 24, 25, 26, 30, 35, 38, 39, 42, 72, 73, 76, 87, 91, 102, 115, 128, 150, 174, 192, 210, 239, 304, 341], "summary": {"covered_lines": 29, "num_statements": 135, "percent_covered": 21.48148148148148, "percent_covered_display": "21", "missing_lines": 106, "excluded_lines": 2}, "missing_lines": [27, 77, 83, 84, 85, 89, 93, 94, 95, 100, 104, 105, 106, 113, 117, 118, 119, 126, 132, 133, 136, 139, 142, 145, 146, 148, 154, 157, 161, 162, 165, 166, 167, 168, 169, 171, 172, 178, 181, 182, 185, 186, 187, 188, 189, 190, 196, 199, 200, 203, 204, 205, 206, 207, 208, 214, 217, 219, 220, 221, 224, 227, 230, 236, 237, 243, 246, 247, 250, 251, 253, 254, 255, 258, 261, 273, 276, 279, 281, 282, 283, 284, 285, 292, 293, 294, 297, 298, 299, 301, 302, 308, 310, 311, 312, 313, 314, 315, 316, 317, 320, 334, 335, 336, 338, 339], "excluded_lines": [341, 342], "functions": {"StateManagerMock.__init__": {"executed_lines": [], "summary": {"covered_lines": 0, "num_statements": 4, "percent_covered": 0.0, "percent_covered_display": "0", "missing_lines": 4, "excluded_lines": 0}, "missing_lines": [77, 83, 84, 85], "excluded_lines": []}, "StateManagerMock.get_current_state_snapshot": {"executed_lines": [], "summary": {"covered_lines": 0, "num_statements": 1, "percent_covered": 0.0, "percent_covered_display": "0", "missing_lines": 1, "excluded_lines": 0}, "missing_lines": [89], "excluded_lines": []}, "StateManagerMock.add_identified_argument": {"executed_lines": [], "summary": {"covered_lines": 0, "num_statements": 4, "percent_covered": 0.0, "percent_covered_display": "0", "missing_lines": 4, "excluded_lines": 0}, "missing_lines": [93, 94, 95, 100], "excluded_lines": []}, "StateManagerMock.add_identified_fallacy": {"executed_lines": [], "summary": {"covered_lines": 0, "num_statements": 4, "percent_covered": 0.0, "percent_covered_display": "0", "missing_lines": 4, "excluded_lines": 0}, "missing_lines": [104, 105, 106, 113], "excluded_lines": []}, "StateManagerMock.add_answer": {"executed_lines": [], "summary": {"covered_lines": 0, "num_statements": 4, "percent_covered": 0.0, "percent_covered_display": "0", "missing_lines": 4, "excluded_lines": 0}, "missing_lines": [117, 118, 119, 126], "excluded_lines": []}, "setup_informal_agent": {"executed_lines": [], "summary": {"covered_lines": 0, "num_statements": 8, "percent_covered": 0.0, "percent_covered_display": "0", "missing_lines": 8, "excluded_lines": 0}, "missing_lines": [132, 133, 136, 139, 142, 145, 146, 148], "excluded_lines": []}, "test_identify_arguments": {"executed_lines": [], "summary": {"covered_lines": 0, "num_statements": 11, "percent_covered": 0.0, "percent_covered_display": "0", "missing_lines": 11, "excluded_lines": 0}, "missing_lines": [154, 157, 161, 162, 165, 166, 167, 168, 169, 171, 172], "excluded_lines": []}, "test_explore_fallacy_hierarchy": {"executed_lines": [], "summary": {"covered_lines": 0, "num_statements": 9, "percent_covered": 0.0, "percent_covered_display": "0", "missing_lines": 9, "excluded_lines": 0}, "missing_lines": [178, 181, 182, 185, 186, 187, 188, 189, 190], "excluded_lines": []}, "test_get_fallacy_details": {"executed_lines": [], "summary": {"covered_lines": 0, "num_statements": 9, "percent_covered": 0.0, "percent_covered_display": "0", "missing_lines": 9, "excluded_lines": 0}, "missing_lines": [196, 199, 200, 203, 204, 205, 206, 207, 208], "excluded_lines": []}, "test_attribute_fallacy": {"executed_lines": [], "summary": {"covered_lines": 0, "num_statements": 10, "percent_covered": 0.0, "percent_covered_display": "0", "missing_lines": 10, "excluded_lines": 0}, "missing_lines": [214, 217, 219, 220, 221, 224, 227, 230, 236, 237], "excluded_lines": []}, "run_informal_agent_test": {"executed_lines": [], "summary": {"covered_lines": 0, "num_statements": 26, "percent_covered": 0.0, "percent_covered_display": "0", "missing_lines": 26, "excluded_lines": 0}, "missing_lines": [243, 246, 247, 250, 251, 253, 254, 255, 258, 261, 273, 276, 279, 281, 282, 283, 284, 285, 292, 293, 294, 297, 298, 299, 301, 302], "excluded_lines": []}, "main": {"executed_lines": [], "summary": {"covered_lines": 0, "num_statements": 15, "percent_covered": 0.0, "percent_covered_display": "0", "missing_lines": 15, "excluded_lines": 0}, "missing_lines": [308, 310, 311, 312, 313, 314, 315, 316, 317, 320, 334, 335, 336, 338, 339], "excluded_lines": []}, "": {"executed_lines": [4, 14, 15, 16, 17, 18, 19, 20, 23, 24, 25, 26, 30, 35, 38, 39, 42, 72, 73, 76, 87, 91, 102, 115, 128, 150, 174, 192, 210, 239, 304, 341], "summary": {"covered_lines": 29, "num_statements": 30, "percent_covered": 96.66666666666667, "percent_covered_display": "97", "missing_lines": 1, "excluded_lines": 2}, "missing_lines": [27], "excluded_lines": [341, 342]}}, "classes": {"StateManagerMock": {"executed_lines": [], "summary": {"covered_lines": 0, "num_statements": 17, "percent_covered": 0.0, "percent_covered_display": "0", "missing_lines": 17, "excluded_lines": 0}, "missing_lines": [77, 83, 84, 85, 89, 93, 94, 95, 100, 104, 105, 106, 113, 117, 118, 119, 126], "excluded_lines": []}, "": {"executed_lines": [4, 14, 15, 16, 17, 18, 19, 20, 23, 24, 25, 26, 30, 35, 38, 39, 42, 72, 73, 76, 87, 91, 102, 115, 128, 150, 174, 192, 210, 239, 304, 341], "summary": {"covered_lines": 29, "num_statements": 118, "percent_covered": 24.576271186440678, "percent_covered_display": "25", "missing_lines": 89, "excluded_lines": 2}, "missing_lines": [27, 132, 133, 136, 139, 142, 145, 146, 148, 154, 157, 161, 162, 165, 166, 167, 168, 169, 171, 172, 178, 181, 182, 185, 186, 187, 188, 189, 190, 196, 199, 200, 203, 204, 205, 206, 207, 208, 214, 217, 219, 220, 221, 224, 227, 230, 236, 237, 243, 246, 247, 250, 251, 253, 254, 255, 258, 261, 273, 276, 279, 281, 282, 283, 284, 285, 292, 293, 294, 297, 298, 299, 301, 302, 308, 310, 311, 312, 313, 314, 315, 316, 317, 320, 334, 335, 336, 338, 339], "excluded_lines": [341, 342]}}}, "agents\\test_scripts\\orchestration\\__init__.py": {"executed_lines": [0], "summary": {"covered_lines": 0, "num_statements": 0, "percent_covered": 100.0, "percent_covered_display": "100", "missing_lines": 0, "excluded_lines": 0}, "missing_lines": [], "excluded_lines": [], "functions": {"": {"executed_lines": [], "summary": {"covered_lines": 0, "num_statements": 0, "percent_covered": 100.0, "percent_covered_display": "100", "missing_lines": 0, "excluded_lines": 0}, "missing_lines": [], "excluded_lines": []}}, "classes": {"": {"executed_lines": [], "summary": {"covered_lines": 0, "num_statements": 0, "percent_covered": 100.0, "percent_covered_display": "100", "missing_lines": 0, "excluded_lines": 0}, "missing_lines": [], "excluded_lines": []}}}, "agents\\tools\\__init__.py": {"executed_lines": [4], "summary": {"covered_lines": 0, "num_statements": 0, "percent_covered": 100.0, "percent_covered_display": "100", "missing_lines": 0, "excluded_lines": 0}, "missing_lines": [], "excluded_lines": [], "functions": {"": {"executed_lines": [4], "summary": {"covered_lines": 0, "num_statements": 0, "percent_covered": 100.0, "percent_covered_display": "100", "missing_lines": 0, "excluded_lines": 0}, "missing_lines": [], "excluded_lines": []}}, "classes": {"": {"executed_lines": [4], "summary": {"covered_lines": 0, "num_statements": 0, "percent_covered": 100.0, "percent_covered_display": "100", "missing_lines": 0, "excluded_lines": 0}, "missing_lines": [], "excluded_lines": []}}}, "agents\\tools\\analysis\\__init__.py": {"executed_lines": [1, 9, 10, 11, 12, 13, 15], "summary": {"covered_lines": 6, "num_statements": 6, "percent_covered": 100.0, "percent_covered_display": "100", "missing_lines": 0, "excluded_lines": 0}, "missing_lines": [], "excluded_lines": [], "functions": {"": {"executed_lines": [1, 9, 10, 11, 12, 13, 15], "summary": {"covered_lines": 6, "num_statements": 6, "percent_covered": 100.0, "percent_covered_display": "100", "missing_lines": 0, "excluded_lines": 0}, "missing_lines": [], "excluded_lines": []}}, "classes": {"": {"executed_lines": [1, 9, 10, 11, 12, 13, 15], "summary": {"covered_lines": 6, "num_statements": 6, "percent_covered": 100.0, "percent_covered_display": "100", "missing_lines": 0, "excluded_lines": 0}, "missing_lines": [], "excluded_lines": []}}}, "agents\\tools\\analysis\\complex_fallacy_analyzer.py": {"executed_lines": [4, 12, 13, 14, 15, 16, 17, 20, 21, 22, 26, 27, 30, 35, 38, 39, 46, 56, 116, 179, 244, 308, 357, 430, 483, 550], "summary": {"covered_lines": 23, "num_statements": 167, "percent_covered": 13.77245508982036, "percent_covered_display": "14", "missing_lines": 144, "excluded_lines": 11}, "missing_lines": [23, 50, 51, 52, 53, 54, 64, 93, 130, 133, 138, 141, 144, 145, 148, 153, 155, 161, 162, 165, 175, 177, 193, 196, 197, 198, 204, 205, 207, 209, 212, 215, 216, 217, 228, 229, 230, 240, 242, 257, 260, 261, 264, 265, 266, 267, 270, 271, 273, 275, 276, 278, 279, 281, 290, 292, 293, 295, 296, 298, 306, 321, 324, 325, 328, 329, 330, 331, 332, 333, 334, 336, 337, 338, 342, 346, 355, 370, 373, 376, 377, 378, 379, 381, 387, 388, 390, 395, 398, 401, 402, 403, 414, 415, 416, 426, 428, 440, 443, 444, 447, 448, 449, 450, 452, 453, 454, 455, 458, 459, 461, 462, 463, 465, 466, 467, 468, 469, 470, 473, 474, 481, 493, 496, 497, 500, 514, 515, 516, 517, 520, 522, 523, 524, 525, 526, 527, 528, 530, 531, 532, 534, 535, 546], "excluded_lines": [550, 551, 554, 556, 557, 560, 566, 567, 570, 584, 585], "functions": {"ComplexFallacyAnalyzer.__init__": {"executed_lines": [], "summary": {"covered_lines": 0, "num_statements": 5, "percent_covered": 0.0, "percent_covered_display": "0", "missing_lines": 5, "excluded_lines": 0}, "missing_lines": [50, 51, 52, 53, 54], "excluded_lines": []}, "ComplexFallacyAnalyzer._load_fallacy_combinations": {"executed_lines": [], "summary": {"covered_lines": 0, "num_statements": 2, "percent_covered": 0.0, "percent_covered_display": "0", "missing_lines": 2, "excluded_lines": 0}, "missing_lines": [64, 93], "excluded_lines": []}, "ComplexFallacyAnalyzer.identify_combined_fallacies": {"executed_lines": [], "summary": {"covered_lines": 0, "num_statements": 14, "percent_covered": 0.0, "percent_covered_display": "0", "missing_lines": 14, "excluded_lines": 0}, "missing_lines": [130, 133, 138, 141, 144, 145, 148, 153, 155, 161, 162, 165, 175, 177], "excluded_lines": []}, "ComplexFallacyAnalyzer.analyze_structural_fallacies": {"executed_lines": [], "summary": {"covered_lines": 0, "num_statements": 17, "percent_covered": 0.0, "percent_covered_display": "0", "missing_lines": 17, "excluded_lines": 0}, "missing_lines": [193, 196, 197, 198, 204, 205, 207, 209, 212, 215, 216, 217, 228, 229, 230, 240, 242], "excluded_lines": []}, "ComplexFallacyAnalyzer._detect_contradictions": {"executed_lines": [], "summary": {"covered_lines": 0, "num_statements": 22, "percent_covered": 0.0, "percent_covered_display": "0", "missing_lines": 22, "excluded_lines": 0}, "missing_lines": [257, 260, 261, 264, 265, 266, 267, 270, 271, 273, 275, 276, 278, 279, 281, 290, 292, 293, 295, 296, 298, 306], "excluded_lines": []}, "ComplexFallacyAnalyzer._detect_circular_arguments": {"executed_lines": [], "summary": {"covered_lines": 0, "num_statements": 16, "percent_covered": 0.0, "percent_covered_display": "0", "missing_lines": 16, "excluded_lines": 0}, "missing_lines": [321, 324, 325, 328, 329, 330, 331, 332, 333, 334, 336, 337, 338, 342, 346, 355], "excluded_lines": []}, "ComplexFallacyAnalyzer.identify_fallacy_patterns": {"executed_lines": [], "summary": {"covered_lines": 0, "num_statements": 20, "percent_covered": 0.0, "percent_covered_display": "0", "missing_lines": 20, "excluded_lines": 0}, "missing_lines": [370, 373, 376, 377, 378, 379, 381, 387, 388, 390, 395, 398, 401, 402, 403, 414, 415, 416, 426, 428], "excluded_lines": []}, "ComplexFallacyAnalyzer._detect_alternation_patterns": {"executed_lines": [], "summary": {"covered_lines": 0, "num_statements": 25, "percent_covered": 0.0, "percent_covered_display": "0", "missing_lines": 25, "excluded_lines": 0}, "missing_lines": [440, 443, 444, 447, 448, 449, 450, 452, 453, 454, 455, 458, 459, 461, 462, 463, 465, 466, 467, 468, 469, 470, 473, 474, 481], "excluded_lines": []}, "ComplexFallacyAnalyzer._detect_escalation_patterns": {"executed_lines": [], "summary": {"covered_lines": 0, "num_statements": 22, "percent_covered": 0.0, "percent_covered_display": "0", "missing_lines": 22, "excluded_lines": 0}, "missing_lines": [493, 496, 497, 500, 514, 515, 516, 517, 520, 522, 523, 524, 525, 526, 527, 528, 530, 531, 532, 534, 535, 546], "excluded_lines": []}, "": {"executed_lines": [4, 12, 13, 14, 15, 16, 17, 20, 21, 22, 26, 27, 30, 35, 38, 39, 46, 56, 116, 179, 244, 308, 357, 430, 483, 550], "summary": {"covered_lines": 23, "num_statements": 24, "percent_covered": 95.83333333333333, "percent_covered_display": "96", "missing_lines": 1, "excluded_lines": 11}, "missing_lines": [23], "excluded_lines": [550, 551, 554, 556, 557, 560, 566, 567, 570, 584, 585]}}, "classes": {"ComplexFallacyAnalyzer": {"executed_lines": [], "summary": {"covered_lines": 0, "num_statements": 143, "percent_covered": 0.0, "percent_covered_display": "0", "missing_lines": 143, "excluded_lines": 0}, "missing_lines": [50, 51, 52, 53, 54, 64, 93, 130, 133, 138, 141, 144, 145, 148, 153, 155, 161, 162, 165, 175, 177, 193, 196, 197, 198, 204, 205, 207, 209, 212, 215, 216, 217, 228, 229, 230, 240, 242, 257, 260, 261, 264, 265, 266, 267, 270, 271, 273, 275, 276, 278, 279, 281, 290, 292, 293, 295, 296, 298, 306, 321, 324, 325, 328, 329, 330, 331, 332, 333, 334, 336, 337, 338, 342, 346, 355, 370, 373, 376, 377, 378, 379, 381, 387, 388, 390, 395, 398, 401, 402, 403, 414, 415, 416, 426, 428, 440, 443, 444, 447, 448, 449, 450, 452, 453, 454, 455, 458, 459, 461, 462, 463, 465, 466, 467, 468, 469, 470, 473, 474, 481, 493, 496, 497, 500, 514, 515, 516, 517, 520, 522, 523, 524, 525, 526, 527, 528, 530, 531, 532, 534, 535, 546], "excluded_lines": []}, "": {"executed_lines": [4, 12, 13, 14, 15, 16, 17, 20, 21, 22, 26, 27, 30, 35, 38, 39, 46, 56, 116, 179, 244, 308, 357, 430, 483, 550], "summary": {"covered_lines": 23, "num_statements": 24, "percent_covered": 95.83333333333333, "percent_covered_display": "96", "missing_lines": 1, "excluded_lines": 11}, "missing_lines": [23], "excluded_lines": [550, 551, 554, 556, 557, 560, 566, 567, 570, 584, 585]}}}, "agents\\tools\\analysis\\contextual_fallacy_analyzer.py": {"executed_lines": [4, 12, 13, 14, 15, 16, 17, 20, 21, 22, 26, 31, 34, 35, 43, 54, 85, 125, 151, 200, 241, 270, 321], "summary": {"covered_lines": 20, "num_statements": 93, "percent_covered": 21.50537634408602, "percent_covered_display": "22", "missing_lines": 73, "excluded_lines": 8}, "missing_lines": [23, 50, 51, 52, 64, 66, 68, 69, 72, 73, 74, 77, 78, 79, 80, 81, 82, 83, 101, 104, 105, 108, 109, 112, 113, 116, 123, 135, 138, 139, 140, 141, 142, 143, 144, 145, 146, 147, 149, 165, 168, 180, 182, 183, 184, 186, 187, 188, 189, 191, 198, 212, 222, 223, 226, 227, 228, 230, 231, 232, 235, 236, 237, 239, 255, 258, 261, 266, 268, 282, 314, 315, 317], "excluded_lines": [321, 322, 325, 326, 328, 329, 332, 333], "functions": {"ContextualFallacyAnalyzer.__init__": {"executed_lines": [], "summary": {"covered_lines": 0, "num_statements": 3, "percent_covered": 0.0, "percent_covered_display": "0", "missing_lines": 3, "excluded_lines": 0}, "missing_lines": [50, 51, 52], "excluded_lines": []}, "ContextualFallacyAnalyzer._load_taxonomy": {"executed_lines": [], "summary": {"covered_lines": 0, "num_statements": 14, "percent_covered": 0.0, "percent_covered_display": "0", "missing_lines": 14, "excluded_lines": 0}, "missing_lines": [64, 66, 68, 69, 72, 73, 74, 77, 78, 79, 80, 81, 82, 83], "excluded_lines": []}, "ContextualFallacyAnalyzer.analyze_context": {"executed_lines": [], "summary": {"covered_lines": 0, "num_statements": 9, "percent_covered": 0.0, "percent_covered_display": "0", "missing_lines": 9, "excluded_lines": 0}, "missing_lines": [101, 104, 105, 108, 109, 112, 113, 116, 123], "excluded_lines": []}, "ContextualFallacyAnalyzer._determine_context_type": {"executed_lines": [], "summary": {"covered_lines": 0, "num_statements": 12, "percent_covered": 0.0, "percent_covered_display": "0", "missing_lines": 12, "excluded_lines": 0}, "missing_lines": [135, 138, 139, 140, 141, 142, 143, 144, 145, 146, 147, 149], "excluded_lines": []}, "ContextualFallacyAnalyzer._identify_potential_fallacies": {"executed_lines": [], "summary": {"covered_lines": 0, "num_statements": 12, "percent_covered": 0.0, "percent_covered_display": "0", "missing_lines": 12, "excluded_lines": 0}, "missing_lines": [165, 168, 180, 182, 183, 184, 186, 187, 188, 189, 191, 198], "excluded_lines": []}, "ContextualFallacyAnalyzer._filter_by_context": {"executed_lines": [], "summary": {"covered_lines": 0, "num_statements": 13, "percent_covered": 0.0, "percent_covered_display": "0", "missing_lines": 13, "excluded_lines": 0}, "missing_lines": [212, 222, 223, 226, 227, 228, 230, 231, 232, 235, 236, 237, 239], "excluded_lines": []}, "ContextualFallacyAnalyzer.identify_contextual_fallacies": {"executed_lines": [], "summary": {"covered_lines": 0, "num_statements": 5, "percent_covered": 0.0, "percent_covered_display": "0", "missing_lines": 5, "excluded_lines": 0}, "missing_lines": [255, 258, 261, 266, 268], "excluded_lines": []}, "ContextualFallacyAnalyzer.get_contextual_fallacy_examples": {"executed_lines": [], "summary": {"covered_lines": 0, "num_statements": 4, "percent_covered": 0.0, "percent_covered_display": "0", "missing_lines": 4, "excluded_lines": 0}, "missing_lines": [282, 314, 315, 317], "excluded_lines": []}, "": {"executed_lines": [4, 12, 13, 14, 15, 16, 17, 20, 21, 22, 26, 31, 34, 35, 43, 54, 85, 125, 151, 200, 241, 270, 321], "summary": {"covered_lines": 20, "num_statements": 21, "percent_covered": 95.23809523809524, "percent_covered_display": "95", "missing_lines": 1, "excluded_lines": 8}, "missing_lines": [23], "excluded_lines": [321, 322, 325, 326, 328, 329, 332, 333]}}, "classes": {"ContextualFallacyAnalyzer": {"executed_lines": [], "summary": {"covered_lines": 0, "num_statements": 72, "percent_covered": 0.0, "percent_covered_display": "0", "missing_lines": 72, "excluded_lines": 0}, "missing_lines": [50, 51, 52, 64, 66, 68, 69, 72, 73, 74, 77, 78, 79, 80, 81, 82, 83, 101, 104, 105, 108, 109, 112, 113, 116, 123, 135, 138, 139, 140, 141, 142, 143, 144, 145, 146, 147, 149, 165, 168, 180, 182, 183, 184, 186, 187, 188, 189, 191, 198, 212, 222, 223, 226, 227, 228, 230, 231, 232, 235, 236, 237, 239, 255, 258, 261, 266, 268, 282, 314, 315, 317], "excluded_lines": []}, "": {"executed_lines": [4, 12, 13, 14, 15, 16, 17, 20, 21, 22, 26, 31, 34, 35, 43, 54, 85, 125, 151, 200, 241, 270, 321], "summary": {"covered_lines": 20, "num_statements": 21, "percent_covered": 95.23809523809524, "percent_covered_display": "95", "missing_lines": 1, "excluded_lines": 8}, "missing_lines": [23], "excluded_lines": [321, 322, 325, 326, 328, 329, 332, 333]}}}, "agents\\tools\\analysis\\enhanced\\__init__.py": {"executed_lines": [4, 11, 12, 13, 14, 16], "summary": {"covered_lines": 5, "num_statements": 5, "percent_covered": 100.0, "percent_covered_display": "100", "missing_lines": 0, "excluded_lines": 0}, "missing_lines": [], "excluded_lines": [], "functions": {"": {"executed_lines": [4, 11, 12, 13, 14, 16], "summary": {"covered_lines": 5, "num_statements": 5, "percent_covered": 100.0, "percent_covered_display": "100", "missing_lines": 0, "excluded_lines": 0}, "missing_lines": [], "excluded_lines": []}}, "classes": {"": {"executed_lines": [4, 11, 12, 13, 14, 16], "summary": {"covered_lines": 5, "num_statements": 5, "percent_covered": 100.0, "percent_covered_display": "100", "missing_lines": 0, "excluded_lines": 0}, "missing_lines": [], "excluded_lines": []}}}, "agents\\tools\\analysis\\enhanced\\complex_fallacy_analyzer.py": {"executed_lines": [4, 12, 13, 14, 15, 16, 17, 18, 19, 20, 23, 24, 25, 29, 32, 33, 36, 41, 44, 45, 53, 75, 117, 164, 222, 256, 308, 333, 403, 466, 534, 574, 629, 682, 732, 775, 814, 892, 953, 1043, 1138, 1206], "summary": {"covered_lines": 39, "num_statements": 394, "percent_covered": 9.898477157360405, "percent_covered_display": "10", "missing_lines": 355, "excluded_lines": 104}, "missing_lines": [26, 57, 58, 61, 62, 65, 68, 71, 73, 82, 115, 124, 162, 179, 182, 183, 184, 185, 186, 193, 196, 199, 202, 213, 220, 232, 233, 236, 238, 241, 243, 245, 254, 266, 269, 270, 273, 282, 283, 284, 285, 287, 288, 291, 293, 296, 298, 306, 320, 321, 324, 325, 328, 329, 331, 345, 346, 355, 356, 357, 358, 359, 362, 363, 364, 365, 367, 370, 371, 372, 373, 374, 376, 379, 382, 385, 391, 394, 395, 396, 397, 398, 399, 401, 418, 421, 422, 423, 424, 425, 426, 427, 429, 432, 435, 438, 441, 446, 457, 464, 481, 484, 485, 486, 487, 490, 491, 492, 493, 496, 497, 498, 499, 500, 501, 502, 505, 507, 512, 514, 518, 521, 532, 551, 553, 555, 557, 559, 561, 563, 565, 567, 569, 572, 585, 600, 601, 604, 605, 606, 607, 609, 610, 613, 614, 615, 616, 617, 619, 620, 621, 624, 625, 627, 640, 643, 644, 645, 646, 647, 649, 650, 652, 653, 656, 657, 658, 661, 662, 663, 664, 666, 667, 669, 670, 671, 672, 673, 676, 677, 679, 680, 698, 701, 702, 703, 704, 705, 708, 709, 712, 715, 717, 719, 722, 723, 725, 728, 730, 748, 751, 752, 753, 754, 755, 758, 759, 762, 764, 765, 766, 767, 768, 771, 773, 786, 796, 797, 799, 800, 801, 802, 803, 806, 807, 810, 812, 834, 835, 836, 839, 840, 841, 844, 845, 846, 850, 851, 852, 854, 859, 860, 869, 870, 873, 874, 875, 876, 877, 878, 880, 882, 907, 910, 913, 916, 919, 922, 925, 933, 944, 951, 964, 965, 973, 974, 975, 976, 980, 981, 983, 984, 985, 988, 989, 992, 993, 994, 996, 997, 998, 1000, 1003, 1004, 1005, 1006, 1014, 1016, 1019, 1022, 1023, 1024, 1027, 1028, 1029, 1030, 1031, 1032, 1034, 1036, 1059, 1060, 1068, 1069, 1070, 1071, 1072, 1081, 1084, 1085, 1086, 1087, 1088, 1091, 1093, 1094, 1101, 1102, 1110, 1111, 1114, 1116, 1118, 1119, 1122, 1123, 1124, 1125, 1126, 1127, 1129, 1131, 1158, 1159, 1160, 1163, 1166, 1167, 1170, 1171, 1172, 1173, 1174, 1175, 1177, 1180, 1182, 1183, 1185, 1186, 1188, 1189, 1191, 1192, 1194], "excluded_lines": [511, 1206, 1207, 1210, 1217, 1218, 1221, 1222, 1225, 1226, 1228, 1229, 1230, 1231, 1232, 1233, 1234, 1235, 1236, 1237, 1238, 1239, 1240, 1241, 1242, 1243, 1244, 1245, 1246, 1247, 1248, 1249, 1250, 1251, 1252, 1253, 1254, 1255, 1256, 1257, 1258, 1260, 1261, 1262, 1263, 1264, 1265, 1266, 1267, 1268, 1269, 1270, 1271, 1272, 1273, 1274, 1275, 1276, 1277, 1278, 1279, 1280, 1281, 1282, 1283, 1284, 1285, 1286, 1287, 1288, 1289, 1290, 1291, 1292, 1293, 1294, 1295, 1296, 1297, 1298, 1299, 1300, 1301, 1302, 1303, 1304, 1305, 1306, 1307, 1308, 1309, 1310, 1311, 1312, 1313, 1314, 1315, 1316, 1317, 1318, 1319, 1320, 1321, 1322], "functions": {"EnhancedComplexFallacyAnalyzer.__init__": {"executed_lines": [], "summary": {"covered_lines": 0, "num_statements": 8, "percent_covered": 0.0, "percent_covered_display": "0", "missing_lines": 8, "excluded_lines": 0}, "missing_lines": [57, 58, 61, 62, 65, 68, 71, 73], "excluded_lines": []}, "EnhancedComplexFallacyAnalyzer._define_argument_structure_patterns": {"executed_lines": [], "summary": {"covered_lines": 0, "num_statements": 2, "percent_covered": 0.0, "percent_covered_display": "0", "missing_lines": 2, "excluded_lines": 0}, "missing_lines": [82, 115], "excluded_lines": []}, "EnhancedComplexFallacyAnalyzer._define_advanced_fallacy_combinations": {"executed_lines": [], "summary": {"covered_lines": 0, "num_statements": 2, "percent_covered": 0.0, "percent_covered_display": "0", "missing_lines": 2, "excluded_lines": 0}, "missing_lines": [124, 162], "excluded_lines": []}, "EnhancedComplexFallacyAnalyzer.analyze_argument_structure": {"executed_lines": [], "summary": {"covered_lines": 0, "num_statements": 12, "percent_covered": 0.0, "percent_covered_display": "0", "missing_lines": 12, "excluded_lines": 0}, "missing_lines": [179, 182, 183, 184, 185, 186, 193, 196, 199, 202, 213, 220], "excluded_lines": []}, "EnhancedComplexFallacyAnalyzer._identify_argument_structures": {"executed_lines": [], "summary": {"covered_lines": 0, "num_statements": 8, "percent_covered": 0.0, "percent_covered_display": "0", "missing_lines": 8, "excluded_lines": 0}, "missing_lines": [232, 233, 236, 238, 241, 243, 245, 254], "excluded_lines": []}, "EnhancedComplexFallacyAnalyzer._identify_argument_relations": {"executed_lines": [], "summary": {"covered_lines": 0, "num_statements": 15, "percent_covered": 0.0, "percent_covered_display": "0", "missing_lines": 15, "excluded_lines": 0}, "missing_lines": [266, 269, 270, 273, 282, 283, 284, 285, 287, 288, 291, 293, 296, 298, 306], "excluded_lines": []}, "EnhancedComplexFallacyAnalyzer._calculate_simple_similarity": {"executed_lines": [], "summary": {"covered_lines": 0, "num_statements": 7, "percent_covered": 0.0, "percent_covered_display": "0", "missing_lines": 7, "excluded_lines": 0}, "missing_lines": [320, 321, 324, 325, 328, 329, 331], "excluded_lines": []}, "EnhancedComplexFallacyAnalyzer._evaluate_argument_coherence": {"executed_lines": [], "summary": {"covered_lines": 0, "num_statements": 29, "percent_covered": 0.0, "percent_covered_display": "0", "missing_lines": 29, "excluded_lines": 0}, "missing_lines": [345, 346, 355, 356, 357, 358, 359, 362, 363, 364, 365, 367, 370, 371, 372, 373, 374, 376, 379, 382, 385, 391, 394, 395, 396, 397, 398, 399, 401], "excluded_lines": []}, "EnhancedComplexFallacyAnalyzer.detect_composite_fallacies": {"executed_lines": [], "summary": {"covered_lines": 0, "num_statements": 16, "percent_covered": 0.0, "percent_covered_display": "0", "missing_lines": 16, "excluded_lines": 0}, "missing_lines": [418, 421, 422, 423, 424, 425, 426, 427, 429, 432, 435, 438, 441, 446, 457, 464], "excluded_lines": []}, "EnhancedComplexFallacyAnalyzer._identify_advanced_fallacy_combinations": {"executed_lines": [], "summary": {"covered_lines": 0, "num_statements": 23, "percent_covered": 0.0, "percent_covered_display": "0", "missing_lines": 23, "excluded_lines": 1}, "missing_lines": [481, 484, 485, 486, 487, 490, 491, 492, 493, 496, 497, 498, 499, 500, 501, 502, 505, 507, 512, 514, 518, 521, 532], "excluded_lines": [511]}, "EnhancedComplexFallacyAnalyzer._evaluate_pattern_match": {"executed_lines": [], "summary": {"covered_lines": 0, "num_statements": 11, "percent_covered": 0.0, "percent_covered_display": "0", "missing_lines": 11, "excluded_lines": 0}, "missing_lines": [551, 553, 555, 557, 559, 561, 563, 565, 567, 569, 572], "excluded_lines": []}, "EnhancedComplexFallacyAnalyzer._evaluate_escalation_pattern": {"executed_lines": [], "summary": {"covered_lines": 0, "num_statements": 20, "percent_covered": 0.0, "percent_covered_display": "0", "missing_lines": 20, "excluded_lines": 0}, "missing_lines": [585, 600, 601, 604, 605, 606, 607, 609, 610, 613, 614, 615, 616, 617, 619, 620, 621, 624, 625, 627], "excluded_lines": []}, "EnhancedComplexFallacyAnalyzer._evaluate_circular_pattern": {"executed_lines": [], "summary": {"covered_lines": 0, "num_statements": 28, "percent_covered": 0.0, "percent_covered_display": "0", "missing_lines": 28, "excluded_lines": 0}, "missing_lines": [640, 643, 644, 645, 646, 647, 649, 650, 652, 653, 656, 657, 658, 661, 662, 663, 664, 666, 667, 669, 670, 671, 672, 673, 676, 677, 679, 680], "excluded_lines": []}, "EnhancedComplexFallacyAnalyzer._evaluate_diversion_pattern": {"executed_lines": [], "summary": {"covered_lines": 0, "num_statements": 17, "percent_covered": 0.0, "percent_covered_display": "0", "missing_lines": 17, "excluded_lines": 0}, "missing_lines": [698, 701, 702, 703, 704, 705, 708, 709, 712, 715, 717, 719, 722, 723, 725, 728, 730], "excluded_lines": []}, "EnhancedComplexFallacyAnalyzer._evaluate_causal_pattern": {"executed_lines": [], "summary": {"covered_lines": 0, "num_statements": 16, "percent_covered": 0.0, "percent_covered_display": "0", "missing_lines": 16, "excluded_lines": 0}, "missing_lines": [748, 751, 752, 753, 754, 755, 758, 759, 762, 764, 765, 766, 767, 768, 771, 773], "excluded_lines": []}, "EnhancedComplexFallacyAnalyzer._evaluate_cognitive_pattern": {"executed_lines": [], "summary": {"covered_lines": 0, "num_statements": 12, "percent_covered": 0.0, "percent_covered_display": "0", "missing_lines": 12, "excluded_lines": 0}, "missing_lines": [786, 796, 797, 799, 800, 801, 802, 803, 806, 807, 810, 812], "excluded_lines": []}, "EnhancedComplexFallacyAnalyzer._evaluate_composite_severity": {"executed_lines": [], "summary": {"covered_lines": 0, "num_statements": 25, "percent_covered": 0.0, "percent_covered_display": "0", "missing_lines": 25, "excluded_lines": 0}, "missing_lines": [834, 835, 836, 839, 840, 841, 844, 845, 846, 850, 851, 852, 854, 859, 860, 869, 870, 873, 874, 875, 876, 877, 878, 880, 882], "excluded_lines": []}, "EnhancedComplexFallacyAnalyzer.analyze_inter_argument_coherence": {"executed_lines": [], "summary": {"covered_lines": 0, "num_statements": 10, "percent_covered": 0.0, "percent_covered_display": "0", "missing_lines": 10, "excluded_lines": 0}, "missing_lines": [907, 910, 913, 916, 919, 922, 925, 933, 944, 951], "excluded_lines": []}, "EnhancedComplexFallacyAnalyzer._analyze_thematic_coherence": {"executed_lines": [], "summary": {"covered_lines": 0, "num_statements": 38, "percent_covered": 0.0, "percent_covered_display": "0", "missing_lines": 38, "excluded_lines": 0}, "missing_lines": [964, 965, 973, 974, 975, 976, 980, 981, 983, 984, 985, 988, 989, 992, 993, 994, 996, 997, 998, 1000, 1003, 1004, 1005, 1006, 1014, 1016, 1019, 1022, 1023, 1024, 1027, 1028, 1029, 1030, 1031, 1032, 1034, 1036], "excluded_lines": []}, "EnhancedComplexFallacyAnalyzer._analyze_logical_coherence": {"executed_lines": [], "summary": {"covered_lines": 0, "num_statements": 32, "percent_covered": 0.0, "percent_covered_display": "0", "missing_lines": 32, "excluded_lines": 0}, "missing_lines": [1059, 1060, 1068, 1069, 1070, 1071, 1072, 1081, 1084, 1085, 1086, 1087, 1088, 1091, 1093, 1094, 1101, 1102, 1110, 1111, 1114, 1116, 1118, 1119, 1122, 1123, 1124, 1125, 1126, 1127, 1129, 1131], "excluded_lines": []}, "EnhancedComplexFallacyAnalyzer._evaluate_overall_coherence": {"executed_lines": [], "summary": {"covered_lines": 0, "num_statements": 23, "percent_covered": 0.0, "percent_covered_display": "0", "missing_lines": 23, "excluded_lines": 0}, "missing_lines": [1158, 1159, 1160, 1163, 1166, 1167, 1170, 1171, 1172, 1173, 1174, 1175, 1177, 1180, 1182, 1183, 1185, 1186, 1188, 1189, 1191, 1192, 1194], "excluded_lines": []}, "_detect_circular_reasoning": {"executed_lines": [], "summary": {"covered_lines": 0, "num_statements": 0, "percent_covered": 100.0, "percent_covered_display": "100", "missing_lines": 0, "excluded_lines": 30}, "missing_lines": [], "excluded_lines": [1229, 1230, 1231, 1232, 1233, 1234, 1235, 1236, 1237, 1238, 1239, 1240, 1241, 1242, 1243, 1244, 1245, 1246, 1247, 1248, 1249, 1250, 1251, 1252, 1253, 1254, 1255, 1256, 1257, 1258]}, "_analyze_structure_vulnerabilities": {"executed_lines": [], "summary": {"covered_lines": 0, "num_statements": 0, "percent_covered": 100.0, "percent_covered_display": "100", "missing_lines": 0, "excluded_lines": 58}, "missing_lines": [], "excluded_lines": [1265, 1266, 1267, 1268, 1269, 1270, 1271, 1272, 1273, 1274, 1275, 1276, 1277, 1278, 1279, 1280, 1281, 1282, 1283, 1284, 1285, 1286, 1287, 1288, 1289, 1290, 1291, 1292, 1293, 1294, 1295, 1296, 1297, 1298, 1299, 1300, 1301, 1302, 1303, 1304, 1305, 1306, 1307, 1308, 1309, 1310, 1311, 1312, 1313, 1314, 1315, 1316, 1317, 1318, 1319, 1320, 1321, 1322]}, "": {"executed_lines": [4, 12, 13, 14, 15, 16, 17, 18, 19, 20, 23, 24, 25, 29, 32, 33, 36, 41, 44, 45, 53, 75, 117, 164, 222, 256, 308, 333, 403, 466, 534, 574, 629, 682, 732, 775, 814, 892, 953, 1043, 1138, 1206], "summary": {"covered_lines": 39, "num_statements": 40, "percent_covered": 97.5, "percent_covered_display": "98", "missing_lines": 1, "excluded_lines": 15}, "missing_lines": [26], "excluded_lines": [1206, 1207, 1210, 1217, 1218, 1221, 1222, 1225, 1226, 1228, 1260, 1261, 1262, 1263, 1264]}}, "classes": {"EnhancedComplexFallacyAnalyzer": {"executed_lines": [], "summary": {"covered_lines": 0, "num_statements": 354, "percent_covered": 0.0, "percent_covered_display": "0", "missing_lines": 354, "excluded_lines": 1}, "missing_lines": [57, 58, 61, 62, 65, 68, 71, 73, 82, 115, 124, 162, 179, 182, 183, 184, 185, 186, 193, 196, 199, 202, 213, 220, 232, 233, 236, 238, 241, 243, 245, 254, 266, 269, 270, 273, 282, 283, 284, 285, 287, 288, 291, 293, 296, 298, 306, 320, 321, 324, 325, 328, 329, 331, 345, 346, 355, 356, 357, 358, 359, 362, 363, 364, 365, 367, 370, 371, 372, 373, 374, 376, 379, 382, 385, 391, 394, 395, 396, 397, 398, 399, 401, 418, 421, 422, 423, 424, 425, 426, 427, 429, 432, 435, 438, 441, 446, 457, 464, 481, 484, 485, 486, 487, 490, 491, 492, 493, 496, 497, 498, 499, 500, 501, 502, 505, 507, 512, 514, 518, 521, 532, 551, 553, 555, 557, 559, 561, 563, 565, 567, 569, 572, 585, 600, 601, 604, 605, 606, 607, 609, 610, 613, 614, 615, 616, 617, 619, 620, 621, 624, 625, 627, 640, 643, 644, 645, 646, 647, 649, 650, 652, 653, 656, 657, 658, 661, 662, 663, 664, 666, 667, 669, 670, 671, 672, 673, 676, 677, 679, 680, 698, 701, 702, 703, 704, 705, 708, 709, 712, 715, 717, 719, 722, 723, 725, 728, 730, 748, 751, 752, 753, 754, 755, 758, 759, 762, 764, 765, 766, 767, 768, 771, 773, 786, 796, 797, 799, 800, 801, 802, 803, 806, 807, 810, 812, 834, 835, 836, 839, 840, 841, 844, 845, 846, 850, 851, 852, 854, 859, 860, 869, 870, 873, 874, 875, 876, 877, 878, 880, 882, 907, 910, 913, 916, 919, 922, 925, 933, 944, 951, 964, 965, 973, 974, 975, 976, 980, 981, 983, 984, 985, 988, 989, 992, 993, 994, 996, 997, 998, 1000, 1003, 1004, 1005, 1006, 1014, 1016, 1019, 1022, 1023, 1024, 1027, 1028, 1029, 1030, 1031, 1032, 1034, 1036, 1059, 1060, 1068, 1069, 1070, 1071, 1072, 1081, 1084, 1085, 1086, 1087, 1088, 1091, 1093, 1094, 1101, 1102, 1110, 1111, 1114, 1116, 1118, 1119, 1122, 1123, 1124, 1125, 1126, 1127, 1129, 1131, 1158, 1159, 1160, 1163, 1166, 1167, 1170, 1171, 1172, 1173, 1174, 1175, 1177, 1180, 1182, 1183, 1185, 1186, 1188, 1189, 1191, 1192, 1194], "excluded_lines": [511]}, "": {"executed_lines": [4, 12, 13, 14, 15, 16, 17, 18, 19, 20, 23, 24, 25, 29, 32, 33, 36, 41, 44, 45, 53, 75, 117, 164, 222, 256, 308, 333, 403, 466, 534, 574, 629, 682, 732, 775, 814, 892, 953, 1043, 1138, 1206], "summary": {"covered_lines": 39, "num_statements": 40, "percent_covered": 97.5, "percent_covered_display": "98", "missing_lines": 1, "excluded_lines": 103}, "missing_lines": [26], "excluded_lines": [1206, 1207, 1210, 1217, 1218, 1221, 1222, 1225, 1226, 1228, 1229, 1230, 1231, 1232, 1233, 1234, 1235, 1236, 1237, 1238, 1239, 1240, 1241, 1242, 1243, 1244, 1245, 1246, 1247, 1248, 1249, 1250, 1251, 1252, 1253, 1254, 1255, 1256, 1257, 1258, 1260, 1261, 1262, 1263, 1264, 1265, 1266, 1267, 1268, 1269, 1270, 1271, 1272, 1273, 1274, 1275, 1276, 1277, 1278, 1279, 1280, 1281, 1282, 1283, 1284, 1285, 1286, 1287, 1288, 1289, 1290, 1291, 1292, 1293, 1294, 1295
[...]
, 63, 64, 65, 66, 67, 68, 69, 75, 83, 102, 105, 106, 107, 108, 109, 110, 111, 112, 141, 143], "summary": {"covered_lines": 50, "num_statements": 74, "percent_covered": 67.56756756756756, "percent_covered_display": "68", "missing_lines": 24, "excluded_lines": 11}, "missing_lines": [15, 39, 70, 71, 114, 115, 116, 117, 119, 120, 121, 122, 123, 124, 125, 126, 128, 129, 130, 131, 132, 134, 135, 136], "excluded_lines": [20, 25, 26, 27, 28, 32, 33, 34, 35, 36, 37]}}, "classes": {"": {"executed_lines": [2, 3, 4, 5, 6, 7, 8, 9, 10, 11, 13, 14, 18, 19, 20, 21, 22, 24, 25, 26, 27, 28, 32, 33, 34, 44, 45, 46, 47, 48, 51, 52, 53, 54, 55, 56, 57, 60, 63, 64, 65, 66, 67, 68, 69, 75, 83, 102, 105, 106, 107, 108, 109, 110, 111, 112, 141, 143], "summary": {"covered_lines": 50, "num_statements": 88, "percent_covered": 56.81818181818182, "percent_covered_display": "57", "missing_lines": 38, "excluded_lines": 11}, "missing_lines": [15, 39, 70, 71, 85, 86, 87, 88, 89, 90, 91, 92, 93, 94, 95, 96, 98, 99, 114, 115, 116, 117, 119, 120, 121, 122, 123, 124, 125, 126, 128, 129, 130, 131, 132, 134, 135, 136], "excluded_lines": [20, 25, 26, 27, 28, 32, 33, 34, 35, 36, 37]}}}, "ui\\extract_utils.py": {"executed_lines": [1, 8, 9, 10, 11, 12, 13, 14, 17, 19, 20, 21, 22, 23, 33, 36, 39, 41, 42, 43, 50, 51, 53, 71, 92, 113, 134, 153, 174, 221, 281, 310], "summary": {"covered_lines": 31, "num_statements": 124, "percent_covered": 25.0, "percent_covered_display": "25", "missing_lines": 93, "excluded_lines": 0}, "missing_lines": [24, 26, 27, 28, 29, 30, 44, 46, 47, 48, 63, 65, 66, 67, 68, 69, 90, 111, 132, 151, 172, 190, 192, 193, 194, 195, 197, 198, 200, 201, 202, 203, 204, 208, 209, 210, 211, 212, 213, 216, 217, 218, 219, 239, 241, 244, 245, 246, 247, 248, 249, 252, 253, 254, 255, 258, 261, 262, 264, 265, 266, 267, 268, 269, 272, 273, 276, 277, 278, 279, 295, 297, 300, 301, 302, 303, 305, 306, 307, 308, 322, 324, 325, 326, 328, 329, 331, 332, 333, 334, 335, 336, 337], "excluded_lines": [], "functions": {"load_source_text": {"executed_lines": [], "summary": {"covered_lines": 0, "num_statements": 6, "percent_covered": 0.0, "percent_covered_display": "0", "missing_lines": 6, "excluded_lines": 0}, "missing_lines": [63, 65, 66, 67, 68, 69], "excluded_lines": []}, "extract_text_with_markers": {"executed_lines": [], "summary": {"covered_lines": 0, "num_statements": 1, "percent_covered": 0.0, "percent_covered_display": "0", "missing_lines": 1, "excluded_lines": 0}, "missing_lines": [90], "excluded_lines": []}, "find_similar_text": {"executed_lines": [], "summary": {"covered_lines": 0, "num_statements": 1, "percent_covered": 0.0, "percent_covered_display": "0", "missing_lines": 1, "excluded_lines": 0}, "missing_lines": [111], "excluded_lines": []}, "highlight_text": {"executed_lines": [], "summary": {"covered_lines": 0, "num_statements": 1, "percent_covered": 0.0, "percent_covered_display": "0", "missing_lines": 1, "excluded_lines": 0}, "missing_lines": [132], "excluded_lines": []}, "search_in_text": {"executed_lines": [], "summary": {"covered_lines": 0, "num_statements": 1, "percent_covered": 0.0, "percent_covered_display": "0", "missing_lines": 1, "excluded_lines": 0}, "missing_lines": [151], "excluded_lines": []}, "highlight_search_results": {"executed_lines": [], "summary": {"covered_lines": 0, "num_statements": 1, "percent_covered": 0.0, "percent_covered_display": "0", "missing_lines": 1, "excluded_lines": 0}, "missing_lines": [172], "excluded_lines": []}, "load_extract_definitions_safely": {"executed_lines": [], "summary": {"covered_lines": 0, "num_statements": 22, "percent_covered": 0.0, "percent_covered_display": "0", "missing_lines": 22, "excluded_lines": 0}, "missing_lines": [190, 192, 193, 194, 195, 197, 198, 200, 201, 202, 203, 204, 208, 209, 210, 211, 212, 213, 216, 217, 218, 219], "excluded_lines": []}, "save_extract_definitions_safely": {"executed_lines": [], "summary": {"covered_lines": 0, "num_statements": 27, "percent_covered": 0.0, "percent_covered_display": "0", "missing_lines": 27, "excluded_lines": 0}, "missing_lines": [239, 241, 244, 245, 246, 247, 248, 249, 252, 253, 254, 255, 258, 261, 262, 264, 265, 266, 267, 268, 269, 272, 273, 276, 277, 278, 279], "excluded_lines": []}, "export_definitions_to_json": {"executed_lines": [], "summary": {"covered_lines": 0, "num_statements": 10, "percent_covered": 0.0, "percent_covered_display": "0", "missing_lines": 10, "excluded_lines": 0}, "missing_lines": [295, 297, 300, 301, 302, 303, 305, 306, 307, 308], "excluded_lines": []}, "import_definitions_from_json": {"executed_lines": [], "summary": {"covered_lines": 0, "num_statements": 13, "percent_covered": 0.0, "percent_covered_display": "0", "missing_lines": 13, "excluded_lines": 0}, "missing_lines": [322, 324, 325, 326, 328, 329, 331, 332, 333, 334, 335, 336, 337], "excluded_lines": []}, "": {"executed_lines": [1, 8, 9, 10, 11, 12, 13, 14, 17, 19, 20, 21, 22, 23, 33, 36, 39, 41, 42, 43, 50, 51, 53, 71, 92, 113, 134, 153, 174, 221, 281, 310], "summary": {"covered_lines": 31, "num_statements": 41, "percent_covered": 75.60975609756098, "percent_covered_display": "76", "missing_lines": 10, "excluded_lines": 0}, "missing_lines": [24, 26, 27, 28, 29, 30, 44, 46, 47, 48], "excluded_lines": []}}, "classes": {"": {"executed_lines": [1, 8, 9, 10, 11, 12, 13, 14, 17, 19, 20, 21, 22, 23, 33, 36, 39, 41, 42, 43, 50, 51, 53, 71, 92, 113, 134, 153, 174, 221, 281, 310], "summary": {"covered_lines": 31, "num_statements": 124, "percent_covered": 25.0, "percent_covered_display": "25", "missing_lines": 93, "excluded_lines": 0}, "missing_lines": [24, 26, 27, 28, 29, 30, 44, 46, 47, 48, 63, 65, 66, 67, 68, 69, 90, 111, 132, 151, 172, 190, 192, 193, 194, 195, 197, 198, 200, 201, 202, 203, 204, 208, 209, 210, 211, 212, 213, 216, 217, 218, 219, 239, 241, 244, 245, 246, 247, 248, 249, 252, 253, 254, 255, 258, 261, 262, 264, 265, 266, 267, 268, 269, 272, 273, 276, 277, 278, 279, 295, 297, 300, 301, 302, 303, 305, 306, 307, 308, 322, 324, 325, 326, 328, 329, 331, 332, 333, 334, 335, 336, 337], "excluded_lines": []}}}, "ui\\utils.py": {"executed_lines": [2, 3, 4, 5, 6, 7, 8, 9, 10, 15, 17, 18, 23, 30, 36, 49, 63, 75, 77, 80, 81, 82, 83, 84, 85, 87, 90, 92, 96, 100, 101, 102, 103, 104, 126, 127, 128, 130, 152, 170, 192, 287, 405], "summary": {"covered_lines": 43, "num_statements": 299, "percent_covered": 14.381270903010034, "percent_covered_display": "14", "missing_lines": 256, "excluded_lines": 0}, "missing_lines": [19, 25, 26, 27, 28, 32, 34, 38, 39, 40, 41, 42, 43, 44, 45, 46, 47, 51, 52, 53, 54, 55, 57, 58, 59, 60, 61, 65, 66, 67, 68, 69, 70, 71, 72, 73, 78, 79, 93, 95, 97, 98, 105, 106, 107, 110, 116, 117, 123, 125, 132, 133, 134, 135, 136, 137, 138, 139, 140, 141, 142, 143, 144, 145, 146, 147, 148, 149, 150, 155, 156, 157, 158, 159, 160, 161, 162, 163, 164, 165, 166, 167, 168, 173, 174, 175, 176, 177, 178, 179, 180, 181, 182, 183, 184, 185, 186, 187, 188, 189, 190, 202, 203, 204, 206, 207, 209, 210, 211, 212, 213, 216, 217, 218, 220, 222, 223, 224, 225, 226, 227, 229, 231, 232, 233, 234, 235, 236, 237, 238, 239, 240, 241, 242, 243, 244, 245, 247, 249, 250, 251, 252, 253, 254, 255, 256, 257, 258, 261, 264, 265, 266, 267, 269, 270, 271, 272, 273, 274, 275, 276, 277, 278, 279, 280, 281, 282, 283, 284, 291, 292, 293, 294, 297, 298, 300, 301, 302, 303, 304, 305, 306, 308, 309, 312, 313, 314, 315, 316, 317, 318, 320, 321, 322, 324, 325, 326, 327, 328, 329, 330, 331, 333, 334, 336, 337, 338, 339, 340, 343, 344, 345, 346, 348, 349, 350, 351, 352, 353, 354, 356, 357, 359, 360, 361, 362, 363, 364, 365, 366, 367, 369, 370, 371, 372, 373, 375, 378, 379, 380, 381, 383, 384, 386, 387, 388, 389, 390, 391, 394, 395, 396, 398, 399, 401, 402], "excluded_lines": [], "functions": {"reconstruct_url": {"executed_lines": [], "summary": {"covered_lines": 0, "num_statements": 4, "percent_covered": 0.0, "percent_covered_display": "0", "missing_lines": 4, "excluded_lines": 0}, "missing_lines": [25, 26, 27, 28], "excluded_lines": []}, "get_cache_filepath": {"executed_lines": [], "summary": {"covered_lines": 0, "num_statements": 2, "percent_covered": 0.0, "percent_covered_display": "0", "missing_lines": 2, "excluded_lines": 0}, "missing_lines": [32, 34], "excluded_lines": []}, "load_from_cache": {"executed_lines": [], "summary": {"covered_lines": 0, "num_statements": 10, "percent_covered": 0.0, "percent_covered_display": "0", "missing_lines": 10, "excluded_lines": 0}, "missing_lines": [38, 39, 40, 41, 42, 43, 44, 45, 46, 47], "excluded_lines": []}, "save_to_cache": {"executed_lines": [], "summary": {"covered_lines": 0, "num_statements": 10, "percent_covered": 0.0, "percent_covered_display": "0", "missing_lines": 10, "excluded_lines": 0}, "missing_lines": [51, 52, 53, 54, 55, 57, 58, 59, 60, 61], "excluded_lines": []}, "encrypt_data": {"executed_lines": [], "summary": {"covered_lines": 0, "num_statements": 9, "percent_covered": 0.0, "percent_covered_display": "0", "missing_lines": 9, "excluded_lines": 0}, "missing_lines": [65, 66, 67, 68, 69, 70, 71, 72, 73], "excluded_lines": []}, "decrypt_data": {"executed_lines": [77, 80, 81, 82, 83, 84, 85], "summary": {"covered_lines": 7, "num_statements": 9, "percent_covered": 77.77777777777777, "percent_covered_display": "78", "missing_lines": 2, "excluded_lines": 0}, "missing_lines": [78, 79], "excluded_lines": []}, "load_extract_definitions": {"executed_lines": [90, 92, 96, 100, 101, 102, 103, 104, 126, 127, 128], "summary": {"covered_lines": 11, "num_statements": 23, "percent_covered": 47.82608695652174, "percent_covered_display": "48", "missing_lines": 12, "excluded_lines": 0}, "missing_lines": [93, 95, 97, 98, 105, 106, 107, 110, 116, 117, 123, 125], "excluded_lines": []}, "save_extract_definitions": {"executed_lines": [], "summary": {"covered_lines": 0, "num_statements": 19, "percent_covered": 0.0, "percent_covered_display": "0", "missing_lines": 19, "excluded_lines": 0}, "missing_lines": [132, 133, 134, 135, 136, 137, 138, 139, 140, 141, 142, 143, 144, 145, 146, 147, 148, 149, 150], "excluded_lines": []}, "fetch_direct_text": {"executed_lines": [], "summary": {"covered_lines": 0, "num_statements": 14, "percent_covered": 0.0, "percent_covered_display": "0", "missing_lines": 14, "excluded_lines": 0}, "missing_lines": [155, 156, 157, 158, 159, 160, 161, 162, 163, 164, 165, 166, 167, 168], "excluded_lines": []}, "fetch_with_jina": {"executed_lines": [], "summary": {"covered_lines": 0, "num_statements": 18, "percent_covered": 0.0, "percent_covered_display": "0", "missing_lines": 18, "excluded_lines": 0}, "missing_lines": [173, 174, 175, 176, 177, 178, 179, 180, 181, 182, 183, 184, 185, 186, 187, 188, 189, 190], "excluded_lines": []}, "fetch_with_tika": {"executed_lines": [], "summary": {"covered_lines": 0, "num_statements": 68, "percent_covered": 0.0, "percent_covered_display": "0", "missing_lines": 68, "excluded_lines": 0}, "missing_lines": [202, 203, 204, 206, 207, 209, 210, 211, 212, 213, 216, 217, 218, 220, 222, 223, 224, 225, 226, 227, 229, 231, 232, 233, 234, 235, 236, 237, 238, 239, 240, 241, 242, 243, 244, 245, 247, 249, 250, 251, 252, 253, 254, 255, 256, 257, 258, 261, 264, 265, 266, 267, 269, 270, 271, 272, 273, 274, 275, 276, 277, 278, 279, 280, 281, 282, 283, 284], "excluded_lines": []}, "verify_extract_definitions": {"executed_lines": [], "summary": {"covered_lines": 0, "num_statements": 87, "percent_covered": 0.0, "percent_covered_display": "0", "missing_lines": 87, "excluded_lines": 0}, "missing_lines": [291, 292, 293, 294, 297, 298, 300, 301, 302, 303, 304, 305, 306, 308, 309, 312, 313, 314, 315, 316, 317, 318, 320, 321, 322, 324, 325, 326, 327, 328, 329, 330, 331, 333, 334, 336, 337, 338, 339, 340, 343, 344, 345, 346, 348, 349, 350, 351, 352, 353, 354, 356, 357, 359, 360, 361, 362, 363, 364, 365, 366, 367, 369, 370, 371, 372, 373, 375, 378, 379, 380, 381, 383, 384, 386, 387, 388, 389, 390, 391, 394, 395, 396, 398, 399, 401, 402], "excluded_lines": []}, "": {"executed_lines": [2, 3, 4, 5, 6, 7, 8, 9, 10, 15, 17, 18, 23, 30, 36, 49, 63, 75, 87, 130, 152, 170, 192, 287, 405], "summary": {"covered_lines": 25, "num_statements": 26, "percent_covered": 96.15384615384616, "percent_covered_display": "96", "missing_lines": 1, "excluded_lines": 0}, "missing_lines": [19], "excluded_lines": []}}, "classes": {"": {"executed_lines": [2, 3, 4, 5, 6, 7, 8, 9, 10, 15, 17, 18, 23, 30, 36, 49, 63, 75, 77, 80, 81, 82, 83, 84, 85, 87, 90, 92, 96, 100, 101, 102, 103, 104, 126, 127, 128, 130, 152, 170, 192, 287, 405], "summary": {"covered_lines": 43, "num_statements": 299, "percent_covered": 14.381270903010034, "percent_covered_display": "14", "missing_lines": 256, "excluded_lines": 0}, "missing_lines": [19, 25, 26, 27, 28, 32, 34, 38, 39, 40, 41, 42, 43, 44, 45, 46, 47, 51, 52, 53, 54, 55, 57, 58, 59, 60, 61, 65, 66, 67, 68, 69, 70, 71, 72, 73, 78, 79, 93, 95, 97, 98, 105, 106, 107, 110, 116, 117, 123, 125, 132, 133, 134, 135, 136, 137, 138, 139, 140, 141, 142, 143, 144, 145, 146, 147, 148, 149, 150, 155, 156, 157, 158, 159, 160, 161, 162, 163, 164, 165, 166, 167, 168, 173, 174, 175, 176, 177, 178, 179, 180, 181, 182, 183, 184, 185, 186, 187, 188, 189, 190, 202, 203, 204, 206, 207, 209, 210, 211, 212, 213, 216, 217, 218, 220, 222, 223, 224, 225, 226, 227, 229, 231, 232, 233, 234, 235, 236, 237, 238, 239, 240, 241, 242, 243, 244, 245, 247, 249, 250, 251, 252, 253, 254, 255, 256, 257, 258, 261, 264, 265, 266, 267, 269, 270, 271, 272, 273, 274, 275, 276, 277, 278, 279, 280, 281, 282, 283, 284, 291, 292, 293, 294, 297, 298, 300, 301, 302, 303, 304, 305, 306, 308, 309, 312, 313, 314, 315, 316, 317, 318, 320, 321, 322, 324, 325, 326, 327, 328, 329, 330, 331, 333, 334, 336, 337, 338, 339, 340, 343, 344, 345, 346, 348, 349, 350, 351, 352, 353, 354, 356, 357, 359, 360, 361, 362, 363, 364, 365, 366, 367, 369, 370, 371, 372, 373, 375, 378, 379, 380, 381, 383, 384, 386, 387, 388, 389, 390, 391, 394, 395, 396, 398, 399, 401, 402], "excluded_lines": []}}}, "utils\\__init__.py": {"executed_lines": [0], "summary": {"covered_lines": 0, "num_statements": 0, "percent_covered": 100.0, "percent_covered_display": "100", "missing_lines": 0, "excluded_lines": 0}, "missing_lines": [], "excluded_lines": [], "functions": {"": {"executed_lines": [], "summary": {"covered_lines": 0, "num_statements": 0, "percent_covered": 100.0, "percent_covered_display": "100", "missing_lines": 0, "excluded_lines": 0}, "missing_lines": [], "excluded_lines": []}}, "classes": {"": {"executed_lines": [], "summary": {"covered_lines": 0, "num_statements": 0, "percent_covered": 100.0, "percent_covered_display": "100", "missing_lines": 0, "excluded_lines": 0}, "missing_lines": [], "excluded_lines": []}}}, "utils\\system_utils.py": {"executed_lines": [2, 3, 4, 5, 7, 8, 12, 45, 63, 75, 98, 99], "summary": {"covered_lines": 12, "num_statements": 51, "percent_covered": 23.529411764705884, "percent_covered_display": "24", "missing_lines": 39, "excluded_lines": 0}, "missing_lines": [9, 22, 25, 28, 30, 31, 33, 34, 37, 38, 39, 40, 41, 42, 43, 52, 53, 56, 59, 61, 70, 73, 77, 78, 79, 80, 81, 82, 83, 85, 86, 88, 89, 90, 91, 92, 93, 94, 95], "excluded_lines": [], "functions": {"ensure_directory_exists": {"executed_lines": [], "summary": {"covered_lines": 0, "num_statements": 14, "percent_covered": 0.0, "percent_covered_display": "0", "missing_lines": 14, "excluded_lines": 0}, "missing_lines": [22, 25, 28, 30, 31, 33, 34, 37, 38, 39, 40, 41, 42, 43], "excluded_lines": []}, "get_project_root": {"executed_lines": [], "summary": {"covered_lines": 0, "num_statements": 5, "percent_covered": 0.0, "percent_covered_display": "0", "missing_lines": 5, "excluded_lines": 0}, "missing_lines": [52, 53, 56, 59, 61], "excluded_lines": []}, "is_running_in_notebook": {"executed_lines": [], "summary": {"covered_lines": 0, "num_statements": 2, "percent_covered": 0.0, "percent_covered_display": "0", "missing_lines": 2, "excluded_lines": 0}, "missing_lines": [70, 73], "excluded_lines": []}, "check_and_install": {"executed_lines": [], "summary": {"covered_lines": 0, "num_statements": 17, "percent_covered": 0.0, "percent_covered_display": "0", "missing_lines": 17, "excluded_lines": 0}, "missing_lines": [77, 78, 79, 80, 81, 82, 83, 85, 86, 88, 89, 90, 91, 92, 93, 94, 95], "excluded_lines": []}, "": {"executed_lines": [2, 3, 4, 5, 7, 8, 12, 45, 63, 75, 98, 99], "summary": {"covered_lines": 12, "num_statements": 13, "percent_covered": 92.3076923076923, "percent_covered_display": "92", "missing_lines": 1, "excluded_lines": 0}, "missing_lines": [9], "excluded_lines": []}}, "classes": {"": {"executed_lines": [2, 3, 4, 5, 7, 8, 12, 45, 63, 75, 98, 99], "summary": {"covered_lines": 12, "num_statements": 51, "percent_covered": 23.529411764705884, "percent_covered_display": "24", "missing_lines": 39, "excluded_lines": 0}, "missing_lines": [9, 22, 25, 28, 30, 31, 33, 34, 37, 38, 39, 40, 41, 42, 43, 52, 53, 56, 59, 61, 70, 73, 77, 78, 79, 80, 81, 82, 83, 85, 86, 88, 89, 90, 91, 92, 93, 94, 95], "excluded_lines": []}}}, "utils\\test_informal_integration.py": {"executed_lines": [4, 9, 10, 11, 12, 13, 16, 17, 20, 21, 24, 26, 80], "summary": {"covered_lines": 11, "num_statements": 40, "percent_covered": 27.5, "percent_covered_display": "28", "missing_lines": 29, "excluded_lines": 3}, "missing_lines": [30, 32, 34, 37, 38, 41, 42, 45, 48, 49, 50, 53, 54, 55, 57, 58, 59, 62, 63, 65, 66, 69, 70, 72, 74, 75, 76, 77, 78], "excluded_lines": [80, 81, 82], "functions": {"test_informal_integration": {"executed_lines": [], "summary": {"covered_lines": 0, "num_statements": 29, "percent_covered": 0.0, "percent_covered_display": "0", "missing_lines": 29, "excluded_lines": 0}, "missing_lines": [30, 32, 34, 37, 38, 41, 42, 45, 48, 49, 50, 53, 54, 55, 57, 58, 59, 62, 63, 65, 66, 69, 70, 72, 74, 75, 76, 77, 78], "excluded_lines": []}, "": {"executed_lines": [4, 9, 10, 11, 12, 13, 16, 17, 20, 21, 24, 26, 80], "summary": {"covered_lines": 11, "num_statements": 11, "percent_covered": 100.0, "percent_covered_display": "100", "missing_lines": 0, "excluded_lines": 3}, "missing_lines": [], "excluded_lines": [80, 81, 82]}}, "classes": {"": {"executed_lines": [4, 9, 10, 11, 12, 13, 16, 17, 20, 21, 24, 26, 80], "summary": {"covered_lines": 11, "num_statements": 40, "percent_covered": 27.5, "percent_covered_display": "28", "missing_lines": 29, "excluded_lines": 3}, "missing_lines": [30, 32, 34, 37, 38, 41, 42, 45, 48, 49, 50, 53, 54, 55, 57, 58, 59, 62, 63, 65, 66, 69, 70, 72, 74, 75, 76, 77, 78], "excluded_lines": [80, 81, 82]}}}, "utils\\test_taxonomy_loader.py": {"executed_lines": [4, 9, 10, 11, 14, 15, 18, 20, 54], "summary": {"covered_lines": 7, "num_statements": 25, "percent_covered": 28.0, "percent_covered_display": "28", "missing_lines": 18, "excluded_lines": 3}, "missing_lines": [24, 26, 28, 29, 32, 33, 34, 37, 38, 40, 41, 42, 45, 46, 48, 50, 51, 52], "excluded_lines": [54, 55, 56], "functions": {"test_taxonomy_loader": {"executed_lines": [], "summary": {"covered_lines": 0, "num_statements": 18, "percent_covered": 0.0, "percent_covered_display": "0", "missing_lines": 18, "excluded_lines": 0}, "missing_lines": [24, 26, 28, 29, 32, 33, 34, 37, 38, 40, 41, 42, 45, 46, 48, 50, 51, 52], "excluded_lines": []}, "": {"executed_lines": [4, 9, 10, 11, 14, 15, 18, 20, 54], "summary": {"covered_lines": 7, "num_statements": 7, "percent_covered": 100.0, "percent_covered_display": "100", "missing_lines": 0, "excluded_lines": 3}, "missing_lines": [], "excluded_lines": [54, 55, 56]}}, "classes": {"": {"executed_lines": [4, 9, 10, 11, 14, 15, 18, 20, 54], "summary": {"covered_lines": 7, "num_statements": 25, "percent_covered": 28.0, "percent_covered_display": "28", "missing_lines": 18, "excluded_lines": 3}, "missing_lines": [24, 26, 28, 29, 32, 33, 34, 37, 38, 40, 41, 42, 45, 46, 48, 50, 51, 52], "excluded_lines": [54, 55, 56]}}}}, "totals": {"covered_lines": 1623, "num_statements": 9070, "percent_covered": 17.894156560088202, "percent_covered_display": "18", "missing_lines": 7447, "excluded_lines": 507}}