============================= test session starts =============================
platform win32 -- Python 3.10.18, pytest-8.4.0, pluggy-1.6.0 -- C:\Users\MYIA\.conda\envs\epita_symbolic_ai_sherlock\python.exe
cachedir: .pytest_cache
rootdir: D:\2025-Epita-Intelligence-Symbolique
configfile: pytest.ini
plugins: anyio-4.9.0, asyncio-1.0.0, cov-6.1.1, mock-3.14.1
asyncio: mode=strict, asyncio_default_fixture_loop_scope=None, asyncio_default_test_loop_scope=function
pytest : --- Logging error ---
Au caractère Ligne:1 : 218
+ ... MENT) ==='; pytest tests/integration/ -v --tb=short --ignore=tests/in ...
+                 ~~~~~~~~~~~~~~~~~~~~~~~~~~~~~~~~~~~~~~~~~~~~~~~~~~~~~~~~~
    + CategoryInfo          : NotSpecified: (--- Logging error ---:String) [], RemoteException
    + FullyQualifiedErrorId : NativeCommandError
 
Traceback (most recent call last):
  File "C:\Users\MYIA\.conda\envs\epita_symbolic_ai_sherlock\lib\logging\__init__.py", line 1103, in emit
    stream.write(msg + self.terminator)
ValueError: I/O operation on closed file.
Call stack:
  File "C:\Users\MYIA\.conda\envs\epita_symbolic_ai_sherlock\lib\runpy.py", line 196, in _run_module_as_main
    return _run_code(code, main_globals, None,
  File "C:\Users\MYIA\.conda\envs\epita_symbolic_ai_sherlock\lib\runpy.py", line 86, in _run_code
    exec(code, run_globals)
  File "C:\Users\MYIA\.conda\envs\epita_symbolic_ai_sherlock\Scripts\pytest.exe\__main__.py", line 7, in <module>
    sys.exit(console_main())
  File "C:\Users\MYIA\.conda\envs\epita_symbolic_ai_sherlock\lib\site-packages\_pytest\config\__init__.py", line 201, 
in console_main
    code = main()
  File "C:\Users\MYIA\.conda\envs\epita_symbolic_ai_sherlock\lib\site-packages\_pytest\config\__init__.py", line 175, 
in main
    ret: ExitCode | int = config.hook.pytest_cmdline_main(config=config)
  File "C:\Users\MYIA\.conda\envs\epita_symbolic_ai_sherlock\lib\site-packages\pluggy\_hooks.py", line 512, in __call__
    return self._hookexec(self.name, self._hookimpls.copy(), kwargs, firstresult)
  File "C:\Users\MYIA\.conda\envs\epita_symbolic_ai_sherlock\lib\site-packages\pluggy\_manager.py", line 120, in 
_hookexec
    return self._inner_hookexec(hook_name, methods, kwargs, firstresult)
  File "C:\Users\MYIA\.conda\envs\epita_symbolic_ai_sherlock\lib\site-packages\pluggy\_callers.py", line 121, in 
_multicall
    res = hook_impl.function(*args)
  File "C:\Users\MYIA\.conda\envs\epita_symbolic_ai_sherlock\lib\site-packages\_pytest\main.py", line 336, in 
pytest_cmdline_main
    return wrap_session(config, _main)
  File "C:\Users\MYIA\.conda\envs\epita_symbolic_ai_sherlock\lib\site-packages\_pytest\main.py", line 324, in 
wrap_session
    config.hook.pytest_sessionfinish(
  File "C:\Users\MYIA\.conda\envs\epita_symbolic_ai_sherlock\lib\site-packages\pluggy\_hooks.py", line 512, in __call__
    return self._hookexec(self.name, self._hookimpls.copy(), kwargs, firstresult)
  File "C:\Users\MYIA\.conda\envs\epita_symbolic_ai_sherlock\lib\site-packages\pluggy\_manager.py", line 120, in 
_hookexec
    return self._inner_hookexec(hook_name, methods, kwargs, firstresult)
  File "C:\Users\MYIA\.conda\envs\epita_symbolic_ai_sherlock\lib\site-packages\pluggy\_callers.py", line 121, in 
_multicall
    res = hook_impl.function(*args)
  File "D:\2025-Epita-Intelligence-Symbolique\tests\mocks\jpype_setup.py", line 296, in pytest_sessionfinish
    logger.info(f"jpype_setup.py: pytest_sessionfinish hook triggered. Exit status: {exitstatus}")
Message: 'jpype_setup.py: pytest_sessionfinish hook triggered. Exit status: 2'
Arguments: ()
--- Logging error ---
Traceback (most recent call last):
  File "C:\Users\MYIA\.conda\envs\epita_symbolic_ai_sherlock\lib\logging\__init__.py", line 1103, in emit
    stream.write(msg + self.terminator)
ValueError: I/O operation on closed file.
Call stack:
  File "C:\Users\MYIA\.conda\envs\epita_symbolic_ai_sherlock\lib\runpy.py", line 196, in _run_module_as_main
    return _run_code(code, main_globals, None,
  File "C:\Users\MYIA\.conda\envs\epita_symbolic_ai_sherlock\lib\runpy.py", line 86, in _run_code
    exec(code, run_globals)
  File "C:\Users\MYIA\.conda\envs\epita_symbolic_ai_sherlock\Scripts\pytest.exe\__main__.py", line 7, in <module>
    sys.exit(console_main())
  File "C:\Users\MYIA\.conda\envs\epita_symbolic_ai_sherlock\lib\site-packages\_pytest\config\__init__.py", line 201, 
in console_main
    code = main()
  File "C:\Users\MYIA\.conda\envs\epita_symbolic_ai_sherlock\lib\site-packages\_pytest\config\__init__.py", line 175, 
in main
    ret: ExitCode | int = config.hook.pytest_cmdline_main(config=config)
  File "C:\Users\MYIA\.conda\envs\epita_symbolic_ai_sherlock\lib\site-packages\pluggy\_hooks.py", line 512, in __call__
    return self._hookexec(self.name, self._hookimpls.copy(), kwargs, firstresult)
  File "C:\Users\MYIA\.conda\envs\epita_symbolic_ai_sherlock\lib\site-packages\pluggy\_manager.py", line 120, in 
_hookexec
    return self._inner_hookexec(hook_name, methods, kwargs, firstresult)
  File "C:\Users\MYIA\.conda\envs\epita_symbolic_ai_sherlock\lib\site-packages\pluggy\_callers.py", line 121, in 
_multicall
    res = hook_impl.function(*args)
  File "C:\Users\MYIA\.conda\envs\epita_symbolic_ai_sherlock\lib\site-packages\_pytest\main.py", line 336, in 
pytest_cmdline_main
    return wrap_session(config, _main)
  File "C:\Users\MYIA\.conda\envs\epita_symbolic_ai_sherlock\lib\site-packages\_pytest\main.py", line 324, in 
wrap_session
    config.hook.pytest_sessionfinish(
  File "C:\Users\MYIA\.conda\envs\epita_symbolic_ai_sherlock\lib\site-packages\pluggy\_hooks.py", line 512, in __call__
    return self._hookexec(self.name, self._hookimpls.copy(), kwargs, firstresult)
  File "C:\Users\MYIA\.conda\envs\epita_symbolic_ai_sherlock\lib\site-packages\pluggy\_manager.py", line 120, in 
_hookexec
    return self._inner_hookexec(hook_name, methods, kwargs, firstresult)
  File "C:\Users\MYIA\.conda\envs\epita_symbolic_ai_sherlock\lib\site-packages\pluggy\_callers.py", line 121, in 
_multicall
    res = hook_impl.function(*args)
  File "D:\2025-Epita-Intelligence-Symbolique\tests\mocks\jpype_setup.py", line 302, in pytest_sessionfinish
    logger.info("   pytest_sessionfinish: sys.modules['jpype'] IS _REAL_JPYPE_MODULE. Le vrai JPype a potentiellement 
�t� utilis�.")
Message: "   pytest_sessionfinish: sys.modules['jpype'] IS _REAL_JPYPE_MODULE. Le vrai JPype a potentiellement �t� 
utilis�."
Arguments: ()
--- Logging error ---
Traceback (most recent call last):
  File "C:\Users\MYIA\.conda\envs\epita_symbolic_ai_sherlock\lib\logging\__init__.py", line 1103, in emit
    stream.write(msg + self.terminator)
ValueError: I/O operation on closed file.
Call stack:
  File "C:\Users\MYIA\.conda\envs\epita_symbolic_ai_sherlock\lib\runpy.py", line 196, in _run_module_as_main
    return _run_code(code, main_globals, None,
  File "C:\Users\MYIA\.conda\envs\epita_symbolic_ai_sherlock\lib\runpy.py", line 86, in _run_code
    exec(code, run_globals)
  File "C:\Users\MYIA\.conda\envs\epita_symbolic_ai_sherlock\Scripts\pytest.exe\__main__.py", line 7, in <module>
    sys.exit(console_main())
  File "C:\Users\MYIA\.conda\envs\epita_symbolic_ai_sherlock\lib\site-packages\_pytest\config\__init__.py", line 201, 
in console_main
    code = main()
  File "C:\Users\MYIA\.conda\envs\epita_symbolic_ai_sherlock\lib\site-packages\_pytest\config\__init__.py", line 175, 
in main
    ret: ExitCode | int = config.hook.pytest_cmdline_main(config=config)
  File "C:\Users\MYIA\.conda\envs\epita_symbolic_ai_sherlock\lib\site-packages\pluggy\_hooks.py", line 512, in __call__
    return self._hookexec(self.name, self._hookimpls.copy(), kwargs, firstresult)
  File "C:\Users\MYIA\.conda\envs\epita_symbolic_ai_sherlock\lib\site-packages\pluggy\_manager.py", line 120, in 
_hookexec
    return self._inner_hookexec(hook_name, methods, kwargs, firstresult)
  File "C:\Users\MYIA\.conda\envs\epita_symbolic_ai_sherlock\lib\site-packages\pluggy\_callers.py", line 121, in 
_multicall
    res = hook_impl.function(*args)
  File "C:\Users\MYIA\.conda\envs\epita_symbolic_ai_sherlock\lib\site-packages\_pytest\main.py", line 336, in 
pytest_cmdline_main
    return wrap_session(config, _main)
  File "C:\Users\MYIA\.conda\envs\epita_symbolic_ai_sherlock\lib\site-packages\_pytest\main.py", line 324, in 
wrap_session
    config.hook.pytest_sessionfinish(
  File "C:\Users\MYIA\.conda\envs\epita_symbolic_ai_sherlock\lib\site-packages\pluggy\_hooks.py", line 512, in __call__
    return self._hookexec(self.name, self._hookimpls.copy(), kwargs, firstresult)
  File "C:\Users\MYIA\.conda\envs\epita_symbolic_ai_sherlock\lib\site-packages\pluggy\_manager.py", line 120, in 
_hookexec
    return self._inner_hookexec(hook_name, methods, kwargs, firstresult)
  File "C:\Users\MYIA\.conda\envs\epita_symbolic_ai_sherlock\lib\site-packages\pluggy\_callers.py", line 121, in 
_multicall
    res = hook_impl.function(*args)
  File "D:\2025-Epita-Intelligence-Symbolique\tests\mocks\jpype_setup.py", line 311, in pytest_sessionfinish
    logger.info("   pytest_sessionfinish: Tentative d'arr�t de la JVM via shutdown_jvm_if_needed() car le vrai JPype a 
potentiellement �t� utilis�.")
Message: "   pytest_sessionfinish: Tentative d'arr�t de la JVM via shutdown_jvm_if_needed() car le vrai JPype a 
potentiellement �t� utilis�."
Arguments: ()
--- Logging error ---
Traceback (most recent call last):
  File "C:\Users\MYIA\.conda\envs\epita_symbolic_ai_sherlock\lib\logging\__init__.py", line 1103, in emit
    stream.write(msg + self.terminator)
ValueError: I/O operation on closed file.
Call stack:
  File "C:\Users\MYIA\.conda\envs\epita_symbolic_ai_sherlock\lib\runpy.py", line 196, in _run_module_as_main
    return _run_code(code, main_globals, None,
  File "C:\Users\MYIA\.conda\envs\epita_symbolic_ai_sherlock\lib\runpy.py", line 86, in _run_code
    exec(code, run_globals)
  File "C:\Users\MYIA\.conda\envs\epita_symbolic_ai_sherlock\Scripts\pytest.exe\__main__.py", line 7, in <module>
    sys.exit(console_main())
  File "C:\Users\MYIA\.conda\envs\epita_symbolic_ai_sherlock\lib\site-packages\_pytest\config\__init__.py", line 201, 
in console_main
    code = main()
  File "C:\Users\MYIA\.conda\envs\epita_symbolic_ai_sherlock\lib\site-packages\_pytest\config\__init__.py", line 175, 
in main
    ret: ExitCode | int = config.hook.pytest_cmdline_main(config=config)
  File "C:\Users\MYIA\.conda\envs\epita_symbolic_ai_sherlock\lib\site-packages\pluggy\_hooks.py", line 512, in __call__
    return self._hookexec(self.name, self._hookimpls.copy(), kwargs, firstresult)
  File "C:\Users\MYIA\.conda\envs\epita_symbolic_ai_sherlock\lib\site-packages\pluggy\_manager.py", line 120, in 
_hookexec
    return self._inner_hookexec(hook_name, methods, kwargs, firstresult)
  File "C:\Users\MYIA\.conda\envs\epita_symbolic_ai_sherlock\lib\site-packages\pluggy\_callers.py", line 121, in 
_multicall
    res = hook_impl.function(*args)
  File "C:\Users\MYIA\.conda\envs\epita_symbolic_ai_sherlock\lib\site-packages\_pytest\main.py", line 336, in 
pytest_cmdline_main
    return wrap_session(config, _main)
  File "C:\Users\MYIA\.conda\envs\epita_symbolic_ai_sherlock\lib\site-packages\_pytest\main.py", line 324, in 
wrap_session
    config.hook.pytest_sessionfinish(
  File "C:\Users\MYIA\.conda\envs\epita_symbolic_ai_sherlock\lib\site-packages\pluggy\_hooks.py", line 512, in __call__
    return self._hookexec(self.name, self._hookimpls.copy(), kwargs, firstresult)
  File "C:\Users\MYIA\.conda\envs\epita_symbolic_ai_sherlock\lib\site-packages\pluggy\_manager.py", line 120, in 
_hookexec
    return self._inner_hookexec(hook_name, methods, kwargs, firstresult)
  File "C:\Users\MYIA\.conda\envs\epita_symbolic_ai_sherlock\lib\site-packages\pluggy\_callers.py", line 121, in 
_multicall
    res = hook_impl.function(*args)
  File "D:\2025-Epita-Intelligence-Symbolique\tests\mocks\jpype_setup.py", line 319, in pytest_sessionfinish
    shutdown_jvm_if_needed() # Appel de notre fonction centralis�e
  File "D:\2025-Epita-Intelligence-Symbolique\argumentation_analysis\core\jvm_setup.py", line 247, in 
shutdown_jvm_if_needed
    _safe_log(logger, logging.INFO, "JVM_SETUP: Appel de shutdown_jvm_if_needed.")
  File "D:\2025-Epita-Intelligence-Symbolique\argumentation_analysis\core\jvm_setup.py", line 214, in _safe_log
    logger_instance.info(message)
Message: 'JVM_SETUP: Appel de shutdown_jvm_if_needed.'
Arguments: ()
--- Logging error ---
Traceback (most recent call last):
  File "C:\Users\MYIA\.conda\envs\epita_symbolic_ai_sherlock\lib\logging\__init__.py", line 1103, in emit
    stream.write(msg + self.terminator)
ValueError: I/O operation on closed file.
Call stack:
  File "C:\Users\MYIA\.conda\envs\epita_symbolic_ai_sherlock\lib\runpy.py", line 196, in _run_module_as_main
    return _run_code(code, main_globals, None,
  File "C:\Users\MYIA\.conda\envs\epita_symbolic_ai_sherlock\lib\runpy.py", line 86, in _run_code
    exec(code, run_globals)
  File "C:\Users\MYIA\.conda\envs\epita_symbolic_ai_sherlock\Scripts\pytest.exe\__main__.py", line 7, in <module>
    sys.exit(console_main())
  File "C:\Users\MYIA\.conda\envs\epita_symbolic_ai_sherlock\lib\site-packages\_pytest\config\__init__.py", line 201, 
in console_main
    code = main()
  File "C:\Users\MYIA\.conda\envs\epita_symbolic_ai_sherlock\lib\site-packages\_pytest\config\__init__.py", line 175, 
in main
    ret: ExitCode | int = config.hook.pytest_cmdline_main(config=config)
  File "C:\Users\MYIA\.conda\envs\epita_symbolic_ai_sherlock\lib\site-packages\pluggy\_hooks.py", line 512, in __call__
    return self._hookexec(self.name, self._hookimpls.copy(), kwargs, firstresult)
  File "C:\Users\MYIA\.conda\envs\epita_symbolic_ai_sherlock\lib\site-packages\pluggy\_manager.py", line 120, in 
_hookexec
    return self._inner_hookexec(hook_name, methods, kwargs, firstresult)
  File "C:\Users\MYIA\.conda\envs\epita_symbolic_ai_sherlock\lib\site-packages\pluggy\_callers.py", line 121, in 
_multicall
    res = hook_impl.function(*args)
  File "C:\Users\MYIA\.conda\envs\epita_symbolic_ai_sherlock\lib\site-packages\_pytest\main.py", line 336, in 
pytest_cmdline_main
    return wrap_session(config, _main)
  File "C:\Users\MYIA\.conda\envs\epita_symbolic_ai_sherlock\lib\site-packages\_pytest\main.py", line 324, in 
wrap_session
    config.hook.pytest_sessionfinish(
  File "C:\Users\MYIA\.conda\envs\epita_symbolic_ai_sherlock\lib\site-packages\pluggy\_hooks.py", line 512, in __call__
    return self._hookexec(self.name, self._hookimpls.copy(), kwargs, firstresult)
  File "C:\Users\MYIA\.conda\envs\epita_symbolic_ai_sherlock\lib\site-packages\pluggy\_manager.py", line 120, in 
_hookexec
    return self._inner_hookexec(hook_name, methods, kwargs, firstresult)
  File "C:\Users\MYIA\.conda\envs\epita_symbolic_ai_sherlock\lib\site-packages\pluggy\_callers.py", line 121, in 
_multicall
    res = hook_impl.function(*args)
  File "D:\2025-Epita-Intelligence-Symbolique\tests\mocks\jpype_setup.py", line 319, in pytest_sessionfinish
    shutdown_jvm_if_needed() # Appel de notre fonction centralis�e
  File "D:\2025-Epita-Intelligence-Symbolique\argumentation_analysis\core\jvm_setup.py", line 254, in 
shutdown_jvm_if_needed
    _safe_log(logger, logging.INFO, f"JVM_SETUP: JVM n'�tait pas d�marr�e. Aucun arr�t n�cessaire. isJVMStarted: 
{jpype.isJVMStarted()}")
  File "D:\2025-Epita-Intelligence-Symbolique\argumentation_analysis\core\jvm_setup.py", line 214, in _safe_log
    logger_instance.info(message)
Message: "JVM_SETUP: JVM n'�tait pas d�marr�e. Aucun arr�t n�cessaire. isJVMStarted: False"
Arguments: ()
--- Logging error ---
Traceback (most recent call last):
  File "C:\Users\MYIA\.conda\envs\epita_symbolic_ai_sherlock\lib\logging\__init__.py", line 1103, in emit
    stream.write(msg + self.terminator)
ValueError: I/O operation on closed file.
Call stack:
  File "C:\Users\MYIA\.conda\envs\epita_symbolic_ai_sherlock\lib\runpy.py", line 196, in _run_module_as_main
    return _run_code(code, main_globals, None,
  File "C:\Users\MYIA\.conda\envs\epita_symbolic_ai_sherlock\lib\runpy.py", line 86, in _run_code
    exec(code, run_globals)
  File "C:\Users\MYIA\.conda\envs\epita_symbolic_ai_sherlock\Scripts\pytest.exe\__main__.py", line 7, in <module>
    sys.exit(console_main())
  File "C:\Users\MYIA\.conda\envs\epita_symbolic_ai_sherlock\lib\site-packages\_pytest\config\__init__.py", line 201, 
in console_main
    code = main()
  File "C:\Users\MYIA\.conda\envs\epita_symbolic_ai_sherlock\lib\site-packages\_pytest\config\__init__.py", line 175, 
in main
    ret: ExitCode | int = config.hook.pytest_cmdline_main(config=config)
  File "C:\Users\MYIA\.conda\envs\epita_symbolic_ai_sherlock\lib\site-packages\pluggy\_hooks.py", line 512, in __call__
    return self._hookexec(self.name, self._hookimpls.copy(), kwargs, firstresult)
  File "C:\Users\MYIA\.conda\envs\epita_symbolic_ai_sherlock\lib\site-packages\pluggy\_manager.py", line 120, in 
_hookexec
    return self._inner_hookexec(hook_name, methods, kwargs, firstresult)
  File "C:\Users\MYIA\.conda\envs\epita_symbolic_ai_sherlock\lib\site-packages\pluggy\_callers.py", line 121, in 
_multicall
    res = hook_impl.function(*args)
  File "C:\Users\MYIA\.conda\envs\epita_symbolic_ai_sherlock\lib\site-packages\_pytest\main.py", line 336, in 
pytest_cmdline_main
    return wrap_session(config, _main)
  File "C:\Users\MYIA\.conda\envs\epita_symbolic_ai_sherlock\lib\site-packages\_pytest\main.py", line 324, in 
wrap_session
    config.hook.pytest_sessionfinish(
  File "C:\Users\MYIA\.conda\envs\epita_symbolic_ai_sherlock\lib\site-packages\pluggy\_hooks.py", line 512, in __call__
    return self._hookexec(self.name, self._hookimpls.copy(), kwargs, firstresult)
  File "C:\Users\MYIA\.conda\envs\epita_symbolic_ai_sherlock\lib\site-packages\pluggy\_manager.py", line 120, in 
_hookexec
    return self._inner_hookexec(hook_name, methods, kwargs, firstresult)
  File "C:\Users\MYIA\.conda\envs\epita_symbolic_ai_sherlock\lib\site-packages\pluggy\_callers.py", line 121, in 
_multicall
    res = hook_impl.function(*args)
  File "D:\2025-Epita-Intelligence-Symbolique\tests\mocks\jpype_setup.py", line 335, in pytest_sessionfinish
    logger.info("   pytest_sessionfinish: V�rification de l'�tat de la JVM apr�s tentative d'arr�t.")
Message: "   pytest_sessionfinish: V�rification de l'�tat de la JVM apr�s tentative d'arr�t."
Arguments: ()
--- Logging error ---
Traceback (most recent call last):
  File "C:\Users\MYIA\.conda\envs\epita_symbolic_ai_sherlock\lib\logging\__init__.py", line 1103, in emit
    stream.write(msg + self.terminator)
ValueError: I/O operation on closed file.
Call stack:
  File "C:\Users\MYIA\.conda\envs\epita_symbolic_ai_sherlock\lib\runpy.py", line 196, in _run_module_as_main
    return _run_code(code, main_globals, None,
  File "C:\Users\MYIA\.conda\envs\epita_symbolic_ai_sherlock\lib\runpy.py", line 86, in _run_code
    exec(code, run_globals)
  File "C:\Users\MYIA\.conda\envs\epita_symbolic_ai_sherlock\Scripts\pytest.exe\__main__.py", line 7, in <module>
    sys.exit(console_main())
  File "C:\Users\MYIA\.conda\envs\epita_symbolic_ai_sherlock\lib\site-packages\_pytest\config\__init__.py", line 201, 
in console_main
    code = main()
  File "C:\Users\MYIA\.conda\envs\epita_symbolic_ai_sherlock\lib\site-packages\_pytest\config\__init__.py", line 175, 
in main
    ret: ExitCode | int = config.hook.pytest_cmdline_main(config=config)
  File "C:\Users\MYIA\.conda\envs\epita_symbolic_ai_sherlock\lib\site-packages\pluggy\_hooks.py", line 512, in __call__
    return self._hookexec(self.name, self._hookimpls.copy(), kwargs, firstresult)
  File "C:\Users\MYIA\.conda\envs\epita_symbolic_ai_sherlock\lib\site-packages\pluggy\_manager.py", line 120, in 
_hookexec
    return self._inner_hookexec(hook_name, methods, kwargs, firstresult)
  File "C:\Users\MYIA\.conda\envs\epita_symbolic_ai_sherlock\lib\site-packages\pluggy\_callers.py", line 121, in 
_multicall
    res = hook_impl.function(*args)
  File "C:\Users\MYIA\.conda\envs\epita_symbolic_ai_sherlock\lib\site-packages\_pytest\main.py", line 336, in 
pytest_cmdline_main
    return wrap_session(config, _main)
  File "C:\Users\MYIA\.conda\envs\epita_symbolic_ai_sherlock\lib\site-packages\_pytest\main.py", line 324, in 
wrap_session
    config.hook.pytest_sessionfinish(
  File "C:\Users\MYIA\.conda\envs\epita_symbolic_ai_sherlock\lib\site-packages\pluggy\_hooks.py", line 512, in __call__
    return self._hookexec(self.name, self._hookimpls.copy(), kwargs, firstresult)
  File "C:\Users\MYIA\.conda\envs\epita_symbolic_ai_sherlock\lib\site-packages\pluggy\_manager.py", line 120, in 
_hookexec
    return self._inner_hookexec(hook_name, methods, kwargs, firstresult)
  File "C:\Users\MYIA\.conda\envs\epita_symbolic_ai_sherlock\lib\site-packages\pluggy\_callers.py", line 121, in 
_multicall
    res = hook_impl.function(*args)
  File "D:\2025-Epita-Intelligence-Symbolique\tests\mocks\jpype_setup.py", line 350, in pytest_sessionfinish
    logger.info(f"   pytest_sessionfinish: JVM encore d�marr�e apr�s tentative d'arr�t: 
{jvm_still_started_after_shutdown_attempt}")
Message: "   pytest_sessionfinish: JVM encore d�marr�e apr�s tentative d'arr�t: False"
Arguments: ()
--- Logging error ---
Traceback (most recent call last):
  File "C:\Users\MYIA\.conda\envs\epita_symbolic_ai_sherlock\lib\logging\__init__.py", line 1103, in emit
    stream.write(msg + self.terminator)
ValueError: I/O operation on closed file.
Call stack:
  File "C:\Users\MYIA\.conda\envs\epita_symbolic_ai_sherlock\lib\runpy.py", line 196, in _run_module_as_main
    return _run_code(code, main_globals, None,
  File "C:\Users\MYIA\.conda\envs\epita_symbolic_ai_sherlock\lib\runpy.py", line 86, in _run_code
    exec(code, run_globals)
  File "C:\Users\MYIA\.conda\envs\epita_symbolic_ai_sherlock\Scripts\pytest.exe\__main__.py", line 7, in <module>
    sys.exit(console_main())
  File "C:\Users\MYIA\.conda\envs\epita_symbolic_ai_sherlock\lib\site-packages\_pytest\config\__init__.py", line 201, 
in console_main
    code = main()
  File "C:\Users\MYIA\.conda\envs\epita_symbolic_ai_sherlock\lib\site-packages\_pytest\config\__init__.py", line 175, 
in main
    ret: ExitCode | int = config.hook.pytest_cmdline_main(config=config)
  File "C:\Users\MYIA\.conda\envs\epita_symbolic_ai_sherlock\lib\site-packages\pluggy\_hooks.py", line 512, in __call__
    return self._hookexec(self.name, self._hookimpls.copy(), kwargs, firstresult)
  File "C:\Users\MYIA\.conda\envs\epita_symbolic_ai_sherlock\lib\site-packages\pluggy\_manager.py", line 120, in 
_hookexec
    return self._inner_hookexec(hook_name, methods, kwargs, firstresult)
  File "C:\Users\MYIA\.conda\envs\epita_symbolic_ai_sherlock\lib\site-packages\pluggy\_callers.py", line 121, in 
_multicall
    res = hook_impl.function(*args)
  File "C:\Users\MYIA\.conda\envs\epita_symbolic_ai_sherlock\lib\site-packages\_pytest\main.py", line 336, in 
pytest_cmdline_main
    return wrap_session(config, _main)
  File "C:\Users\MYIA\.conda\envs\epita_symbolic_ai_sherlock\lib\site-packages\_pytest\main.py", line 324, in 
wrap_session
    config.hook.pytest_sessionfinish(
  File "C:\Users\MYIA\.conda\envs\epita_symbolic_ai_sherlock\lib\site-packages\pluggy\_hooks.py", line 512, in __call__
    return self._hookexec(self.name, self._hookimpls.copy(), kwargs, firstresult)
  File "C:\Users\MYIA\.conda\envs\epita_symbolic_ai_sherlock\lib\site-packages\pluggy\_manager.py", line 120, in 
_hookexec
    return self._inner_hookexec(hook_name, methods, kwargs, firstresult)
  File "C:\Users\MYIA\.conda\envs\epita_symbolic_ai_sherlock\lib\site-packages\pluggy\_callers.py", line 121, in 
_multicall
    res = hook_impl.function(*args)
  File "D:\2025-Epita-Intelligence-Symbolique\tests\mocks\jpype_setup.py", line 355, in pytest_sessionfinish
    logger.info(f"   pytest_sessionfinish: destroy_jvm est False (selon config): {destroy_jvm_is_false}")
Message: '   pytest_sessionfinish: destroy_jvm est False (selon config): False'
Arguments: ()
--- Logging error ---
Traceback (most recent call last):
  File "C:\Users\MYIA\.conda\envs\epita_symbolic_ai_sherlock\lib\logging\__init__.py", line 1103, in emit
    stream.write(msg + self.terminator)
ValueError: I/O operation on closed file.
Call stack:
  File "C:\Users\MYIA\.conda\envs\epita_symbolic_ai_sherlock\lib\runpy.py", line 196, in _run_module_as_main
    return _run_code(code, main_globals, None,
  File "C:\Users\MYIA\.conda\envs\epita_symbolic_ai_sherlock\lib\runpy.py", line 86, in _run_code
    exec(code, run_globals)
  File "C:\Users\MYIA\.conda\envs\epita_symbolic_ai_sherlock\Scripts\pytest.exe\__main__.py", line 7, in <module>
    sys.exit(console_main())
  File "C:\Users\MYIA\.conda\envs\epita_symbolic_ai_sherlock\lib\site-packages\_pytest\config\__init__.py", line 201, 
in console_main
    code = main()
  File "C:\Users\MYIA\.conda\envs\epita_symbolic_ai_sherlock\lib\site-packages\_pytest\config\__init__.py", line 175, 
in main
    ret: ExitCode | int = config.hook.pytest_cmdline_main(config=config)
  File "C:\Users\MYIA\.conda\envs\epita_symbolic_ai_sherlock\lib\site-packages\pluggy\_hooks.py", line 512, in __call__
    return self._hookexec(self.name, self._hookimpls.copy(), kwargs, firstresult)
  File "C:\Users\MYIA\.conda\envs\epita_symbolic_ai_sherlock\lib\site-packages\pluggy\_manager.py", line 120, in 
_hookexec
    return self._inner_hookexec(hook_name, methods, kwargs, firstresult)
  File "C:\Users\MYIA\.conda\envs\epita_symbolic_ai_sherlock\lib\site-packages\pluggy\_callers.py", line 121, in 
_multicall
    res = hook_impl.function(*args)
  File "C:\Users\MYIA\.conda\envs\epita_symbolic_ai_sherlock\lib\site-packages\_pytest\main.py", line 336, in 
pytest_cmdline_main
    return wrap_session(config, _main)
  File "C:\Users\MYIA\.conda\envs\epita_symbolic_ai_sherlock\lib\site-packages\_pytest\main.py", line 324, in 
wrap_session
    config.hook.pytest_sessionfinish(
  File "C:\Users\MYIA\.conda\envs\epita_symbolic_ai_sherlock\lib\site-packages\pluggy\_hooks.py", line 512, in __call__
    return self._hookexec(self.name, self._hookimpls.copy(), kwargs, firstresult)
  File "C:\Users\MYIA\.conda\envs\epita_symbolic_ai_sherlock\lib\site-packages\pluggy\_manager.py", line 120, in 
_hookexec
    return self._inner_hookexec(hook_name, methods, kwargs, firstresult)
  File "C:\Users\MYIA\.conda\envs\epita_symbolic_ai_sherlock\lib\site-packages\pluggy\_callers.py", line 121, in 
_multicall
    res = hook_impl.function(*args)
  File "D:\2025-Epita-Intelligence-Symbolique\tests\mocks\jpype_setup.py", line 372, in pytest_sessionfinish
    logger.info("   pytest_sessionfinish: JVM non d�marr�e ou destroy_jvm est True. Pas de gestion sp�ciale de 
sys.modules pour atexit depuis ici.")
Message: '   pytest_sessionfinish: JVM non d�marr�e ou destroy_jvm est True. Pas de gestion sp�ciale de sys.modules 
pour atexit depuis ici.'
Arguments: ()
collecting ... collected 117 items / 1 error

=================================== ERRORS ====================================
_ ERROR collecting tests/integration/test_sherlock_watson_moriarty_real_gpt.py _
ImportError while importing test module 'D:\2025-Epita-Intelligence-Symbolique\tests\integration\test_sherlock_watson_moriarty_real_gpt.py'.
Hint: make sure your test modules/packages have valid Python names.
Traceback:
C:\Users\MYIA\.conda\envs\epita_symbolic_ai_sherlock\lib\importlib\__init__.py:126: in import_module
    return _bootstrap._gcd_import(name[level:], package, level)
tests\integration\test_sherlock_watson_moriarty_real_gpt.py:20: in <module>
    from semantic_kernel.services.openai import OpenAIChatCompletion
E   ModuleNotFoundError: No module named 'semantic_kernel.services.openai'
============================== warnings summary ===============================
tests\integration\jpype_tweety\test_advanced_reasoning.py:21
  D:\2025-Epita-Intelligence-Symbolique\tests\integration\jpype_tweety\test_advanced_reasoning.py:21: PytestUnknownMarkWarning: Unknown pytest.mark.real_jpype - is this a typo?  You can register custom marks to avoid this warning - for details, see https://docs.pytest.org/en/stable/how-to/mark.html
    @pytest.mark.real_jpype

tests\integration\jpype_tweety\test_agent_integration.py:5
  D:\2025-Epita-Intelligence-Symbolique\tests\integration\jpype_tweety\test_agent_integration.py:5: PytestUnknownMarkWarning: Unknown pytest.mark.real_jpype - is this a typo?  You can register custom marks to avoid this warning - for details, see https://docs.pytest.org/en/stable/how-to/mark.html
    @pytest.mark.real_jpype

tests\integration\jpype_tweety\test_argumentation_frameworks.py:5
  D:\2025-Epita-Intelligence-Symbolique\tests\integration\jpype_tweety\test_argumentation_frameworks.py:5: PytestUnknownMarkWarning: Unknown pytest.mark.real_jpype - is this a typo?  You can register custom marks to avoid this warning - for details, see https://docs.pytest.org/en/stable/how-to/mark.html
    @pytest.mark.real_jpype

tests\integration\jpype_tweety\test_belief_revision.py:5
  D:\2025-Epita-Intelligence-Symbolique\tests\integration\jpype_tweety\test_belief_revision.py:5: PytestUnknownMarkWarning: Unknown pytest.mark.real_jpype - is this a typo?  You can register custom marks to avoid this warning - for details, see https://docs.pytest.org/en/stable/how-to/mark.html
    @pytest.mark.real_jpype

tests\integration\jpype_tweety\test_jvm_stability.py:6
  D:\2025-Epita-Intelligence-Symbolique\tests\integration\jpype_tweety\test_jvm_stability.py:6: PytestUnknownMarkWarning: Unknown pytest.mark.real_jpype - is this a typo?  You can register custom marks to avoid this warning - for details, see https://docs.pytest.org/en/stable/how-to/mark.html
    @pytest.mark.real_jpype

tests\integration\jpype_tweety\test_theory_operations.py:8
  D:\2025-Epita-Intelligence-Symbolique\tests\integration\jpype_tweety\test_theory_operations.py:8: PytestUnknownMarkWarning: Unknown pytest.mark.real_jpype - is this a typo?  You can register custom marks to avoid this warning - for details, see https://docs.pytest.org/en/stable/how-to/mark.html
    @pytest.mark.real_jpype

tests\integration\test_cluedo_oracle_enhanced_real.py:90
  D:\2025-Epita-Intelligence-Symbolique\tests\integration\test_cluedo_oracle_enhanced_real.py:90: PytestUnknownMarkWarning: Unknown pytest.mark.real_gpt - is this a typo?  You can register custom marks to avoid this warning - for details, see https://docs.pytest.org/en/stable/how-to/mark.html
    @pytest.mark.real_gpt

tests\integration\test_cluedo_oracle_enhanced_real.py:346
  D:\2025-Epita-Intelligence-Symbolique\tests\integration\test_cluedo_oracle_enhanced_real.py:346: PytestUnknownMarkWarning: Unknown pytest.mark.real_gpt - is this a typo?  You can register custom marks to avoid this warning - for details, see https://docs.pytest.org/en/stable/how-to/mark.html
    @pytest.mark.real_gpt

tests\integration\test_cluedo_oracle_enhanced_real.py:445
  D:\2025-Epita-Intelligence-Symbolique\tests\integration\test_cluedo_oracle_enhanced_real.py:445: PytestUnknownMarkWarning: Unknown pytest.mark.real_gpt - is this a typo?  You can register custom marks to avoid this warning - for details, see https://docs.pytest.org/en/stable/how-to/mark.html
    @pytest.mark.real_gpt

tests\integration\test_cluedo_oracle_enhanced_real.py:446
  D:\2025-Epita-Intelligence-Symbolique\tests\integration\test_cluedo_oracle_enhanced_real.py:446: PytestUnknownMarkWarning: Unknown pytest.mark.performance - is this a typo?  You can register custom marks to avoid this warning - for details, see https://docs.pytest.org/en/stable/how-to/mark.html
    @pytest.mark.performance

tests\integration\test_einstein_demo_real.py:115
  D:\2025-Epita-Intelligence-Symbolique\tests\integration\test_einstein_demo_real.py:115: PytestUnknownMarkWarning: Unknown pytest.mark.real_gpt - is this a typo?  You can register custom marks to avoid this warning - for details, see https://docs.pytest.org/en/stable/how-to/mark.html
    @pytest.mark.real_gpt

tests\integration\test_einstein_demo_real.py:356
  D:\2025-Epita-Intelligence-Symbolique\tests\integration\test_einstein_demo_real.py:356: PytestUnknownMarkWarning: Unknown pytest.mark.real_gpt - is this a typo?  You can register custom marks to avoid this warning - for details, see https://docs.pytest.org/en/stable/how-to/mark.html
    @pytest.mark.real_gpt

tests\integration\test_einstein_demo_real.py:454
  D:\2025-Epita-Intelligence-Symbolique\tests\integration\test_einstein_demo_real.py:454: PytestUnknownMarkWarning: Unknown pytest.mark.real_gpt - is this a typo?  You can register custom marks to avoid this warning - for details, see https://docs.pytest.org/en/stable/how-to/mark.html
    @pytest.mark.real_gpt

tests\integration\test_einstein_demo_real.py:455
  D:\2025-Epita-Intelligence-Symbolique\tests\integration\test_einstein_demo_real.py:455: PytestUnknownMarkWarning: Unknown pytest.mark.performance - is this a typo?  You can register custom marks to avoid this warning - for details, see https://docs.pytest.org/en/stable/how-to/mark.html
    @pytest.mark.performance

C:\Users\MYIA\.conda\envs\epita_symbolic_ai_sherlock\lib\site-packages\pydantic\_internal\_config.py:291
  C:\Users\MYIA\.conda\envs\epita_symbolic_ai_sherlock\lib\site-packages\pydantic\_internal\_config.py:291: PydanticDeprecatedSince20: Support for class-based `config` is deprecated, use ConfigDict instead. Deprecated in Pydantic V2.0 to be removed in V3.0. See Pydantic V2 Migration Guide at https://errors.pydantic.dev/2.9/migration/
    warnings.warn(DEPRECATION_MESSAGE, DeprecationWarning)

C:\Users\MYIA\.conda\envs\epita_symbolic_ai_sherlock\lib\site-packages\pydantic\_internal\_config.py:341
  C:\Users\MYIA\.conda\envs\epita_symbolic_ai_sherlock\lib\site-packages\pydantic\_internal\_config.py:341: UserWarning: Valid config keys have changed in V2:
  * 'allow_population_by_field_name' has been renamed to 'populate_by_name'
    warnings.warn(message, UserWarning)

-- Docs: https://docs.pytest.org/en/stable/how-to/capture-warnings.html
=========================== short test summary info ===========================
ERROR tests/integration/test_sherlock_watson_moriarty_real_gpt.py
!!!!!!!!!!!!!!!!!!! Interrupted: 1 error during collection !!!!!!!!!!!!!!!!!!!!
======================== 16 warnings, 1 error in 2.93s ========================
